2025-05-04 18:40:47,289 - INFO - Using device: cuda
2025-05-04 18:40:47,291 - INFO - Found 137 valid image-label pairs
2025-05-04 18:40:47,509 - INFO - Starting training at 2025-05-04 18:40:47.509185
2025-05-04 18:40:48,813 - INFO - Epoch 1/80 - Train Loss: 0.047549, Val Loss: 0.051864
2025-05-04 18:40:48,871 - INFO - New best model saved with validation loss: 0.0519
2025-05-04 18:40:49,888 - INFO - Epoch 2/80 - Train Loss: 0.030476, Val Loss: 0.036340
2025-05-04 18:40:50,027 - INFO - New best model saved with validation loss: 0.0363
2025-05-04 18:40:51,121 - INFO - Epoch 3/80 - Train Loss: 0.025793, Val Loss: 0.025675
2025-05-04 18:40:51,281 - INFO - New best model saved with validation loss: 0.0257
2025-05-04 18:40:52,418 - INFO - Epoch 4/80 - Train Loss: 0.022281, Val Loss: 0.018883
2025-05-04 18:40:52,563 - INFO - New best model saved with validation loss: 0.0189
2025-05-04 18:40:53,595 - INFO - Epoch 5/80 - Train Loss: 0.020558, Val Loss: 0.013694
2025-05-04 18:40:54,560 - INFO - New best model saved with validation loss: 0.0137
2025-05-04 18:40:55,618 - INFO - Epoch 6/80 - Train Loss: 0.018672, Val Loss: 0.010401
2025-05-04 18:40:55,775 - INFO - New best model saved with validation loss: 0.0104
2025-05-04 18:40:57,062 - INFO - Epoch 7/80 - Train Loss: 0.017644, Val Loss: 0.008658
2025-05-04 18:40:57,257 - INFO - New best model saved with validation loss: 0.0087
2025-05-04 18:40:58,456 - INFO - Epoch 8/80 - Train Loss: 0.017354, Val Loss: 0.007395
2025-05-04 18:40:58,594 - INFO - New best model saved with validation loss: 0.0074
2025-05-04 18:40:59,652 - INFO - Epoch 9/80 - Train Loss: 0.015490, Val Loss: 0.007019
2025-05-04 18:40:59,798 - INFO - New best model saved with validation loss: 0.0070
2025-05-04 18:41:00,826 - INFO - Epoch 10/80 - Train Loss: 0.016082, Val Loss: 0.006266
2025-05-04 18:41:01,750 - INFO - New best model saved with validation loss: 0.0063
2025-05-04 18:41:02,826 - INFO - Epoch 11/80 - Train Loss: 0.014079, Val Loss: 0.005794
2025-05-04 18:41:02,968 - INFO - New best model saved with validation loss: 0.0058
2025-05-04 18:41:03,977 - INFO - Epoch 12/80 - Train Loss: 0.013802, Val Loss: 0.005466
2025-05-04 18:41:04,121 - INFO - New best model saved with validation loss: 0.0055
2025-05-04 18:41:05,378 - INFO - Epoch 13/80 - Train Loss: 0.012171, Val Loss: 0.004817
2025-05-04 18:41:05,523 - INFO - New best model saved with validation loss: 0.0048
2025-05-04 18:41:06,586 - INFO - Epoch 14/80 - Train Loss: 0.012287, Val Loss: 0.004365
2025-05-04 18:41:06,730 - INFO - New best model saved with validation loss: 0.0044
2025-05-04 18:41:07,806 - INFO - Epoch 15/80 - Train Loss: 0.012903, Val Loss: 0.004319
2025-05-04 18:41:08,668 - INFO - New best model saved with validation loss: 0.0043
2025-05-04 18:41:09,713 - INFO - Epoch 16/80 - Train Loss: 0.012072, Val Loss: 0.003968
2025-05-04 18:41:09,861 - INFO - New best model saved with validation loss: 0.0040
2025-05-04 18:41:10,899 - INFO - Epoch 17/80 - Train Loss: 0.010811, Val Loss: 0.003717
2025-05-04 18:41:11,044 - INFO - New best model saved with validation loss: 0.0037
2025-05-04 18:41:12,108 - INFO - Epoch 18/80 - Train Loss: 0.010454, Val Loss: 0.003633
2025-05-04 18:41:12,255 - INFO - New best model saved with validation loss: 0.0036
2025-05-04 18:41:13,298 - INFO - Epoch 19/80 - Train Loss: 0.009927, Val Loss: 0.003661
2025-05-04 18:41:13,298 - INFO - Early stopping counter: 1/7
2025-05-04 18:41:14,324 - INFO - Epoch 20/80 - Train Loss: 0.008360, Val Loss: 0.003183
2025-05-04 18:41:15,300 - INFO - New best model saved with validation loss: 0.0032
2025-05-04 18:41:16,367 - INFO - Epoch 21/80 - Train Loss: 0.008792, Val Loss: 0.002953
2025-05-04 18:41:16,518 - INFO - New best model saved with validation loss: 0.0030
2025-05-04 18:41:17,573 - INFO - Epoch 22/80 - Train Loss: 0.008091, Val Loss: 0.003059
2025-05-04 18:41:17,573 - INFO - Early stopping counter: 1/7
2025-05-04 18:41:18,651 - INFO - Epoch 23/80 - Train Loss: 0.008475, Val Loss: 0.002848
2025-05-04 18:41:18,799 - INFO - New best model saved with validation loss: 0.0028
2025-05-04 18:41:19,809 - INFO - Epoch 24/80 - Train Loss: 0.009589, Val Loss: 0.002795
2025-05-04 18:41:19,956 - INFO - New best model saved with validation loss: 0.0028
2025-05-04 18:41:20,991 - INFO - Epoch 25/80 - Train Loss: 0.008027, Val Loss: 0.002604
2025-05-04 18:41:21,856 - INFO - New best model saved with validation loss: 0.0026
2025-05-04 18:41:22,943 - INFO - Epoch 26/80 - Train Loss: 0.008676, Val Loss: 0.002647
2025-05-04 18:41:22,943 - INFO - Early stopping counter: 1/7
2025-05-04 18:41:23,961 - INFO - Epoch 27/80 - Train Loss: 0.007435, Val Loss: 0.002616
2025-05-04 18:41:23,961 - INFO - Early stopping counter: 2/7
2025-05-04 18:41:24,958 - INFO - Epoch 28/80 - Train Loss: 0.007816, Val Loss: 0.002466
2025-05-04 18:41:25,099 - INFO - New best model saved with validation loss: 0.0025
2025-05-04 18:41:26,113 - INFO - Epoch 29/80 - Train Loss: 0.007411, Val Loss: 0.002390
2025-05-04 18:41:26,259 - INFO - New best model saved with validation loss: 0.0024
2025-05-04 18:41:27,292 - INFO - Epoch 30/80 - Train Loss: 0.007868, Val Loss: 0.002466
2025-05-04 18:41:28,013 - INFO - Early stopping counter: 1/7
2025-05-04 18:41:29,044 - INFO - Epoch 31/80 - Train Loss: 0.007799, Val Loss: 0.002417
2025-05-04 18:41:29,044 - INFO - Early stopping counter: 2/7
2025-05-04 18:41:30,073 - INFO - Epoch 32/80 - Train Loss: 0.007614, Val Loss: 0.002522
2025-05-04 18:41:30,074 - INFO - Early stopping counter: 3/7
2025-05-04 18:41:31,153 - INFO - Epoch 33/80 - Train Loss: 0.007765, Val Loss: 0.002277
2025-05-04 18:41:31,341 - INFO - New best model saved with validation loss: 0.0023
2025-05-04 18:41:32,431 - INFO - Epoch 34/80 - Train Loss: 0.007003, Val Loss: 0.002101
2025-05-04 18:41:32,623 - INFO - New best model saved with validation loss: 0.0021
2025-05-04 18:41:33,673 - INFO - Epoch 35/80 - Train Loss: 0.005781, Val Loss: 0.002265
2025-05-04 18:41:34,419 - INFO - Early stopping counter: 1/7
2025-05-04 18:41:35,453 - INFO - Epoch 36/80 - Train Loss: 0.006421, Val Loss: 0.002100
2025-05-04 18:41:35,596 - INFO - New best model saved with validation loss: 0.0021
2025-05-04 18:41:36,677 - INFO - Epoch 37/80 - Train Loss: 0.006625, Val Loss: 0.002090
2025-05-04 18:41:36,824 - INFO - New best model saved with validation loss: 0.0021
2025-05-04 18:41:37,934 - INFO - Epoch 38/80 - Train Loss: 0.005992, Val Loss: 0.001982
2025-05-04 18:41:38,094 - INFO - New best model saved with validation loss: 0.0020
2025-05-04 18:41:39,219 - INFO - Epoch 39/80 - Train Loss: 0.006445, Val Loss: 0.002302
2025-05-04 18:41:39,219 - INFO - Early stopping counter: 1/7
2025-05-04 18:41:40,318 - INFO - Epoch 40/80 - Train Loss: 0.005772, Val Loss: 0.002152
2025-05-04 18:41:41,062 - INFO - Early stopping counter: 2/7
2025-05-04 18:41:42,107 - INFO - Epoch 41/80 - Train Loss: 0.006001, Val Loss: 0.002101
2025-05-04 18:41:42,107 - INFO - Early stopping counter: 3/7
2025-05-04 18:41:43,100 - INFO - Epoch 42/80 - Train Loss: 0.005748, Val Loss: 0.001909
2025-05-04 18:41:43,246 - INFO - New best model saved with validation loss: 0.0019
2025-05-04 18:41:44,302 - INFO - Epoch 43/80 - Train Loss: 0.006191, Val Loss: 0.001919
2025-05-04 18:41:44,302 - INFO - Early stopping counter: 1/7
2025-05-04 18:41:45,331 - INFO - Epoch 44/80 - Train Loss: 0.005636, Val Loss: 0.001798
2025-05-04 18:41:45,461 - INFO - New best model saved with validation loss: 0.0018
2025-05-04 18:41:46,515 - INFO - Epoch 45/80 - Train Loss: 0.005463, Val Loss: 0.001849
2025-05-04 18:41:47,251 - INFO - Early stopping counter: 1/7
2025-05-04 18:41:48,391 - INFO - Epoch 46/80 - Train Loss: 0.005535, Val Loss: 0.001709
2025-05-04 18:41:48,536 - INFO - New best model saved with validation loss: 0.0017
2025-05-04 18:41:49,619 - INFO - Epoch 47/80 - Train Loss: 0.004986, Val Loss: 0.002082
2025-05-04 18:41:49,619 - INFO - Early stopping counter: 1/7
2025-05-04 18:41:50,674 - INFO - Epoch 48/80 - Train Loss: 0.006001, Val Loss: 0.001941
2025-05-04 18:41:50,674 - INFO - Early stopping counter: 2/7
2025-05-04 18:41:51,899 - INFO - Epoch 49/80 - Train Loss: 0.005269, Val Loss: 0.002004
2025-05-04 18:41:51,899 - INFO - Early stopping counter: 3/7
2025-05-04 18:41:52,949 - INFO - Epoch 50/80 - Train Loss: 0.005899, Val Loss: 0.001916
2025-05-04 18:41:53,846 - INFO - Early stopping counter: 4/7
2025-05-04 18:41:54,925 - INFO - Epoch 51/80 - Train Loss: 0.005370, Val Loss: 0.001813
2025-05-04 18:41:54,925 - INFO - Early stopping counter: 5/7
2025-05-04 18:41:56,008 - INFO - Epoch 52/80 - Train Loss: 0.005240, Val Loss: 0.001800
2025-05-04 18:41:56,008 - INFO - Early stopping counter: 6/7
2025-05-04 18:41:57,335 - INFO - Epoch 53/80 - Train Loss: 0.005831, Val Loss: 0.001760
2025-05-04 18:41:57,336 - INFO - Early stopping counter: 7/7
2025-05-04 18:41:57,336 - INFO - Early stopping triggered
2025-05-04 18:41:57,336 - INFO - Early stopping triggered
2025-05-04 18:41:57,336 - INFO - Training completed in 0:01:09.827031
2025-05-04 18:41:57,410 - INFO - Final model saved to output_keypoints/final_model.pth
2025-05-04 18:44:29,672 - INFO - Using device: cuda
2025-05-04 18:44:29,674 - INFO - Found 137 valid image-label pairs
2025-05-04 18:44:29,868 - INFO - Starting training at 2025-05-04 18:44:29.868884
2025-05-04 18:45:05,345 - INFO - Using device: cuda
2025-05-04 18:45:05,348 - INFO - Found 137 valid image-label pairs
2025-05-04 18:45:05,811 - INFO - Starting training at 2025-05-04 18:45:05.811455
2025-05-04 18:45:09,746 - INFO - Epoch 1/80 - Train Loss: 0.032032, Val Loss: 0.033273
2025-05-04 18:45:09,971 - INFO - New best model saved with validation loss: 0.0333
2025-05-04 18:45:13,711 - INFO - Epoch 2/80 - Train Loss: 0.021573, Val Loss: 0.014448
2025-05-04 18:45:14,250 - INFO - New best model saved with validation loss: 0.0144
2025-05-04 18:45:17,865 - INFO - Epoch 3/80 - Train Loss: 0.017853, Val Loss: 0.008264
2025-05-04 18:45:18,403 - INFO - New best model saved with validation loss: 0.0083
2025-05-04 18:45:22,132 - INFO - Epoch 4/80 - Train Loss: 0.014503, Val Loss: 0.006341
2025-05-04 18:45:22,666 - INFO - New best model saved with validation loss: 0.0063
2025-05-04 18:45:26,431 - INFO - Epoch 5/80 - Train Loss: 0.013275, Val Loss: 0.005394
2025-05-04 18:45:27,888 - INFO - New best model saved with validation loss: 0.0054
2025-05-04 18:45:31,569 - INFO - Epoch 6/80 - Train Loss: 0.012404, Val Loss: 0.005368
2025-05-04 18:45:32,107 - INFO - New best model saved with validation loss: 0.0054
2025-05-04 18:45:35,915 - INFO - Epoch 7/80 - Train Loss: 0.012117, Val Loss: 0.004009
2025-05-04 18:45:36,435 - INFO - New best model saved with validation loss: 0.0040
2025-05-04 18:45:40,135 - INFO - Epoch 8/80 - Train Loss: 0.010469, Val Loss: 0.004120
2025-05-04 18:45:40,135 - INFO - Early stopping counter: 1/7
2025-05-04 18:45:43,879 - INFO - Epoch 9/80 - Train Loss: 0.009929, Val Loss: 0.003417
2025-05-04 18:45:44,427 - INFO - New best model saved with validation loss: 0.0034
2025-05-04 18:45:48,092 - INFO - Epoch 10/80 - Train Loss: 0.010084, Val Loss: 0.003276
2025-05-04 18:45:49,555 - INFO - New best model saved with validation loss: 0.0033
2025-05-04 18:45:53,599 - INFO - Epoch 11/80 - Train Loss: 0.009121, Val Loss: 0.002776
2025-05-04 18:45:54,158 - INFO - New best model saved with validation loss: 0.0028
2025-05-04 18:45:58,283 - INFO - Epoch 12/80 - Train Loss: 0.008944, Val Loss: 0.002797
2025-05-04 18:45:58,283 - INFO - Early stopping counter: 1/7
2025-05-04 18:46:02,102 - INFO - Epoch 13/80 - Train Loss: 0.007844, Val Loss: 0.002731
2025-05-04 18:46:02,640 - INFO - New best model saved with validation loss: 0.0027
2025-05-04 18:46:06,637 - INFO - Epoch 14/80 - Train Loss: 0.008738, Val Loss: 0.002550
2025-05-04 18:46:07,166 - INFO - New best model saved with validation loss: 0.0025
2025-05-04 18:46:10,917 - INFO - Epoch 15/80 - Train Loss: 0.007612, Val Loss: 0.002346
2025-05-04 18:46:12,307 - INFO - New best model saved with validation loss: 0.0023
2025-05-04 18:46:16,030 - INFO - Epoch 16/80 - Train Loss: 0.008388, Val Loss: 0.002320
2025-05-04 18:46:16,580 - INFO - New best model saved with validation loss: 0.0023
2025-05-04 18:46:20,373 - INFO - Epoch 17/80 - Train Loss: 0.007253, Val Loss: 0.001903
2025-05-04 18:46:20,915 - INFO - New best model saved with validation loss: 0.0019
2025-05-04 18:46:24,600 - INFO - Epoch 18/80 - Train Loss: 0.007386, Val Loss: 0.002332
2025-05-04 18:46:24,600 - INFO - Early stopping counter: 1/7
2025-05-04 18:46:28,292 - INFO - Epoch 19/80 - Train Loss: 0.007038, Val Loss: 0.002171
2025-05-04 18:46:28,292 - INFO - Early stopping counter: 2/7
2025-05-04 18:46:32,027 - INFO - Epoch 20/80 - Train Loss: 0.007283, Val Loss: 0.002112
2025-05-04 18:46:32,978 - INFO - Early stopping counter: 3/7
2025-05-04 18:46:36,870 - INFO - Epoch 21/80 - Train Loss: 0.006972, Val Loss: 0.002344
2025-05-04 18:46:36,870 - INFO - Early stopping counter: 4/7
2025-05-04 18:46:40,745 - INFO - Epoch 22/80 - Train Loss: 0.006901, Val Loss: 0.002165
2025-05-04 18:46:40,745 - INFO - Early stopping counter: 5/7
2025-05-04 18:46:44,481 - INFO - Epoch 23/80 - Train Loss: 0.006349, Val Loss: 0.001914
2025-05-04 18:46:44,481 - INFO - Early stopping counter: 6/7
2025-05-04 18:46:48,153 - INFO - Epoch 24/80 - Train Loss: 0.006184, Val Loss: 0.001938
2025-05-04 18:46:48,153 - INFO - Early stopping counter: 7/7
2025-05-04 18:46:48,153 - INFO - Early stopping triggered
2025-05-04 18:46:48,153 - INFO - Early stopping triggered
2025-05-04 18:46:48,153 - INFO - Training completed in 0:01:42.342062
2025-05-04 18:46:48,366 - INFO - Final model saved to output/final_model.pth
2025-05-04 18:49:00,192 - INFO - Using device: cuda
2025-05-04 18:49:00,195 - INFO - Found 137 valid image-label pairs
2025-05-04 18:49:00,417 - INFO - Starting training at 2025-05-04 18:49:00.417851
2025-05-04 18:49:01,818 - INFO - Epoch 1/80 - Train Loss: 0.042037, Val Loss: 0.041131
2025-05-04 18:49:01,877 - INFO - New best model saved with validation loss: 0.0411
2025-05-04 18:49:02,970 - INFO - Epoch 2/80 - Train Loss: 0.027127, Val Loss: 0.020046
2025-05-04 18:49:03,103 - INFO - New best model saved with validation loss: 0.0200
2025-05-04 18:49:04,171 - INFO - Epoch 3/80 - Train Loss: 0.023018, Val Loss: 0.011747
2025-05-04 18:49:04,315 - INFO - New best model saved with validation loss: 0.0117
2025-05-04 18:49:05,567 - INFO - Epoch 4/80 - Train Loss: 0.019744, Val Loss: 0.009440
2025-05-04 18:49:05,719 - INFO - New best model saved with validation loss: 0.0094
2025-05-04 18:49:06,820 - INFO - Epoch 5/80 - Train Loss: 0.016397, Val Loss: 0.007708
2025-05-04 18:49:07,763 - INFO - New best model saved with validation loss: 0.0077
2025-05-04 18:49:08,911 - INFO - Epoch 6/80 - Train Loss: 0.016565, Val Loss: 0.007018
2025-05-04 18:49:09,106 - INFO - New best model saved with validation loss: 0.0070
2025-05-04 18:49:10,187 - INFO - Epoch 7/80 - Train Loss: 0.013708, Val Loss: 0.006206
2025-05-04 18:49:10,334 - INFO - New best model saved with validation loss: 0.0062
2025-05-04 18:49:11,474 - INFO - Epoch 8/80 - Train Loss: 0.012752, Val Loss: 0.004873
2025-05-04 18:49:11,621 - INFO - New best model saved with validation loss: 0.0049
2025-05-04 18:49:12,727 - INFO - Epoch 9/80 - Train Loss: 0.013384, Val Loss: 0.004883
2025-05-04 18:49:12,728 - INFO - Early stopping counter: 1/7
2025-05-04 18:49:13,872 - INFO - Epoch 10/80 - Train Loss: 0.012151, Val Loss: 0.004245
2025-05-04 18:49:14,825 - INFO - New best model saved with validation loss: 0.0042
2025-05-04 18:49:15,883 - INFO - Epoch 11/80 - Train Loss: 0.011461, Val Loss: 0.003757
2025-05-04 18:49:16,034 - INFO - New best model saved with validation loss: 0.0038
2025-05-04 18:49:17,115 - INFO - Epoch 12/80 - Train Loss: 0.010712, Val Loss: 0.003495
2025-05-04 18:49:17,255 - INFO - New best model saved with validation loss: 0.0035
2025-05-04 18:49:18,297 - INFO - Epoch 13/80 - Train Loss: 0.010551, Val Loss: 0.002966
2025-05-04 18:49:18,439 - INFO - New best model saved with validation loss: 0.0030
2025-05-04 18:49:19,618 - INFO - Epoch 14/80 - Train Loss: 0.009713, Val Loss: 0.003171
2025-05-04 18:49:19,619 - INFO - Early stopping counter: 1/7
2025-05-04 18:49:20,658 - INFO - Epoch 15/80 - Train Loss: 0.009635, Val Loss: 0.003133
2025-05-04 18:49:21,528 - INFO - Early stopping counter: 2/7
2025-05-04 18:49:22,973 - INFO - Epoch 16/80 - Train Loss: 0.009088, Val Loss: 0.002926
2025-05-04 18:49:23,115 - INFO - New best model saved with validation loss: 0.0029
2025-05-04 18:49:24,259 - INFO - Epoch 17/80 - Train Loss: 0.007838, Val Loss: 0.002607
2025-05-04 18:49:24,396 - INFO - New best model saved with validation loss: 0.0026
2025-05-04 18:49:25,523 - INFO - Epoch 18/80 - Train Loss: 0.008052, Val Loss: 0.002504
2025-05-04 18:49:25,663 - INFO - New best model saved with validation loss: 0.0025
2025-05-04 18:49:26,810 - INFO - Epoch 19/80 - Train Loss: 0.007852, Val Loss: 0.002490
2025-05-04 18:49:26,953 - INFO - New best model saved with validation loss: 0.0025
2025-05-04 18:49:28,176 - INFO - Epoch 20/80 - Train Loss: 0.008670, Val Loss: 0.002371
2025-05-04 18:49:29,231 - INFO - New best model saved with validation loss: 0.0024
2025-05-04 18:49:30,264 - INFO - Epoch 21/80 - Train Loss: 0.007393, Val Loss: 0.002290
2025-05-04 18:49:30,414 - INFO - New best model saved with validation loss: 0.0023
2025-05-04 18:49:31,501 - INFO - Epoch 22/80 - Train Loss: 0.006307, Val Loss: 0.002451
2025-05-04 18:49:31,501 - INFO - Early stopping counter: 1/7
2025-05-04 18:49:32,577 - INFO - Epoch 23/80 - Train Loss: 0.007622, Val Loss: 0.002442
2025-05-04 18:49:32,577 - INFO - Early stopping counter: 2/7
2025-05-04 18:49:33,620 - INFO - Epoch 24/80 - Train Loss: 0.006902, Val Loss: 0.002555
2025-05-04 18:49:33,620 - INFO - Early stopping counter: 3/7
2025-05-04 18:49:34,704 - INFO - Epoch 25/80 - Train Loss: 0.006395, Val Loss: 0.002319
2025-05-04 18:49:35,443 - INFO - Early stopping counter: 4/7
2025-05-04 18:49:36,494 - INFO - Epoch 26/80 - Train Loss: 0.006422, Val Loss: 0.002145
2025-05-04 18:49:36,641 - INFO - New best model saved with validation loss: 0.0021
2025-05-04 18:49:37,729 - INFO - Epoch 27/80 - Train Loss: 0.006668, Val Loss: 0.002237
2025-05-04 18:49:37,729 - INFO - Early stopping counter: 1/7
2025-05-04 18:49:38,827 - INFO - Epoch 28/80 - Train Loss: 0.006173, Val Loss: 0.002012
2025-05-04 18:49:38,969 - INFO - New best model saved with validation loss: 0.0020
2025-05-04 18:49:40,076 - INFO - Epoch 29/80 - Train Loss: 0.006628, Val Loss: 0.002163
2025-05-04 18:49:40,076 - INFO - Early stopping counter: 1/7
2025-05-04 18:49:41,126 - INFO - Epoch 30/80 - Train Loss: 0.006480, Val Loss: 0.002112
2025-05-04 18:49:41,872 - INFO - Early stopping counter: 2/7
2025-05-04 18:49:42,937 - INFO - Epoch 31/80 - Train Loss: 0.005935, Val Loss: 0.002050
2025-05-04 18:49:42,937 - INFO - Early stopping counter: 3/7
2025-05-04 18:49:44,005 - INFO - Epoch 32/80 - Train Loss: 0.006361, Val Loss: 0.002046
2025-05-04 18:49:44,006 - INFO - Early stopping counter: 4/7
2025-05-04 18:49:45,122 - INFO - Epoch 33/80 - Train Loss: 0.006162, Val Loss: 0.002022
2025-05-04 18:49:45,123 - INFO - Early stopping counter: 5/7
2025-05-04 18:49:46,213 - INFO - Epoch 34/80 - Train Loss: 0.006213, Val Loss: 0.001913
2025-05-04 18:49:46,380 - INFO - New best model saved with validation loss: 0.0019
2025-05-04 18:49:47,476 - INFO - Epoch 35/80 - Train Loss: 0.005523, Val Loss: 0.001913
2025-05-04 18:49:48,206 - INFO - Early stopping counter: 1/7
2025-05-04 18:49:49,295 - INFO - Epoch 36/80 - Train Loss: 0.005902, Val Loss: 0.001987
2025-05-04 18:49:49,295 - INFO - Early stopping counter: 2/7
2025-05-04 18:49:50,410 - INFO - Epoch 37/80 - Train Loss: 0.005703, Val Loss: 0.001889
2025-05-04 18:49:50,556 - INFO - New best model saved with validation loss: 0.0019
2025-05-04 18:49:51,846 - INFO - Epoch 38/80 - Train Loss: 0.005652, Val Loss: 0.001879
2025-05-04 18:49:52,346 - INFO - New best model saved with validation loss: 0.0019
2025-05-04 18:49:53,419 - INFO - Epoch 39/80 - Train Loss: 0.004983, Val Loss: 0.001930
2025-05-04 18:49:53,419 - INFO - Early stopping counter: 1/7
2025-05-04 18:49:54,592 - INFO - Epoch 40/80 - Train Loss: 0.005338, Val Loss: 0.001926
2025-05-04 18:49:55,379 - INFO - Early stopping counter: 2/7
2025-05-04 18:49:56,608 - INFO - Epoch 41/80 - Train Loss: 0.005252, Val Loss: 0.001880
2025-05-04 18:49:56,608 - INFO - Early stopping counter: 3/7
2025-05-04 18:49:58,018 - INFO - Epoch 42/80 - Train Loss: 0.005183, Val Loss: 0.001800
2025-05-04 18:49:58,177 - INFO - New best model saved with validation loss: 0.0018
2025-05-04 18:49:59,388 - INFO - Epoch 43/80 - Train Loss: 0.005605, Val Loss: 0.001785
2025-05-04 18:49:59,550 - INFO - New best model saved with validation loss: 0.0018
2025-05-04 18:50:00,658 - INFO - Epoch 44/80 - Train Loss: 0.005645, Val Loss: 0.001885
2025-05-04 18:50:00,658 - INFO - Early stopping counter: 1/7
2025-05-04 18:50:01,823 - INFO - Epoch 45/80 - Train Loss: 0.005231, Val Loss: 0.001784
2025-05-04 18:50:02,850 - INFO - New best model saved with validation loss: 0.0018
2025-05-04 18:50:04,285 - INFO - Epoch 46/80 - Train Loss: 0.005411, Val Loss: 0.001800
2025-05-04 18:50:04,285 - INFO - Early stopping counter: 1/7
2025-05-04 18:50:05,602 - INFO - Epoch 47/80 - Train Loss: 0.005235, Val Loss: 0.001766
2025-05-04 18:50:05,772 - INFO - New best model saved with validation loss: 0.0018
2025-05-04 18:50:07,059 - INFO - Epoch 48/80 - Train Loss: 0.005194, Val Loss: 0.001751
2025-05-04 18:50:07,213 - INFO - New best model saved with validation loss: 0.0018
2025-05-04 18:50:08,487 - INFO - Epoch 49/80 - Train Loss: 0.005364, Val Loss: 0.001656
2025-05-04 18:50:08,638 - INFO - New best model saved with validation loss: 0.0017
2025-05-04 18:50:09,897 - INFO - Epoch 50/80 - Train Loss: 0.005730, Val Loss: 0.001878
2025-05-04 18:50:10,913 - INFO - Early stopping counter: 1/7
2025-05-04 18:50:12,119 - INFO - Epoch 51/80 - Train Loss: 0.004790, Val Loss: 0.001811
2025-05-04 18:50:12,119 - INFO - Early stopping counter: 2/7
2025-05-04 18:50:13,290 - INFO - Epoch 52/80 - Train Loss: 0.005071, Val Loss: 0.001692
2025-05-04 18:50:13,291 - INFO - Early stopping counter: 3/7
2025-05-04 18:50:14,450 - INFO - Epoch 53/80 - Train Loss: 0.005225, Val Loss: 0.001748
2025-05-04 18:50:14,451 - INFO - Early stopping counter: 4/7
2025-05-04 18:50:15,659 - INFO - Epoch 54/80 - Train Loss: 0.005091, Val Loss: 0.001708
2025-05-04 18:50:15,659 - INFO - Early stopping counter: 5/7
2025-05-04 18:50:16,894 - INFO - Epoch 55/80 - Train Loss: 0.005346, Val Loss: 0.001677
2025-05-04 18:50:17,697 - INFO - Early stopping counter: 6/7
2025-05-04 18:50:18,932 - INFO - Epoch 56/80 - Train Loss: 0.004956, Val Loss: 0.001768
2025-05-04 18:50:18,932 - INFO - Early stopping counter: 7/7
2025-05-04 18:50:18,932 - INFO - Early stopping triggered
2025-05-04 18:50:18,932 - INFO - Early stopping triggered
2025-05-04 18:50:18,932 - INFO - Training completed in 0:01:18.515054
2025-05-04 18:50:18,997 - INFO - Final model saved to output/final_model.pth
2025-05-04 18:50:24,379 - INFO - Processados 470 frames
2025-05-04 18:58:30,835 - INFO - Using device: cuda
2025-05-04 18:58:30,838 - INFO - Found 137 valid image-label pairs
2025-05-04 18:58:31,055 - INFO - Starting training at 2025-05-04 18:58:31.055530
2025-05-04 18:58:33,430 - INFO - Epoch 1/80 - Train Loss: 0.065760, Val Loss: 0.067823
2025-05-04 18:58:33,591 - INFO - New best model saved with validation loss: 0.0678
2025-05-04 18:58:35,371 - INFO - Epoch 2/80 - Train Loss: 0.064263, Val Loss: 0.066558
2025-05-04 18:58:35,524 - INFO - New best model saved with validation loss: 0.0666
2025-05-04 18:58:37,350 - INFO - Epoch 3/80 - Train Loss: 0.062582, Val Loss: 0.065288
2025-05-04 18:58:37,504 - INFO - New best model saved with validation loss: 0.0653
2025-05-04 18:58:39,328 - INFO - Epoch 4/80 - Train Loss: 0.062012, Val Loss: 0.064028
2025-05-04 18:58:39,561 - INFO - New best model saved with validation loss: 0.0640
2025-05-04 18:58:41,369 - INFO - Epoch 5/80 - Train Loss: 0.062439, Val Loss: 0.062962
2025-05-04 18:58:42,381 - INFO - New best model saved with validation loss: 0.0630
2025-05-04 18:58:44,189 - INFO - Epoch 6/80 - Train Loss: 0.060340, Val Loss: 0.061305
2025-05-04 18:58:44,339 - INFO - New best model saved with validation loss: 0.0613
2025-05-04 18:58:46,168 - INFO - Epoch 7/80 - Train Loss: 0.060821, Val Loss: 0.060897
2025-05-04 18:58:46,332 - INFO - New best model saved with validation loss: 0.0609
2025-05-04 18:58:48,195 - INFO - Epoch 8/80 - Train Loss: 0.058865, Val Loss: 0.059635
2025-05-04 18:58:48,357 - INFO - New best model saved with validation loss: 0.0596
2025-05-04 18:58:50,225 - INFO - Epoch 9/80 - Train Loss: 0.056778, Val Loss: 0.058834
2025-05-04 18:58:50,380 - INFO - New best model saved with validation loss: 0.0588
2025-05-04 18:58:52,224 - INFO - Epoch 10/80 - Train Loss: 0.056528, Val Loss: 0.057987
2025-05-04 18:58:53,170 - INFO - New best model saved with validation loss: 0.0580
2025-05-04 18:58:55,014 - INFO - Epoch 11/80 - Train Loss: 0.053761, Val Loss: 0.056816
2025-05-04 18:58:55,169 - INFO - New best model saved with validation loss: 0.0568
2025-05-04 18:58:57,033 - INFO - Epoch 12/80 - Train Loss: 0.054791, Val Loss: 0.054860
2025-05-04 18:58:57,182 - INFO - New best model saved with validation loss: 0.0549
2025-05-04 18:58:59,070 - INFO - Epoch 13/80 - Train Loss: 0.053855, Val Loss: 0.053787
2025-05-04 18:58:59,226 - INFO - New best model saved with validation loss: 0.0538
2025-05-04 18:59:01,108 - INFO - Epoch 14/80 - Train Loss: 0.051515, Val Loss: 0.053393
2025-05-04 18:59:01,264 - INFO - New best model saved with validation loss: 0.0534
2025-05-04 18:59:03,129 - INFO - Epoch 15/80 - Train Loss: 0.051588, Val Loss: 0.052837
2025-05-04 18:59:04,058 - INFO - New best model saved with validation loss: 0.0528
2025-05-04 18:59:05,903 - INFO - Epoch 16/80 - Train Loss: 0.050897, Val Loss: 0.051359
2025-05-04 18:59:06,058 - INFO - New best model saved with validation loss: 0.0514
2025-05-04 18:59:07,870 - INFO - Epoch 17/80 - Train Loss: 0.049649, Val Loss: 0.049885
2025-05-04 18:59:08,027 - INFO - New best model saved with validation loss: 0.0499
2025-05-04 18:59:09,866 - INFO - Epoch 18/80 - Train Loss: 0.049158, Val Loss: 0.048732
2025-05-04 18:59:10,038 - INFO - New best model saved with validation loss: 0.0487
2025-05-04 18:59:11,873 - INFO - Epoch 19/80 - Train Loss: 0.049372, Val Loss: 0.048708
2025-05-04 18:59:12,039 - INFO - New best model saved with validation loss: 0.0487
2025-05-04 18:59:13,954 - INFO - Epoch 20/80 - Train Loss: 0.048635, Val Loss: 0.047266
2025-05-04 18:59:14,947 - INFO - New best model saved with validation loss: 0.0473
2025-05-04 18:59:16,723 - INFO - Epoch 21/80 - Train Loss: 0.046748, Val Loss: 0.045749
2025-05-04 18:59:16,875 - INFO - New best model saved with validation loss: 0.0457
2025-05-04 18:59:18,799 - INFO - Epoch 22/80 - Train Loss: 0.046012, Val Loss: 0.044595
2025-05-04 18:59:18,956 - INFO - New best model saved with validation loss: 0.0446
2025-05-04 18:59:20,842 - INFO - Epoch 23/80 - Train Loss: 0.045718, Val Loss: 0.043089
2025-05-04 18:59:21,001 - INFO - New best model saved with validation loss: 0.0431
2025-05-04 18:59:22,856 - INFO - Epoch 24/80 - Train Loss: 0.044588, Val Loss: 0.042400
2025-05-04 18:59:23,017 - INFO - New best model saved with validation loss: 0.0424
2025-05-04 18:59:24,850 - INFO - Epoch 25/80 - Train Loss: 0.042841, Val Loss: 0.042590
2025-05-04 18:59:25,621 - INFO - Early stopping counter: 1/7
2025-05-04 18:59:27,460 - INFO - Epoch 26/80 - Train Loss: 0.042244, Val Loss: 0.042411
2025-05-04 18:59:27,461 - INFO - Early stopping counter: 2/7
2025-05-04 18:59:29,371 - INFO - Epoch 27/80 - Train Loss: 0.042231, Val Loss: 0.041459
2025-05-04 18:59:29,533 - INFO - New best model saved with validation loss: 0.0415
2025-05-04 18:59:31,369 - INFO - Epoch 28/80 - Train Loss: 0.041099, Val Loss: 0.041160
2025-05-04 18:59:31,540 - INFO - New best model saved with validation loss: 0.0412
2025-05-04 18:59:33,564 - INFO - Epoch 29/80 - Train Loss: 0.039389, Val Loss: 0.040925
2025-05-04 18:59:33,726 - INFO - New best model saved with validation loss: 0.0409
2025-05-04 18:59:35,711 - INFO - Epoch 30/80 - Train Loss: 0.040402, Val Loss: 0.039928
2025-05-04 18:59:36,694 - INFO - New best model saved with validation loss: 0.0399
2025-05-04 18:59:38,653 - INFO - Epoch 31/80 - Train Loss: 0.040667, Val Loss: 0.038969
2025-05-04 18:59:38,826 - INFO - New best model saved with validation loss: 0.0390
2025-05-04 18:59:40,858 - INFO - Epoch 32/80 - Train Loss: 0.039222, Val Loss: 0.040168
2025-05-04 18:59:40,859 - INFO - Early stopping counter: 1/7
2025-05-04 18:59:42,892 - INFO - Epoch 33/80 - Train Loss: 0.038855, Val Loss: 0.038418
2025-05-04 18:59:43,056 - INFO - New best model saved with validation loss: 0.0384
2025-05-04 18:59:45,025 - INFO - Epoch 34/80 - Train Loss: 0.039534, Val Loss: 0.038170
2025-05-04 18:59:45,200 - INFO - New best model saved with validation loss: 0.0382
2025-05-04 18:59:47,219 - INFO - Epoch 35/80 - Train Loss: 0.038549, Val Loss: 0.038483
2025-05-04 18:59:48,013 - INFO - Early stopping counter: 1/7
2025-05-04 18:59:49,913 - INFO - Epoch 36/80 - Train Loss: 0.038957, Val Loss: 0.036534
2025-05-04 18:59:50,070 - INFO - New best model saved with validation loss: 0.0365
2025-05-04 18:59:51,948 - INFO - Epoch 37/80 - Train Loss: 0.037407, Val Loss: 0.036863
2025-05-04 18:59:51,948 - INFO - Early stopping counter: 1/7
2025-05-04 18:59:53,763 - INFO - Epoch 38/80 - Train Loss: 0.037371, Val Loss: 0.036616
2025-05-04 18:59:53,763 - INFO - Early stopping counter: 2/7
2025-05-04 18:59:55,576 - INFO - Epoch 39/80 - Train Loss: 0.036016, Val Loss: 0.035234
2025-05-04 18:59:55,733 - INFO - New best model saved with validation loss: 0.0352
2025-05-04 18:59:57,755 - INFO - Epoch 40/80 - Train Loss: 0.037203, Val Loss: 0.036162
2025-05-04 18:59:58,675 - INFO - Early stopping counter: 1/7
2025-05-04 19:00:00,561 - INFO - Epoch 41/80 - Train Loss: 0.036297, Val Loss: 0.035873
2025-05-04 19:00:00,561 - INFO - Early stopping counter: 2/7
2025-05-04 19:00:02,445 - INFO - Epoch 42/80 - Train Loss: 0.037049, Val Loss: 0.035235
2025-05-04 19:00:02,445 - INFO - Early stopping counter: 3/7
2025-05-04 19:00:04,328 - INFO - Epoch 43/80 - Train Loss: 0.034538, Val Loss: 0.035118
2025-05-04 19:00:04,487 - INFO - New best model saved with validation loss: 0.0351
2025-05-04 19:00:06,444 - INFO - Epoch 44/80 - Train Loss: 0.035849, Val Loss: 0.034338
2025-05-04 19:00:06,607 - INFO - New best model saved with validation loss: 0.0343
2025-05-04 19:00:08,419 - INFO - Epoch 45/80 - Train Loss: 0.034980, Val Loss: 0.034138
2025-05-04 19:00:09,328 - INFO - New best model saved with validation loss: 0.0341
2025-05-04 19:00:11,174 - INFO - Epoch 46/80 - Train Loss: 0.034829, Val Loss: 0.034423
2025-05-04 19:00:11,175 - INFO - Early stopping counter: 1/7
2025-05-04 19:00:13,087 - INFO - Epoch 47/80 - Train Loss: 0.036709, Val Loss: 0.033308
2025-05-04 19:00:13,249 - INFO - New best model saved with validation loss: 0.0333
2025-05-04 19:00:15,137 - INFO - Epoch 48/80 - Train Loss: 0.036762, Val Loss: 0.032666
2025-05-04 19:00:15,303 - INFO - New best model saved with validation loss: 0.0327
2025-05-04 19:00:17,143 - INFO - Epoch 49/80 - Train Loss: 0.033522, Val Loss: 0.032167
2025-05-04 19:00:17,295 - INFO - New best model saved with validation loss: 0.0322
2025-05-04 19:00:19,160 - INFO - Epoch 50/80 - Train Loss: 0.034039, Val Loss: 0.032411
2025-05-04 19:00:20,102 - INFO - Early stopping counter: 1/7
2025-05-04 19:00:21,994 - INFO - Epoch 51/80 - Train Loss: 0.033524, Val Loss: 0.031870
2025-05-04 19:00:22,168 - INFO - New best model saved with validation loss: 0.0319
2025-05-04 19:00:24,056 - INFO - Epoch 52/80 - Train Loss: 0.033334, Val Loss: 0.032126
2025-05-04 19:00:24,056 - INFO - Early stopping counter: 1/7
2025-05-04 19:00:25,940 - INFO - Epoch 53/80 - Train Loss: 0.033031, Val Loss: 0.031315
2025-05-04 19:00:26,103 - INFO - New best model saved with validation loss: 0.0313
2025-05-04 19:00:27,912 - INFO - Epoch 54/80 - Train Loss: 0.032487, Val Loss: 0.030781
2025-05-04 19:00:28,086 - INFO - New best model saved with validation loss: 0.0308
2025-05-04 19:00:29,900 - INFO - Epoch 55/80 - Train Loss: 0.034196, Val Loss: 0.032123
2025-05-04 19:00:30,670 - INFO - Early stopping counter: 1/7
2025-05-04 19:00:32,491 - INFO - Epoch 56/80 - Train Loss: 0.032724, Val Loss: 0.030786
2025-05-04 19:00:32,492 - INFO - Early stopping counter: 2/7
2025-05-04 19:00:34,369 - INFO - Epoch 57/80 - Train Loss: 0.032954, Val Loss: 0.031312
2025-05-04 19:00:34,369 - INFO - Early stopping counter: 3/7
2025-05-04 19:00:36,188 - INFO - Epoch 58/80 - Train Loss: 0.031682, Val Loss: 0.031578
2025-05-04 19:00:36,188 - INFO - Early stopping counter: 4/7
2025-05-04 19:00:38,049 - INFO - Epoch 59/80 - Train Loss: 0.032026, Val Loss: 0.030341
2025-05-04 19:00:38,199 - INFO - New best model saved with validation loss: 0.0303
2025-05-04 19:00:40,118 - INFO - Epoch 60/80 - Train Loss: 0.032676, Val Loss: 0.030402
2025-05-04 19:00:40,862 - INFO - Early stopping counter: 1/7
2025-05-04 19:00:42,727 - INFO - Epoch 61/80 - Train Loss: 0.033389, Val Loss: 0.029137
2025-05-04 19:00:42,879 - INFO - New best model saved with validation loss: 0.0291
2025-05-04 19:00:44,735 - INFO - Epoch 62/80 - Train Loss: 0.029186, Val Loss: 0.028773
2025-05-04 19:00:44,895 - INFO - New best model saved with validation loss: 0.0288
2025-05-04 19:00:46,813 - INFO - Epoch 63/80 - Train Loss: 0.032595, Val Loss: 0.030658
2025-05-04 19:00:46,813 - INFO - Early stopping counter: 1/7
2025-05-04 19:00:48,722 - INFO - Epoch 64/80 - Train Loss: 0.030615, Val Loss: 0.028797
2025-05-04 19:00:48,723 - INFO - Early stopping counter: 2/7
2025-05-04 19:00:50,597 - INFO - Epoch 65/80 - Train Loss: 0.031206, Val Loss: 0.029379
2025-05-04 19:00:51,509 - INFO - Early stopping counter: 3/7
2025-05-04 19:00:53,427 - INFO - Epoch 66/80 - Train Loss: 0.031241, Val Loss: 0.030083
2025-05-04 19:00:53,427 - INFO - Early stopping counter: 4/7
2025-05-04 19:00:55,247 - INFO - Epoch 67/80 - Train Loss: 0.032528, Val Loss: 0.028311
2025-05-04 19:00:55,419 - INFO - New best model saved with validation loss: 0.0283
2025-05-04 19:00:57,260 - INFO - Epoch 68/80 - Train Loss: 0.031104, Val Loss: 0.028416
2025-05-04 19:00:57,260 - INFO - Early stopping counter: 1/7
2025-05-04 19:00:59,196 - INFO - Epoch 69/80 - Train Loss: 0.032544, Val Loss: 0.029290
2025-05-04 19:00:59,196 - INFO - Early stopping counter: 2/7
2025-05-04 19:01:01,028 - INFO - Epoch 70/80 - Train Loss: 0.032743, Val Loss: 0.029290
2025-05-04 19:01:01,785 - INFO - Early stopping counter: 3/7
2025-05-04 19:01:03,597 - INFO - Epoch 71/80 - Train Loss: 0.031035, Val Loss: 0.029184
2025-05-04 19:01:03,597 - INFO - Early stopping counter: 4/7
2025-05-04 19:01:05,419 - INFO - Epoch 72/80 - Train Loss: 0.029574, Val Loss: 0.027423
2025-05-04 19:01:05,576 - INFO - New best model saved with validation loss: 0.0274
2025-05-04 19:01:07,363 - INFO - Epoch 73/80 - Train Loss: 0.031211, Val Loss: 0.028235
2025-05-04 19:01:07,364 - INFO - Early stopping counter: 1/7
2025-05-04 19:01:09,183 - INFO - Epoch 74/80 - Train Loss: 0.028644, Val Loss: 0.027340
2025-05-04 19:01:09,350 - INFO - New best model saved with validation loss: 0.0273
2025-05-04 19:01:11,212 - INFO - Epoch 75/80 - Train Loss: 0.029878, Val Loss: 0.027857
2025-05-04 19:01:12,006 - INFO - Early stopping counter: 1/7
2025-05-04 19:01:14,173 - INFO - Epoch 76/80 - Train Loss: 0.032340, Val Loss: 0.028295
2025-05-04 19:01:14,174 - INFO - Early stopping counter: 2/7
2025-05-04 19:01:16,267 - INFO - Epoch 77/80 - Train Loss: 0.031018, Val Loss: 0.027978
2025-05-04 19:01:16,268 - INFO - Early stopping counter: 3/7
2025-05-04 19:01:18,500 - INFO - Epoch 78/80 - Train Loss: 0.030872, Val Loss: 0.028017
2025-05-04 19:01:18,501 - INFO - Early stopping counter: 4/7
2025-05-04 19:01:20,368 - INFO - Epoch 79/80 - Train Loss: 0.031666, Val Loss: 0.028318
2025-05-04 19:01:20,368 - INFO - Early stopping counter: 5/7
2025-05-04 19:01:22,214 - INFO - Epoch 80/80 - Train Loss: 0.030271, Val Loss: 0.028104
2025-05-04 19:01:22,989 - INFO - Early stopping counter: 6/7
2025-05-04 19:01:22,989 - INFO - Training completed in 0:02:51.933700
2025-05-04 19:01:23,148 - INFO - Final model saved to output/final_model.pth
2025-05-04 19:02:11,065 - INFO - Using device: cuda
2025-05-04 19:02:11,068 - INFO - Found 137 valid image-label pairs
2025-05-04 19:02:11,288 - INFO - Starting training at 2025-05-04 19:02:11.288259
2025-05-04 19:02:13,558 - INFO - Epoch 1/80 - Train Loss: 0.067242, Val Loss: 0.067807
2025-05-04 19:02:13,625 - INFO - New best model saved with validation loss: 0.0678
2025-05-04 19:02:15,371 - INFO - Epoch 2/80 - Train Loss: 0.065431, Val Loss: 0.066669
2025-05-04 19:02:15,526 - INFO - New best model saved with validation loss: 0.0667
2025-05-04 19:02:17,305 - INFO - Epoch 3/80 - Train Loss: 0.064453, Val Loss: 0.065342
2025-05-04 19:02:17,462 - INFO - New best model saved with validation loss: 0.0653
2025-05-04 19:02:19,371 - INFO - Epoch 4/80 - Train Loss: 0.064023, Val Loss: 0.064445
2025-05-04 19:02:19,540 - INFO - New best model saved with validation loss: 0.0644
2025-05-04 19:02:21,377 - INFO - Epoch 5/80 - Train Loss: 0.063452, Val Loss: 0.063265
2025-05-04 19:02:22,350 - INFO - New best model saved with validation loss: 0.0633
2025-05-04 19:02:24,186 - INFO - Epoch 6/80 - Train Loss: 0.061784, Val Loss: 0.062131
2025-05-04 19:02:24,476 - INFO - New best model saved with validation loss: 0.0621
2025-05-04 19:02:26,313 - INFO - Epoch 7/80 - Train Loss: 0.061499, Val Loss: 0.060152
2025-05-04 19:02:26,466 - INFO - New best model saved with validation loss: 0.0602
2025-05-04 19:02:28,281 - INFO - Epoch 8/80 - Train Loss: 0.060076, Val Loss: 0.059801
2025-05-04 19:02:28,430 - INFO - New best model saved with validation loss: 0.0598
2025-05-04 19:02:30,237 - INFO - Epoch 9/80 - Train Loss: 0.058842, Val Loss: 0.058345
2025-05-04 19:02:30,391 - INFO - New best model saved with validation loss: 0.0583
2025-05-04 19:02:32,264 - INFO - Epoch 10/80 - Train Loss: 0.057849, Val Loss: 0.057855
2025-05-04 19:02:33,141 - INFO - New best model saved with validation loss: 0.0579
2025-05-04 19:02:35,012 - INFO - Epoch 11/80 - Train Loss: 0.057416, Val Loss: 0.055668
2025-05-04 19:02:35,174 - INFO - New best model saved with validation loss: 0.0557
2025-05-04 19:02:37,073 - INFO - Epoch 12/80 - Train Loss: 0.055888, Val Loss: 0.055198
2025-05-04 19:02:37,231 - INFO - New best model saved with validation loss: 0.0552
2025-05-04 19:02:39,165 - INFO - Epoch 13/80 - Train Loss: 0.054866, Val Loss: 0.054563
2025-05-04 19:02:39,326 - INFO - New best model saved with validation loss: 0.0546
2025-05-04 19:02:41,181 - INFO - Epoch 14/80 - Train Loss: 0.054444, Val Loss: 0.052315
2025-05-04 19:02:41,339 - INFO - New best model saved with validation loss: 0.0523
2025-05-04 19:02:43,125 - INFO - Epoch 15/80 - Train Loss: 0.052927, Val Loss: 0.051905
2025-05-04 19:02:44,011 - INFO - New best model saved with validation loss: 0.0519
2025-05-04 19:02:45,803 - INFO - Epoch 16/80 - Train Loss: 0.052503, Val Loss: 0.050735
2025-05-04 19:02:45,953 - INFO - New best model saved with validation loss: 0.0507
2025-05-04 19:02:47,816 - INFO - Epoch 17/80 - Train Loss: 0.052075, Val Loss: 0.050517
2025-05-04 19:02:47,982 - INFO - New best model saved with validation loss: 0.0505
2025-05-04 19:02:49,885 - INFO - Epoch 18/80 - Train Loss: 0.050255, Val Loss: 0.048811
2025-05-04 19:02:50,037 - INFO - New best model saved with validation loss: 0.0488
2025-05-04 19:02:51,869 - INFO - Epoch 19/80 - Train Loss: 0.050060, Val Loss: 0.047227
2025-05-04 19:02:52,029 - INFO - New best model saved with validation loss: 0.0472
2025-05-04 19:02:53,950 - INFO - Epoch 20/80 - Train Loss: 0.049188, Val Loss: 0.045848
2025-05-04 19:02:55,001 - INFO - New best model saved with validation loss: 0.0458
2025-05-04 19:02:56,898 - INFO - Epoch 21/80 - Train Loss: 0.048512, Val Loss: 0.045241
2025-05-04 19:02:57,069 - INFO - New best model saved with validation loss: 0.0452
2025-05-04 19:02:58,975 - INFO - Epoch 22/80 - Train Loss: 0.047252, Val Loss: 0.044940
2025-05-04 19:02:59,120 - INFO - New best model saved with validation loss: 0.0449
2025-05-04 19:03:00,944 - INFO - Epoch 23/80 - Train Loss: 0.046219, Val Loss: 0.043672
2025-05-04 19:03:01,107 - INFO - New best model saved with validation loss: 0.0437
2025-05-04 19:03:02,942 - INFO - Epoch 24/80 - Train Loss: 0.046241, Val Loss: 0.044307
2025-05-04 19:03:02,942 - INFO - Early stopping counter: 1/7
2025-05-04 19:03:04,757 - INFO - Epoch 25/80 - Train Loss: 0.045576, Val Loss: 0.043330
2025-05-04 19:03:05,722 - INFO - New best model saved with validation loss: 0.0433
2025-05-04 19:03:07,649 - INFO - Epoch 26/80 - Train Loss: 0.044142, Val Loss: 0.042369
2025-05-04 19:03:07,811 - INFO - New best model saved with validation loss: 0.0424
2025-05-04 19:03:09,663 - INFO - Epoch 27/80 - Train Loss: 0.044265, Val Loss: 0.043379
2025-05-04 19:03:09,664 - INFO - Early stopping counter: 1/7
2025-05-04 19:03:11,475 - INFO - Epoch 28/80 - Train Loss: 0.044404, Val Loss: 0.040860
2025-05-04 19:03:11,628 - INFO - New best model saved with validation loss: 0.0409
2025-05-04 19:03:13,487 - INFO - Epoch 29/80 - Train Loss: 0.044517, Val Loss: 0.041675
2025-05-04 19:03:13,487 - INFO - Early stopping counter: 1/7
2025-05-04 19:03:15,340 - INFO - Epoch 30/80 - Train Loss: 0.042007, Val Loss: 0.038945
2025-05-04 19:03:16,328 - INFO - New best model saved with validation loss: 0.0389
2025-05-04 19:03:18,231 - INFO - Epoch 31/80 - Train Loss: 0.041752, Val Loss: 0.040470
2025-05-04 19:03:18,231 - INFO - Early stopping counter: 1/7
2025-05-04 19:03:20,054 - INFO - Epoch 32/80 - Train Loss: 0.041102, Val Loss: 0.038727
2025-05-04 19:03:20,219 - INFO - New best model saved with validation loss: 0.0387
2025-05-04 19:03:33,324 - INFO - Using device: cuda
2025-05-04 19:03:33,329 - INFO - Found 137 valid image-label pairs
2025-05-04 19:03:33,541 - INFO - Starting training at 2025-05-04 19:03:33.541449
2025-05-04 19:03:35,888 - INFO - Epoch 1/80 - Train Loss: 0.067286, Val Loss: 0.067821
2025-05-04 19:03:35,957 - INFO - New best model saved with validation loss: 0.0678
2025-05-04 19:03:37,732 - INFO - Epoch 2/80 - Train Loss: 0.065218, Val Loss: 0.066552
2025-05-04 19:03:37,889 - INFO - New best model saved with validation loss: 0.0666
2025-05-04 19:03:39,683 - INFO - Epoch 3/80 - Train Loss: 0.064674, Val Loss: 0.065307
2025-05-04 19:03:39,848 - INFO - New best model saved with validation loss: 0.0653
2025-05-04 19:03:41,630 - INFO - Epoch 4/80 - Train Loss: 0.064101, Val Loss: 0.064309
2025-05-04 19:03:41,795 - INFO - New best model saved with validation loss: 0.0643
2025-05-04 19:03:43,609 - INFO - Epoch 5/80 - Train Loss: 0.063281, Val Loss: 0.063081
2025-05-04 19:03:44,613 - INFO - New best model saved with validation loss: 0.0631
2025-05-04 19:03:46,424 - INFO - Epoch 6/80 - Train Loss: 0.062167, Val Loss: 0.062214
2025-05-04 19:03:46,572 - INFO - New best model saved with validation loss: 0.0622
2025-05-04 19:03:48,422 - INFO - Epoch 7/80 - Train Loss: 0.061326, Val Loss: 0.060174
2025-05-04 19:03:48,575 - INFO - New best model saved with validation loss: 0.0602
2025-05-04 19:03:50,394 - INFO - Epoch 8/80 - Train Loss: 0.060484, Val Loss: 0.059830
2025-05-04 19:03:50,547 - INFO - New best model saved with validation loss: 0.0598
2025-05-04 19:03:52,414 - INFO - Epoch 9/80 - Train Loss: 0.059790, Val Loss: 0.058109
2025-05-04 19:03:52,571 - INFO - New best model saved with validation loss: 0.0581
2025-05-04 19:03:54,394 - INFO - Epoch 10/80 - Train Loss: 0.058016, Val Loss: 0.057761
2025-05-04 19:03:55,310 - INFO - New best model saved with validation loss: 0.0578
2025-05-04 19:03:57,204 - INFO - Epoch 11/80 - Train Loss: 0.057321, Val Loss: 0.055546
2025-05-04 19:03:57,365 - INFO - New best model saved with validation loss: 0.0555
2025-05-04 19:03:59,215 - INFO - Epoch 12/80 - Train Loss: 0.055977, Val Loss: 0.054751
2025-05-04 19:03:59,368 - INFO - New best model saved with validation loss: 0.0548
2025-05-04 19:04:01,198 - INFO - Epoch 13/80 - Train Loss: 0.054087, Val Loss: 0.053883
2025-05-04 19:04:01,352 - INFO - New best model saved with validation loss: 0.0539
2025-05-04 19:04:03,159 - INFO - Epoch 14/80 - Train Loss: 0.054592, Val Loss: 0.052012
2025-05-04 19:04:03,319 - INFO - New best model saved with validation loss: 0.0520
2025-05-04 19:04:05,140 - INFO - Epoch 15/80 - Train Loss: 0.053522, Val Loss: 0.052016
2025-05-04 19:04:05,858 - INFO - Early stopping counter: 1/7
2025-05-04 19:04:07,687 - INFO - Epoch 16/80 - Train Loss: 0.052372, Val Loss: 0.050417
2025-05-04 19:04:07,849 - INFO - New best model saved with validation loss: 0.0504
2025-05-04 19:04:09,694 - INFO - Epoch 17/80 - Train Loss: 0.051912, Val Loss: 0.050345
2025-05-04 19:04:09,852 - INFO - New best model saved with validation loss: 0.0503
2025-05-04 19:04:11,635 - INFO - Epoch 18/80 - Train Loss: 0.050768, Val Loss: 0.048526
2025-05-04 19:04:11,789 - INFO - New best model saved with validation loss: 0.0485
2025-05-04 19:04:13,571 - INFO - Epoch 19/80 - Train Loss: 0.049897, Val Loss: 0.047187
2025-05-04 19:04:13,728 - INFO - New best model saved with validation loss: 0.0472
2025-05-04 19:04:15,532 - INFO - Epoch 20/80 - Train Loss: 0.048789, Val Loss: 0.044986
2025-05-04 19:04:16,512 - INFO - New best model saved with validation loss: 0.0450
2025-05-04 19:04:18,365 - INFO - Epoch 21/80 - Train Loss: 0.047691, Val Loss: 0.044817
2025-05-04 19:04:18,516 - INFO - New best model saved with validation loss: 0.0448
2025-05-04 19:04:20,325 - INFO - Epoch 22/80 - Train Loss: 0.047104, Val Loss: 0.044967
2025-05-04 19:04:20,325 - INFO - Early stopping counter: 1/7
2025-05-04 19:04:22,124 - INFO - Epoch 23/80 - Train Loss: 0.046608, Val Loss: 0.044045
2025-05-04 19:04:22,277 - INFO - New best model saved with validation loss: 0.0440
2025-05-04 19:04:24,095 - INFO - Epoch 24/80 - Train Loss: 0.045930, Val Loss: 0.043768
2025-05-04 19:04:24,253 - INFO - New best model saved with validation loss: 0.0438
2025-05-04 19:04:26,064 - INFO - Epoch 25/80 - Train Loss: 0.045422, Val Loss: 0.043532
2025-05-04 19:04:26,956 - INFO - New best model saved with validation loss: 0.0435
2025-05-04 19:04:28,798 - INFO - Epoch 26/80 - Train Loss: 0.044717, Val Loss: 0.042869
2025-05-04 19:04:28,953 - INFO - New best model saved with validation loss: 0.0429
2025-05-04 19:04:30,714 - INFO - Epoch 27/80 - Train Loss: 0.044187, Val Loss: 0.043227
2025-05-04 19:04:30,715 - INFO - Early stopping counter: 1/7
2025-05-04 19:04:32,516 - INFO - Epoch 28/80 - Train Loss: 0.044048, Val Loss: 0.040765
2025-05-04 19:04:32,672 - INFO - New best model saved with validation loss: 0.0408
2025-05-04 19:04:34,471 - INFO - Epoch 29/80 - Train Loss: 0.044353, Val Loss: 0.041408
2025-05-04 19:04:34,471 - INFO - Early stopping counter: 1/7
2025-05-04 19:04:36,250 - INFO - Epoch 30/80 - Train Loss: 0.042541, Val Loss: 0.038776
2025-05-04 19:04:37,226 - INFO - New best model saved with validation loss: 0.0388
2025-05-04 19:04:39,034 - INFO - Epoch 31/80 - Train Loss: 0.042083, Val Loss: 0.040002
2025-05-04 19:04:39,034 - INFO - Early stopping counter: 1/7
2025-05-04 19:04:40,859 - INFO - Epoch 32/80 - Train Loss: 0.040555, Val Loss: 0.037163
2025-05-04 19:04:41,015 - INFO - New best model saved with validation loss: 0.0372
2025-05-04 19:04:42,904 - INFO - Epoch 33/80 - Train Loss: 0.041627, Val Loss: 0.037188
2025-05-04 19:04:42,905 - INFO - Early stopping counter: 1/7
2025-05-04 19:04:44,770 - INFO - Epoch 34/80 - Train Loss: 0.041008, Val Loss: 0.039214
2025-05-04 19:04:44,770 - INFO - Early stopping counter: 2/7
2025-05-04 19:04:46,586 - INFO - Epoch 35/80 - Train Loss: 0.040234, Val Loss: 0.037772
2025-05-04 19:04:47,376 - INFO - Early stopping counter: 3/7
2025-05-04 19:04:49,253 - INFO - Epoch 36/80 - Train Loss: 0.040361, Val Loss: 0.036699
2025-05-04 19:04:49,412 - INFO - New best model saved with validation loss: 0.0367
2025-05-04 19:04:51,299 - INFO - Epoch 37/80 - Train Loss: 0.038247, Val Loss: 0.037204
2025-05-04 19:04:51,299 - INFO - Early stopping counter: 1/7
2025-05-04 19:04:53,160 - INFO - Epoch 38/80 - Train Loss: 0.038470, Val Loss: 0.037420
2025-05-04 19:04:53,160 - INFO - Early stopping counter: 2/7
2025-05-04 19:04:55,065 - INFO - Epoch 39/80 - Train Loss: 0.038464, Val Loss: 0.033303
2025-05-04 19:04:55,226 - INFO - New best model saved with validation loss: 0.0333
2025-05-04 19:04:57,236 - INFO - Epoch 40/80 - Train Loss: 0.038759, Val Loss: 0.035551
2025-05-04 19:04:58,127 - INFO - Early stopping counter: 1/7
2025-05-04 19:05:00,107 - INFO - Epoch 41/80 - Train Loss: 0.037184, Val Loss: 0.034632
2025-05-04 19:05:00,108 - INFO - Early stopping counter: 2/7
2025-05-04 19:05:02,092 - INFO - Epoch 42/80 - Train Loss: 0.037146, Val Loss: 0.034983
2025-05-04 19:05:02,092 - INFO - Early stopping counter: 3/7
2025-05-04 19:05:04,186 - INFO - Epoch 43/80 - Train Loss: 0.038238, Val Loss: 0.034447
2025-05-04 19:05:04,186 - INFO - Early stopping counter: 4/7
2025-05-04 19:05:06,253 - INFO - Epoch 44/80 - Train Loss: 0.037617, Val Loss: 0.032640
2025-05-04 19:05:06,422 - INFO - New best model saved with validation loss: 0.0326
2025-05-04 19:05:08,439 - INFO - Epoch 45/80 - Train Loss: 0.037094, Val Loss: 0.033640
2025-05-04 19:05:09,294 - INFO - Early stopping counter: 1/7
2025-05-04 19:05:11,177 - INFO - Epoch 46/80 - Train Loss: 0.038268, Val Loss: 0.032051
2025-05-04 19:05:11,331 - INFO - New best model saved with validation loss: 0.0321
2025-05-04 19:05:13,241 - INFO - Epoch 47/80 - Train Loss: 0.035722, Val Loss: 0.032189
2025-05-04 19:05:13,241 - INFO - Early stopping counter: 1/7
2025-05-04 19:05:15,051 - INFO - Epoch 48/80 - Train Loss: 0.037222, Val Loss: 0.034170
2025-05-04 19:05:15,051 - INFO - Early stopping counter: 2/7
2025-05-04 19:05:16,920 - INFO - Epoch 49/80 - Train Loss: 0.036030, Val Loss: 0.031301
2025-05-04 19:05:17,089 - INFO - New best model saved with validation loss: 0.0313
2025-05-04 19:05:18,961 - INFO - Epoch 50/80 - Train Loss: 0.034533, Val Loss: 0.032364
2025-05-04 19:05:19,911 - INFO - Early stopping counter: 1/7
2025-05-04 19:05:21,839 - INFO - Epoch 51/80 - Train Loss: 0.034959, Val Loss: 0.032790
2025-05-04 19:05:21,839 - INFO - Early stopping counter: 2/7
2025-05-04 19:05:23,675 - INFO - Epoch 52/80 - Train Loss: 0.035673, Val Loss: 0.032509
2025-05-04 19:05:23,676 - INFO - Early stopping counter: 3/7
2025-05-04 19:05:25,507 - INFO - Epoch 53/80 - Train Loss: 0.035737, Val Loss: 0.031624
2025-05-04 19:05:25,507 - INFO - Early stopping counter: 4/7
2025-05-04 19:05:27,332 - INFO - Epoch 54/80 - Train Loss: 0.033849, Val Loss: 0.031293
2025-05-04 19:05:27,493 - INFO - New best model saved with validation loss: 0.0313
2025-05-04 19:05:29,416 - INFO - Epoch 55/80 - Train Loss: 0.034273, Val Loss: 0.030855
2025-05-04 19:05:30,344 - INFO - New best model saved with validation loss: 0.0309
2025-05-04 19:05:32,181 - INFO - Epoch 56/80 - Train Loss: 0.035856, Val Loss: 0.030471
2025-05-04 19:05:32,339 - INFO - New best model saved with validation loss: 0.0305
2025-05-04 19:05:34,200 - INFO - Epoch 57/80 - Train Loss: 0.034604, Val Loss: 0.032173
2025-05-04 19:05:34,200 - INFO - Early stopping counter: 1/7
2025-05-04 19:05:36,056 - INFO - Epoch 58/80 - Train Loss: 0.034294, Val Loss: 0.029508
2025-05-04 19:05:36,211 - INFO - New best model saved with validation loss: 0.0295
2025-05-04 19:05:38,138 - INFO - Epoch 59/80 - Train Loss: 0.034168, Val Loss: 0.031517
2025-05-04 19:05:38,138 - INFO - Early stopping counter: 1/7
2025-05-04 19:05:39,941 - INFO - Epoch 60/80 - Train Loss: 0.033139, Val Loss: 0.030544
2025-05-04 19:05:40,763 - INFO - Early stopping counter: 2/7
2025-05-04 19:05:42,667 - INFO - Epoch 61/80 - Train Loss: 0.034002, Val Loss: 0.029760
2025-05-04 19:05:42,668 - INFO - Early stopping counter: 3/7
2025-05-04 19:05:44,540 - INFO - Epoch 62/80 - Train Loss: 0.033964, Val Loss: 0.030168
2025-05-04 19:05:44,541 - INFO - Early stopping counter: 4/7
2025-05-04 19:05:46,434 - INFO - Epoch 63/80 - Train Loss: 0.031683, Val Loss: 0.030211
2025-05-04 19:05:46,434 - INFO - Early stopping counter: 5/7
2025-05-04 19:05:48,217 - INFO - Epoch 64/80 - Train Loss: 0.032877, Val Loss: 0.030106
2025-05-04 19:05:48,217 - INFO - Early stopping counter: 6/7
2025-05-04 19:05:50,036 - INFO - Epoch 65/80 - Train Loss: 0.032821, Val Loss: 0.029892
2025-05-04 19:05:50,810 - INFO - Early stopping counter: 7/7
2025-05-04 19:05:50,811 - INFO - Early stopping triggered
2025-05-04 19:05:50,811 - INFO - Early stopping triggered
2025-05-04 19:05:50,811 - INFO - Training completed in 0:02:17.269776
2025-05-04 19:05:50,887 - INFO - Final model saved to output/final_model.pth
2025-05-04 19:08:13,321 - INFO - Using device: cuda
2025-05-04 19:08:13,323 - INFO - Found 137 valid image-label pairs
2025-05-04 19:08:13,523 - INFO - Starting training at 2025-05-04 19:08:13.523217
2025-05-04 19:08:14,953 - INFO - Epoch 1/80 - Train Loss: 0.042037, Val Loss: 0.041131
2025-05-04 19:08:15,100 - INFO - New best model saved with validation loss: 0.0411
2025-05-04 19:08:16,139 - INFO - Epoch 2/80 - Train Loss: 0.027127, Val Loss: 0.020046
2025-05-04 19:08:16,275 - INFO - New best model saved with validation loss: 0.0200
2025-05-04 19:08:17,341 - INFO - Epoch 3/80 - Train Loss: 0.023018, Val Loss: 0.011747
2025-05-04 19:08:17,482 - INFO - New best model saved with validation loss: 0.0117
2025-05-04 19:08:18,568 - INFO - Epoch 4/80 - Train Loss: 0.019744, Val Loss: 0.009440
2025-05-04 19:08:18,633 - INFO - New best model saved with validation loss: 0.0094
2025-05-04 19:08:19,673 - INFO - Epoch 5/80 - Train Loss: 0.016397, Val Loss: 0.007708
2025-05-04 19:08:20,647 - INFO - New best model saved with validation loss: 0.0077
2025-05-04 19:08:21,717 - INFO - Epoch 6/80 - Train Loss: 0.016565, Val Loss: 0.007018
2025-05-04 19:08:21,853 - INFO - New best model saved with validation loss: 0.0070
2025-05-04 19:08:22,934 - INFO - Epoch 7/80 - Train Loss: 0.013708, Val Loss: 0.006206
2025-05-04 19:08:23,069 - INFO - New best model saved with validation loss: 0.0062
2025-05-04 19:08:24,151 - INFO - Epoch 8/80 - Train Loss: 0.012752, Val Loss: 0.004873
2025-05-04 19:08:24,298 - INFO - New best model saved with validation loss: 0.0049
2025-05-04 19:08:25,376 - INFO - Epoch 9/80 - Train Loss: 0.013384, Val Loss: 0.004883
2025-05-04 19:08:25,376 - INFO - Early stopping counter: 1/7
2025-05-04 19:08:26,512 - INFO - Epoch 10/80 - Train Loss: 0.012151, Val Loss: 0.004245
2025-05-04 19:08:27,444 - INFO - New best model saved with validation loss: 0.0042
2025-05-04 19:08:28,525 - INFO - Epoch 11/80 - Train Loss: 0.011461, Val Loss: 0.003757
2025-05-04 19:08:28,667 - INFO - New best model saved with validation loss: 0.0038
2025-05-04 19:08:29,748 - INFO - Epoch 12/80 - Train Loss: 0.010712, Val Loss: 0.003495
2025-05-04 19:08:29,894 - INFO - New best model saved with validation loss: 0.0035
2025-05-04 19:08:31,016 - INFO - Epoch 13/80 - Train Loss: 0.010551, Val Loss: 0.002966
2025-05-04 19:08:31,157 - INFO - New best model saved with validation loss: 0.0030
2025-05-04 19:08:32,215 - INFO - Epoch 14/80 - Train Loss: 0.009713, Val Loss: 0.003171
2025-05-04 19:08:32,215 - INFO - Early stopping counter: 1/7
2025-05-04 19:08:33,275 - INFO - Epoch 15/80 - Train Loss: 0.009635, Val Loss: 0.003133
2025-05-04 19:08:34,051 - INFO - Early stopping counter: 2/7
2025-05-04 19:08:35,123 - INFO - Epoch 16/80 - Train Loss: 0.009088, Val Loss: 0.002926
2025-05-04 19:08:35,252 - INFO - New best model saved with validation loss: 0.0029
2025-05-04 19:08:36,330 - INFO - Epoch 17/80 - Train Loss: 0.007838, Val Loss: 0.002607
2025-05-04 19:08:36,471 - INFO - New best model saved with validation loss: 0.0026
2025-05-04 19:08:37,627 - INFO - Epoch 18/80 - Train Loss: 0.008052, Val Loss: 0.002504
2025-05-04 19:08:37,813 - INFO - New best model saved with validation loss: 0.0025
2025-05-04 19:08:39,044 - INFO - Epoch 19/80 - Train Loss: 0.007852, Val Loss: 0.002490
2025-05-04 19:08:39,190 - INFO - New best model saved with validation loss: 0.0025
2025-05-04 19:08:40,359 - INFO - Epoch 20/80 - Train Loss: 0.008670, Val Loss: 0.002371
2025-05-04 19:08:41,375 - INFO - New best model saved with validation loss: 0.0024
2025-05-04 19:08:42,520 - INFO - Epoch 21/80 - Train Loss: 0.007393, Val Loss: 0.002290
2025-05-04 19:08:42,671 - INFO - New best model saved with validation loss: 0.0023
2025-05-04 19:08:43,908 - INFO - Epoch 22/80 - Train Loss: 0.006307, Val Loss: 0.002451
2025-05-04 19:08:43,908 - INFO - Early stopping counter: 1/7
2025-05-04 19:08:45,083 - INFO - Epoch 23/80 - Train Loss: 0.007622, Val Loss: 0.002442
2025-05-04 19:08:45,083 - INFO - Early stopping counter: 2/7
2025-05-04 19:08:46,182 - INFO - Epoch 24/80 - Train Loss: 0.006902, Val Loss: 0.002555
2025-05-04 19:08:46,182 - INFO - Early stopping counter: 3/7
2025-05-04 19:08:47,216 - INFO - Epoch 25/80 - Train Loss: 0.006395, Val Loss: 0.002319
2025-05-04 19:08:47,968 - INFO - Early stopping counter: 4/7
2025-05-04 19:08:49,063 - INFO - Epoch 26/80 - Train Loss: 0.006422, Val Loss: 0.002145
2025-05-04 19:08:49,197 - INFO - New best model saved with validation loss: 0.0021
2025-05-04 19:08:50,254 - INFO - Epoch 27/80 - Train Loss: 0.006668, Val Loss: 0.002237
2025-05-04 19:08:50,254 - INFO - Early stopping counter: 1/7
2025-05-04 19:08:51,430 - INFO - Epoch 28/80 - Train Loss: 0.006173, Val Loss: 0.002012
2025-05-04 19:08:51,575 - INFO - New best model saved with validation loss: 0.0020
2025-05-04 19:08:52,709 - INFO - Epoch 29/80 - Train Loss: 0.006628, Val Loss: 0.002163
2025-05-04 19:08:52,710 - INFO - Early stopping counter: 1/7
2025-05-04 19:08:53,848 - INFO - Epoch 30/80 - Train Loss: 0.006480, Val Loss: 0.002112
2025-05-04 19:08:54,618 - INFO - Early stopping counter: 2/7
2025-05-04 19:08:55,680 - INFO - Epoch 31/80 - Train Loss: 0.005935, Val Loss: 0.002050
2025-05-04 19:08:55,680 - INFO - Early stopping counter: 3/7
2025-05-04 19:08:56,902 - INFO - Epoch 32/80 - Train Loss: 0.006361, Val Loss: 0.002046
2025-05-04 19:08:56,903 - INFO - Early stopping counter: 4/7
2025-05-04 19:08:58,205 - INFO - Epoch 33/80 - Train Loss: 0.006162, Val Loss: 0.002022
2025-05-04 19:08:58,206 - INFO - Early stopping counter: 5/7
2025-05-04 19:08:59,308 - INFO - Epoch 34/80 - Train Loss: 0.006213, Val Loss: 0.001913
2025-05-04 19:08:59,452 - INFO - New best model saved with validation loss: 0.0019
2025-05-04 19:09:00,552 - INFO - Epoch 35/80 - Train Loss: 0.005523, Val Loss: 0.001913
2025-05-04 19:09:01,319 - INFO - Early stopping counter: 1/7
2025-05-04 19:09:02,391 - INFO - Epoch 36/80 - Train Loss: 0.005902, Val Loss: 0.001987
2025-05-04 19:09:02,391 - INFO - Early stopping counter: 2/7
2025-05-04 19:09:03,453 - INFO - Epoch 37/80 - Train Loss: 0.005703, Val Loss: 0.001889
2025-05-04 19:09:03,590 - INFO - New best model saved with validation loss: 0.0019
2025-05-04 19:09:04,711 - INFO - Epoch 38/80 - Train Loss: 0.005652, Val Loss: 0.001879
2025-05-04 19:09:04,869 - INFO - New best model saved with validation loss: 0.0019
2025-05-04 19:09:06,093 - INFO - Epoch 39/80 - Train Loss: 0.004983, Val Loss: 0.001930
2025-05-04 19:09:06,094 - INFO - Early stopping counter: 1/7
2025-05-04 19:09:07,228 - INFO - Epoch 40/80 - Train Loss: 0.005338, Val Loss: 0.001926
2025-05-04 19:09:07,987 - INFO - Early stopping counter: 2/7
2025-05-04 19:09:09,098 - INFO - Epoch 41/80 - Train Loss: 0.005252, Val Loss: 0.001880
2025-05-04 19:09:09,099 - INFO - Early stopping counter: 3/7
2025-05-04 19:09:10,217 - INFO - Epoch 42/80 - Train Loss: 0.005183, Val Loss: 0.001800
2025-05-04 19:09:10,383 - INFO - New best model saved with validation loss: 0.0018
2025-05-04 19:09:11,512 - INFO - Epoch 43/80 - Train Loss: 0.005605, Val Loss: 0.001785
2025-05-04 19:09:11,655 - INFO - New best model saved with validation loss: 0.0018
2025-05-04 19:09:12,849 - INFO - Epoch 44/80 - Train Loss: 0.005645, Val Loss: 0.001885
2025-05-04 19:09:12,850 - INFO - Early stopping counter: 1/7
2025-05-04 19:09:13,989 - INFO - Epoch 45/80 - Train Loss: 0.005231, Val Loss: 0.001784
2025-05-04 19:09:14,903 - INFO - New best model saved with validation loss: 0.0018
2025-05-04 19:09:16,058 - INFO - Epoch 46/80 - Train Loss: 0.005411, Val Loss: 0.001800
2025-05-04 19:09:16,059 - INFO - Early stopping counter: 1/7
2025-05-04 19:09:17,202 - INFO - Epoch 47/80 - Train Loss: 0.005235, Val Loss: 0.001766
2025-05-04 19:09:17,338 - INFO - New best model saved with validation loss: 0.0018
2025-05-04 19:09:18,422 - INFO - Epoch 48/80 - Train Loss: 0.005194, Val Loss: 0.001751
2025-05-04 19:09:18,570 - INFO - New best model saved with validation loss: 0.0018
2025-05-04 19:09:19,708 - INFO - Epoch 49/80 - Train Loss: 0.005364, Val Loss: 0.001656
2025-05-04 19:09:19,846 - INFO - New best model saved with validation loss: 0.0017
2025-05-04 19:09:21,010 - INFO - Epoch 50/80 - Train Loss: 0.005730, Val Loss: 0.001878
2025-05-04 19:09:21,969 - INFO - Early stopping counter: 1/7
2025-05-04 19:09:23,049 - INFO - Epoch 51/80 - Train Loss: 0.004790, Val Loss: 0.001811
2025-05-04 19:09:23,049 - INFO - Early stopping counter: 2/7
2025-05-04 19:09:24,170 - INFO - Epoch 52/80 - Train Loss: 0.005071, Val Loss: 0.001692
2025-05-04 19:09:24,171 - INFO - Early stopping counter: 3/7
2025-05-04 19:09:25,382 - INFO - Epoch 53/80 - Train Loss: 0.005225, Val Loss: 0.001748
2025-05-04 19:09:25,383 - INFO - Early stopping counter: 4/7
2025-05-04 19:09:26,546 - INFO - Epoch 54/80 - Train Loss: 0.005091, Val Loss: 0.001708
2025-05-04 19:09:26,546 - INFO - Early stopping counter: 5/7
2025-05-04 19:09:27,721 - INFO - Epoch 55/80 - Train Loss: 0.005346, Val Loss: 0.001677
2025-05-04 19:09:28,503 - INFO - Early stopping counter: 6/7
2025-05-04 19:09:29,612 - INFO - Epoch 56/80 - Train Loss: 0.004956, Val Loss: 0.001768
2025-05-04 19:09:29,612 - INFO - Early stopping counter: 7/7
2025-05-04 19:09:29,612 - INFO - Early stopping triggered
2025-05-04 19:09:29,612 - INFO - Early stopping triggered
2025-05-04 19:09:29,612 - INFO - Training completed in 0:01:16.089714
2025-05-04 19:09:29,757 - INFO - Final model saved to output/final_model.pth
2025-05-04 19:09:37,962 - INFO - Processados 872 frames
2025-05-04 19:17:05,617 - INFO - Using device: cuda
2025-05-04 19:17:05,620 - INFO - Found 137 valid image-label pairs
2025-05-04 19:17:05,850 - INFO - Starting training at 2025-05-04 19:17:05.850212
2025-05-04 19:17:07,438 - INFO - Epoch 1/80 - Train Loss: 0.041109, Val Loss: 0.040592
2025-05-04 19:17:07,580 - INFO - New best model saved with validation loss: 0.0406
2025-05-04 19:17:08,794 - INFO - Epoch 2/80 - Train Loss: 0.027721, Val Loss: 0.019955
2025-05-04 19:17:08,936 - INFO - New best model saved with validation loss: 0.0200
2025-05-04 19:17:10,225 - INFO - Epoch 3/80 - Train Loss: 0.021911, Val Loss: 0.012630
2025-05-04 19:17:10,363 - INFO - New best model saved with validation loss: 0.0126
2025-05-04 19:17:11,601 - INFO - Epoch 4/80 - Train Loss: 0.020123, Val Loss: 0.011891
2025-05-04 19:17:11,932 - INFO - New best model saved with validation loss: 0.0119
2025-05-04 19:17:13,152 - INFO - Epoch 5/80 - Train Loss: 0.016990, Val Loss: 0.008565
2025-05-04 19:17:14,228 - INFO - New best model saved with validation loss: 0.0086
2025-05-04 19:17:15,436 - INFO - Epoch 6/80 - Train Loss: 0.015799, Val Loss: 0.007122
2025-05-04 19:17:15,579 - INFO - New best model saved with validation loss: 0.0071
2025-05-04 19:17:16,668 - INFO - Epoch 7/80 - Train Loss: 0.014185, Val Loss: 0.005447
2025-05-04 19:17:16,814 - INFO - New best model saved with validation loss: 0.0054
2025-05-04 19:17:17,891 - INFO - Epoch 8/80 - Train Loss: 0.012679, Val Loss: 0.005062
2025-05-04 19:17:18,032 - INFO - New best model saved with validation loss: 0.0051
2025-05-04 19:17:19,145 - INFO - Epoch 9/80 - Train Loss: 0.013049, Val Loss: 0.004860
2025-05-04 19:17:19,286 - INFO - New best model saved with validation loss: 0.0049
2025-05-04 19:17:20,421 - INFO - Epoch 10/80 - Train Loss: 0.011168, Val Loss: 0.004035
2025-05-04 19:17:21,288 - INFO - New best model saved with validation loss: 0.0040
2025-05-04 19:17:22,361 - INFO - Epoch 11/80 - Train Loss: 0.011346, Val Loss: 0.004304
2025-05-04 19:17:22,361 - INFO - Early stopping counter: 1/7
2025-05-04 19:17:23,422 - INFO - Epoch 12/80 - Train Loss: 0.010487, Val Loss: 0.003733
2025-05-04 19:17:23,573 - INFO - New best model saved with validation loss: 0.0037
2025-05-04 19:17:24,743 - INFO - Epoch 13/80 - Train Loss: 0.009502, Val Loss: 0.003037
2025-05-04 19:17:24,925 - INFO - New best model saved with validation loss: 0.0030
2025-05-04 19:17:26,093 - INFO - Epoch 14/80 - Train Loss: 0.010514, Val Loss: 0.003323
2025-05-04 19:17:26,094 - INFO - Early stopping counter: 1/7
2025-05-04 19:17:27,206 - INFO - Epoch 15/80 - Train Loss: 0.009636, Val Loss: 0.003187
2025-05-04 19:17:27,922 - INFO - Early stopping counter: 2/7
2025-05-04 19:17:29,039 - INFO - Epoch 16/80 - Train Loss: 0.008499, Val Loss: 0.003148
2025-05-04 19:17:29,040 - INFO - Early stopping counter: 3/7
2025-05-04 19:17:30,125 - INFO - Epoch 17/80 - Train Loss: 0.007197, Val Loss: 0.003024
2025-05-04 19:17:30,266 - INFO - New best model saved with validation loss: 0.0030
2025-05-04 19:17:31,394 - INFO - Epoch 18/80 - Train Loss: 0.008126, Val Loss: 0.002418
2025-05-04 19:17:31,536 - INFO - New best model saved with validation loss: 0.0024
2025-05-04 19:17:32,655 - INFO - Epoch 19/80 - Train Loss: 0.007705, Val Loss: 0.002577
2025-05-04 19:17:32,656 - INFO - Early stopping counter: 1/7
2025-05-04 19:17:33,734 - INFO - Epoch 20/80 - Train Loss: 0.007051, Val Loss: 0.002127
2025-05-04 19:17:34,670 - INFO - New best model saved with validation loss: 0.0021
2025-05-04 19:17:35,792 - INFO - Epoch 21/80 - Train Loss: 0.007072, Val Loss: 0.002466
2025-05-04 19:17:35,792 - INFO - Early stopping counter: 1/7
2025-05-04 19:17:36,934 - INFO - Epoch 22/80 - Train Loss: 0.007662, Val Loss: 0.002480
2025-05-04 19:17:36,934 - INFO - Early stopping counter: 2/7
2025-05-04 19:17:38,039 - INFO - Epoch 23/80 - Train Loss: 0.006873, Val Loss: 0.002431
2025-05-04 19:17:38,039 - INFO - Early stopping counter: 3/7
2025-05-04 19:17:39,104 - INFO - Epoch 24/80 - Train Loss: 0.006448, Val Loss: 0.002379
2025-05-04 19:17:39,105 - INFO - Early stopping counter: 4/7
2025-05-04 19:17:40,170 - INFO - Epoch 25/80 - Train Loss: 0.006858, Val Loss: 0.002289
2025-05-04 19:17:40,875 - INFO - Early stopping counter: 5/7
2025-05-04 19:17:41,971 - INFO - Epoch 26/80 - Train Loss: 0.006563, Val Loss: 0.002012
2025-05-04 19:17:42,111 - INFO - New best model saved with validation loss: 0.0020
2025-05-04 19:17:43,241 - INFO - Epoch 27/80 - Train Loss: 0.006407, Val Loss: 0.002403
2025-05-04 19:17:43,241 - INFO - Early stopping counter: 1/7
2025-05-04 19:17:44,349 - INFO - Epoch 28/80 - Train Loss: 0.006331, Val Loss: 0.001951
2025-05-04 19:17:44,488 - INFO - New best model saved with validation loss: 0.0020
2025-05-04 19:17:45,675 - INFO - Epoch 29/80 - Train Loss: 0.006354, Val Loss: 0.002054
2025-05-04 19:17:45,675 - INFO - Early stopping counter: 1/7
2025-05-04 19:17:46,789 - INFO - Epoch 30/80 - Train Loss: 0.006075, Val Loss: 0.002011
2025-05-04 19:17:47,559 - INFO - Early stopping counter: 2/7
2025-05-04 19:17:48,659 - INFO - Epoch 31/80 - Train Loss: 0.006411, Val Loss: 0.002134
2025-05-04 19:17:48,660 - INFO - Early stopping counter: 3/7
2025-05-04 19:17:49,706 - INFO - Epoch 32/80 - Train Loss: 0.006115, Val Loss: 0.002041
2025-05-04 19:17:49,706 - INFO - Early stopping counter: 4/7
2025-05-04 19:17:50,815 - INFO - Epoch 33/80 - Train Loss: 0.005974, Val Loss: 0.001877
2025-05-04 19:17:50,956 - INFO - New best model saved with validation loss: 0.0019
2025-05-04 19:17:52,260 - INFO - Epoch 34/80 - Train Loss: 0.005257, Val Loss: 0.001799
2025-05-04 19:17:52,402 - INFO - New best model saved with validation loss: 0.0018
2025-05-04 19:17:53,489 - INFO - Epoch 35/80 - Train Loss: 0.005600, Val Loss: 0.001958
2025-05-04 19:17:54,220 - INFO - Early stopping counter: 1/7
2025-05-04 19:17:55,337 - INFO - Epoch 36/80 - Train Loss: 0.005557, Val Loss: 0.001938
2025-05-04 19:17:55,337 - INFO - Early stopping counter: 2/7
2025-05-04 19:17:56,414 - INFO - Epoch 37/80 - Train Loss: 0.005271, Val Loss: 0.001830
2025-05-04 19:17:56,415 - INFO - Early stopping counter: 3/7
2025-05-04 19:17:57,857 - INFO - Epoch 38/80 - Train Loss: 0.006211, Val Loss: 0.001863
2025-05-04 19:17:57,858 - INFO - Early stopping counter: 4/7
2025-05-04 19:17:59,056 - INFO - Epoch 39/80 - Train Loss: 0.005479, Val Loss: 0.001860
2025-05-04 19:17:59,056 - INFO - Early stopping counter: 5/7
2025-05-04 19:18:00,094 - INFO - Epoch 40/80 - Train Loss: 0.004966, Val Loss: 0.001917
2025-05-04 19:18:00,816 - INFO - Early stopping counter: 6/7
2025-05-04 19:18:01,904 - INFO - Epoch 41/80 - Train Loss: 0.005609, Val Loss: 0.002030
2025-05-04 19:18:01,904 - INFO - Early stopping counter: 7/7
2025-05-04 19:18:01,904 - INFO - Early stopping triggered
2025-05-04 19:18:01,905 - INFO - Early stopping triggered
2025-05-04 19:18:01,905 - INFO - Training completed in 0:00:56.054885
2025-05-04 19:18:02,045 - INFO - Final model saved to output/final_model.pth
2025-05-04 19:18:08,442 - INFO - Processados 629 frames
2025-05-04 19:18:59,012 - INFO - Processados 1151 frames
2025-05-04 19:19:21,719 - INFO - Processados 1155 frames
2025-05-04 19:20:48,078 - INFO - Processados 1155 frames
2025-05-04 19:21:35,283 - INFO - Processados 1155 frames
2025-05-04 19:23:19,101 - INFO - Processados 1155 frames
2025-05-04 19:24:17,836 - INFO - Processados 1155 frames
2025-05-04 19:25:21,133 - INFO - Processados 1155 frames
2025-05-04 19:41:13,632 - INFO - Processados 1155 frames
2025-05-04 19:41:51,248 - INFO - Processados 799 frames
2025-05-04 19:42:22,842 - INFO - Processados 1155 frames
2025-05-04 19:56:32,981 - INFO - Processados 1155 frames
2025-05-04 19:59:32,781 - INFO - Processados 898 frames
2025-05-04 20:00:38,105 - INFO - Processados 1155 frames
