2025-05-05 11:28:15,695 - INFO - Using device: cuda
2025-05-05 11:28:15,698 - INFO - Found 222 images and 222 masks
2025-05-05 11:28:15,810 - INFO - Model parameters: 96,124
2025-05-05 11:28:16,282 - INFO - Using standard BCE Loss
2025-05-05 11:28:16,282 - INFO - Starting Jetson road detection model training at 2025-05-05 11:28:16.282858
2025-05-05 11:28:46,327 - INFO - Using device: cuda
2025-05-05 11:28:46,329 - INFO - Found 222 images and 222 masks
2025-05-05 11:28:46,430 - INFO - Model parameters: 96,124
2025-05-05 11:28:46,907 - INFO - Using standard BCE Loss
2025-05-05 11:28:46,908 - INFO - Starting Jetson road detection model training at 2025-05-05 11:28:46.908105
2025-05-05 11:33:27,217 - INFO - Using device: cuda
2025-05-05 11:33:27,219 - INFO - Found 222 images and 222 masks
2025-05-05 11:33:27,330 - INFO - Model parameters: 87,932
2025-05-05 11:33:27,797 - INFO - Using standard BCE Loss
2025-05-05 11:33:27,797 - INFO - Starting Jetson road detection model training at 2025-05-05 11:33:27.797378
2025-05-05 11:33:29,176 - INFO - Epoch 1/50 - Train Loss: 0.5380, Train Dice: 0.0315, Val Loss: 0.5235, Val Dice: 0.0308
2025-05-05 11:33:29,262 - INFO - New best model saved with validation loss: 0.5235
2025-05-05 11:33:30,175 - INFO - Epoch 2/50 - Train Loss: 0.4659, Train Dice: 0.0332, Val Loss: 0.4319, Val Dice: 0.0315
2025-05-05 11:33:30,182 - INFO - New best model saved with validation loss: 0.4319
2025-05-05 11:33:31,105 - INFO - Epoch 3/50 - Train Loss: 0.3932, Train Dice: 0.0354, Val Loss: 0.3560, Val Dice: 0.0347
2025-05-05 11:33:31,113 - INFO - New best model saved with validation loss: 0.3560
2025-05-05 11:33:32,039 - INFO - Epoch 4/50 - Train Loss: 0.3159, Train Dice: 0.0359, Val Loss: 0.2679, Val Dice: 0.0361
2025-05-05 11:33:32,046 - INFO - New best model saved with validation loss: 0.2679
2025-05-05 11:33:32,968 - INFO - Epoch 5/50 - Train Loss: 0.2502, Train Dice: 0.0375, Val Loss: 0.2229, Val Dice: 0.0394
2025-05-05 11:33:33,904 - INFO - New best model saved with validation loss: 0.2229
2025-05-05 11:33:34,854 - INFO - Epoch 6/50 - Train Loss: 0.2032, Train Dice: 0.0424, Val Loss: 0.1784, Val Dice: 0.0446
2025-05-05 11:33:34,862 - INFO - New best model saved with validation loss: 0.1784
2025-05-05 11:33:35,790 - INFO - Epoch 7/50 - Train Loss: 0.1702, Train Dice: 0.0474, Val Loss: 0.1567, Val Dice: 0.0513
2025-05-05 11:33:35,799 - INFO - New best model saved with validation loss: 0.1567
2025-05-05 11:33:36,740 - INFO - Epoch 8/50 - Train Loss: 0.1451, Train Dice: 0.0539, Val Loss: 0.1339, Val Dice: 0.0563
2025-05-05 11:33:36,747 - INFO - New best model saved with validation loss: 0.1339
2025-05-05 11:33:37,680 - INFO - Epoch 9/50 - Train Loss: 0.1267, Train Dice: 0.0590, Val Loss: 0.1160, Val Dice: 0.0625
2025-05-05 11:33:37,688 - INFO - New best model saved with validation loss: 0.1160
2025-05-05 11:33:38,617 - INFO - Epoch 10/50 - Train Loss: 0.1120, Train Dice: 0.0661, Val Loss: 0.1064, Val Dice: 0.0680
2025-05-05 11:33:39,431 - INFO - New best model saved with validation loss: 0.1064
2025-05-05 11:33:40,377 - INFO - Epoch 11/50 - Train Loss: 0.1017, Train Dice: 0.0716, Val Loss: 0.0951, Val Dice: 0.0757
2025-05-05 11:33:40,385 - INFO - New best model saved with validation loss: 0.0951
2025-05-05 11:33:41,324 - INFO - Epoch 12/50 - Train Loss: 0.0923, Train Dice: 0.0806, Val Loss: 0.0880, Val Dice: 0.0819
2025-05-05 11:33:41,331 - INFO - New best model saved with validation loss: 0.0880
2025-05-05 11:33:42,268 - INFO - Epoch 13/50 - Train Loss: 0.0854, Train Dice: 0.0882, Val Loss: 0.0790, Val Dice: 0.0903
2025-05-05 11:33:42,276 - INFO - New best model saved with validation loss: 0.0790
2025-05-05 11:33:43,225 - INFO - Epoch 14/50 - Train Loss: 0.0795, Train Dice: 0.0961, Val Loss: 0.0785, Val Dice: 0.0982
2025-05-05 11:33:43,235 - INFO - New best model saved with validation loss: 0.0785
2025-05-05 11:33:44,183 - INFO - Epoch 15/50 - Train Loss: 0.0757, Train Dice: 0.0997, Val Loss: 0.0725, Val Dice: 0.1012
2025-05-05 11:33:45,104 - INFO - New best model saved with validation loss: 0.0725
2025-05-05 11:33:46,065 - INFO - Epoch 16/50 - Train Loss: 0.0711, Train Dice: 0.1101, Val Loss: 0.0707, Val Dice: 0.1133
2025-05-05 11:33:46,071 - INFO - New best model saved with validation loss: 0.0707
2025-05-05 11:33:47,016 - INFO - Epoch 17/50 - Train Loss: 0.0686, Train Dice: 0.1169, Val Loss: 0.0681, Val Dice: 0.1208
2025-05-05 11:33:47,024 - INFO - New best model saved with validation loss: 0.0681
2025-05-05 11:33:47,963 - INFO - Epoch 18/50 - Train Loss: 0.0654, Train Dice: 0.1227, Val Loss: 0.0629, Val Dice: 0.1204
2025-05-05 11:33:47,972 - INFO - New best model saved with validation loss: 0.0629
2025-05-05 11:33:48,903 - INFO - Epoch 19/50 - Train Loss: 0.0629, Train Dice: 0.1280, Val Loss: 0.0628, Val Dice: 0.1303
2025-05-05 11:33:48,911 - INFO - New best model saved with validation loss: 0.0628
2025-05-05 11:33:49,848 - INFO - Epoch 20/50 - Train Loss: 0.0610, Train Dice: 0.1346, Val Loss: 0.0601, Val Dice: 0.1305
2025-05-05 11:33:50,636 - INFO - New best model saved with validation loss: 0.0601
2025-05-05 11:33:51,582 - INFO - Epoch 21/50 - Train Loss: 0.0593, Train Dice: 0.1422, Val Loss: 0.0581, Val Dice: 0.1447
2025-05-05 11:33:51,590 - INFO - New best model saved with validation loss: 0.0581
2025-05-05 11:33:52,534 - INFO - Epoch 22/50 - Train Loss: 0.0575, Train Dice: 0.1471, Val Loss: 0.0573, Val Dice: 0.1438
2025-05-05 11:33:52,542 - INFO - New best model saved with validation loss: 0.0573
2025-05-05 11:33:53,480 - INFO - Epoch 23/50 - Train Loss: 0.0560, Train Dice: 0.1533, Val Loss: 0.0593, Val Dice: 0.1487
2025-05-05 11:33:53,480 - INFO - Early stopping counter: 1/7
2025-05-05 11:33:54,412 - INFO - Epoch 24/50 - Train Loss: 0.0550, Train Dice: 0.1586, Val Loss: 0.0567, Val Dice: 0.1522
2025-05-05 11:33:54,421 - INFO - New best model saved with validation loss: 0.0567
2025-05-05 11:33:55,367 - INFO - Epoch 25/50 - Train Loss: 0.0533, Train Dice: 0.1668, Val Loss: 0.0533, Val Dice: 0.1573
2025-05-05 11:33:56,148 - INFO - New best model saved with validation loss: 0.0533
2025-05-05 11:33:57,082 - INFO - Epoch 26/50 - Train Loss: 0.0527, Train Dice: 0.1689, Val Loss: 0.0534, Val Dice: 0.1617
2025-05-05 11:33:57,082 - INFO - Early stopping counter: 1/7
2025-05-05 11:33:58,018 - INFO - Epoch 27/50 - Train Loss: 0.0521, Train Dice: 0.1741, Val Loss: 0.0529, Val Dice: 0.1698
2025-05-05 11:33:58,026 - INFO - New best model saved with validation loss: 0.0529
2025-05-05 11:33:58,967 - INFO - Epoch 28/50 - Train Loss: 0.0518, Train Dice: 0.1766, Val Loss: 0.0528, Val Dice: 0.1597
2025-05-05 11:33:58,976 - INFO - New best model saved with validation loss: 0.0528
2025-05-05 11:33:59,921 - INFO - Epoch 29/50 - Train Loss: 0.0507, Train Dice: 0.1830, Val Loss: 0.0517, Val Dice: 0.1746
2025-05-05 11:33:59,928 - INFO - New best model saved with validation loss: 0.0517
2025-05-05 11:34:00,863 - INFO - Epoch 30/50 - Train Loss: 0.0496, Train Dice: 0.1858, Val Loss: 0.0534, Val Dice: 0.1714
2025-05-05 11:34:01,738 - INFO - Early stopping counter: 1/7
2025-05-05 11:34:02,691 - INFO - Epoch 31/50 - Train Loss: 0.0495, Train Dice: 0.1883, Val Loss: 0.0507, Val Dice: 0.1774
2025-05-05 11:34:02,697 - INFO - New best model saved with validation loss: 0.0507
2025-05-05 11:34:03,637 - INFO - Epoch 32/50 - Train Loss: 0.0489, Train Dice: 0.1881, Val Loss: 0.0506, Val Dice: 0.1772
2025-05-05 11:34:03,645 - INFO - New best model saved with validation loss: 0.0506
2025-05-05 11:34:04,577 - INFO - Epoch 33/50 - Train Loss: 0.0480, Train Dice: 0.1958, Val Loss: 0.0507, Val Dice: 0.1744
2025-05-05 11:34:04,577 - INFO - Early stopping counter: 1/7
2025-05-05 11:34:05,552 - INFO - Epoch 34/50 - Train Loss: 0.0469, Train Dice: 0.2013, Val Loss: 0.0496, Val Dice: 0.1846
2025-05-05 11:34:05,559 - INFO - New best model saved with validation loss: 0.0496
2025-05-05 11:34:06,571 - INFO - Epoch 35/50 - Train Loss: 0.0478, Train Dice: 0.1991, Val Loss: 0.0504, Val Dice: 0.1902
2025-05-05 11:34:07,378 - INFO - Early stopping counter: 1/7
2025-05-05 11:34:08,331 - INFO - Epoch 36/50 - Train Loss: 0.0469, Train Dice: 0.2026, Val Loss: 0.0496, Val Dice: 0.1898
2025-05-05 11:34:08,339 - INFO - New best model saved with validation loss: 0.0496
2025-05-05 11:34:09,286 - INFO - Epoch 37/50 - Train Loss: 0.0473, Train Dice: 0.2015, Val Loss: 0.0494, Val Dice: 0.1913
2025-05-05 11:34:09,295 - INFO - New best model saved with validation loss: 0.0494
2025-05-05 11:34:10,239 - INFO - Epoch 38/50 - Train Loss: 0.0458, Train Dice: 0.2117, Val Loss: 0.0485, Val Dice: 0.1963
2025-05-05 11:34:10,248 - INFO - New best model saved with validation loss: 0.0485
2025-05-05 11:34:11,214 - INFO - Epoch 39/50 - Train Loss: 0.0449, Train Dice: 0.2176, Val Loss: 0.0483, Val Dice: 0.1891
2025-05-05 11:34:11,221 - INFO - New best model saved with validation loss: 0.0483
2025-05-05 11:34:12,180 - INFO - Epoch 40/50 - Train Loss: 0.0442, Train Dice: 0.2220, Val Loss: 0.0485, Val Dice: 0.1944
2025-05-05 11:34:13,061 - INFO - Early stopping counter: 1/7
2025-05-05 11:34:14,035 - INFO - Epoch 41/50 - Train Loss: 0.0445, Train Dice: 0.2195, Val Loss: 0.0487, Val Dice: 0.1900
2025-05-05 11:34:14,035 - INFO - Early stopping counter: 2/7
2025-05-05 11:34:14,976 - INFO - Epoch 42/50 - Train Loss: 0.0447, Train Dice: 0.2195, Val Loss: 0.0480, Val Dice: 0.2003
2025-05-05 11:34:14,986 - INFO - New best model saved with validation loss: 0.0480
2025-05-05 11:34:15,950 - INFO - Epoch 43/50 - Train Loss: 0.0432, Train Dice: 0.2261, Val Loss: 0.0482, Val Dice: 0.2004
2025-05-05 11:34:15,950 - INFO - Early stopping counter: 1/7
2025-05-05 11:34:16,901 - INFO - Epoch 44/50 - Train Loss: 0.0444, Train Dice: 0.2237, Val Loss: 0.0496, Val Dice: 0.1879
2025-05-05 11:34:16,901 - INFO - Early stopping counter: 2/7
2025-05-05 11:34:17,868 - INFO - Epoch 45/50 - Train Loss: 0.0426, Train Dice: 0.2341, Val Loss: 0.0484, Val Dice: 0.2042
2025-05-05 11:34:18,696 - INFO - Early stopping counter: 3/7
2025-05-05 11:34:19,656 - INFO - Epoch 46/50 - Train Loss: 0.0420, Train Dice: 0.2355, Val Loss: 0.0477, Val Dice: 0.2080
2025-05-05 11:34:19,665 - INFO - New best model saved with validation loss: 0.0477
2025-05-05 11:34:20,611 - INFO - Epoch 47/50 - Train Loss: 0.0416, Train Dice: 0.2375, Val Loss: 0.0477, Val Dice: 0.2130
2025-05-05 11:34:20,621 - INFO - New best model saved with validation loss: 0.0477
2025-05-05 11:34:21,564 - INFO - Epoch 48/50 - Train Loss: 0.0415, Train Dice: 0.2472, Val Loss: 0.0474, Val Dice: 0.2141
2025-05-05 11:34:21,571 - INFO - New best model saved with validation loss: 0.0474
2025-05-05 11:34:22,522 - INFO - Epoch 49/50 - Train Loss: 0.0402, Train Dice: 0.2466, Val Loss: 0.0479, Val Dice: 0.2080
2025-05-05 11:34:22,522 - INFO - Early stopping counter: 1/7
2025-05-05 11:34:23,500 - INFO - Epoch 50/50 - Train Loss: 0.0400, Train Dice: 0.2552, Val Loss: 0.0477, Val Dice: 0.2123
2025-05-05 11:34:24,328 - INFO - Early stopping counter: 2/7
2025-05-05 11:34:24,328 - INFO - Training completed in 0:00:56.531585
2025-05-05 11:34:24,336 - INFO - Final model saved to road_model/final_model.pth
2025-05-05 11:34:24,723 - INFO - Training complete with best Dice score: 0.2141
2025-05-05 11:44:49,838 - INFO - Using device: cuda
2025-05-05 11:44:49,839 - INFO - Found 222 images and 222 masks
2025-05-05 11:44:49,948 - INFO - Model parameters: 87,932
2025-05-05 11:44:50,431 - INFO - Using standard BCE Loss
2025-05-05 11:44:50,431 - INFO - Starting Jetson road detection model training at 2025-05-05 11:44:50.431437
2025-05-05 11:44:52,293 - INFO - Epoch 1/100 - Train Loss: 0.5376, Train Dice: 0.0314, Val Loss: 0.5203, Val Dice: 0.0310
2025-05-05 11:44:52,380 - INFO - New best model saved with validation loss: 0.5203
2025-05-05 11:44:53,795 - INFO - Epoch 2/100 - Train Loss: 0.4656, Train Dice: 0.0330, Val Loss: 0.4222, Val Dice: 0.0314
2025-05-05 11:44:53,802 - INFO - New best model saved with validation loss: 0.4222
2025-05-05 11:44:55,217 - INFO - Epoch 3/100 - Train Loss: 0.3937, Train Dice: 0.0355, Val Loss: 0.3561, Val Dice: 0.0358
2025-05-05 11:44:55,225 - INFO - New best model saved with validation loss: 0.3561
2025-05-05 11:44:56,643 - INFO - Epoch 4/100 - Train Loss: 0.3182, Train Dice: 0.0363, Val Loss: 0.2758, Val Dice: 0.0375
2025-05-05 11:44:56,650 - INFO - New best model saved with validation loss: 0.2758
2025-05-05 11:44:58,066 - INFO - Epoch 5/100 - Train Loss: 0.2529, Train Dice: 0.0388, Val Loss: 0.2222, Val Dice: 0.0408
2025-05-05 11:44:59,076 - INFO - New best model saved with validation loss: 0.2222
2025-05-05 11:45:00,569 - INFO - Epoch 6/100 - Train Loss: 0.2044, Train Dice: 0.0439, Val Loss: 0.1829, Val Dice: 0.0472
2025-05-05 11:45:00,577 - INFO - New best model saved with validation loss: 0.1829
2025-05-05 11:45:02,046 - INFO - Epoch 7/100 - Train Loss: 0.1698, Train Dice: 0.0502, Val Loss: 0.1514, Val Dice: 0.0547
2025-05-05 11:45:02,053 - INFO - New best model saved with validation loss: 0.1514
2025-05-05 11:45:03,499 - INFO - Epoch 8/100 - Train Loss: 0.1440, Train Dice: 0.0569, Val Loss: 0.1283, Val Dice: 0.0600
2025-05-05 11:45:03,506 - INFO - New best model saved with validation loss: 0.1283
2025-05-05 11:45:04,931 - INFO - Epoch 9/100 - Train Loss: 0.1252, Train Dice: 0.0627, Val Loss: 0.1129, Val Dice: 0.0658
2025-05-05 11:45:04,939 - INFO - New best model saved with validation loss: 0.1129
2025-05-05 11:45:06,377 - INFO - Epoch 10/100 - Train Loss: 0.1102, Train Dice: 0.0699, Val Loss: 0.1033, Val Dice: 0.0733
2025-05-05 11:45:07,229 - INFO - New best model saved with validation loss: 0.1033
2025-05-05 11:45:08,646 - INFO - Epoch 11/100 - Train Loss: 0.0996, Train Dice: 0.0767, Val Loss: 0.0938, Val Dice: 0.0829
2025-05-05 11:45:08,655 - INFO - New best model saved with validation loss: 0.0938
2025-05-05 11:45:10,061 - INFO - Epoch 12/100 - Train Loss: 0.0901, Train Dice: 0.0865, Val Loss: 0.0895, Val Dice: 0.0853
2025-05-05 11:45:10,068 - INFO - New best model saved with validation loss: 0.0895
2025-05-05 11:45:11,472 - INFO - Epoch 13/100 - Train Loss: 0.0831, Train Dice: 0.0946, Val Loss: 0.0761, Val Dice: 0.0928
2025-05-05 11:45:11,479 - INFO - New best model saved with validation loss: 0.0761
2025-05-05 11:45:12,888 - INFO - Epoch 14/100 - Train Loss: 0.0773, Train Dice: 0.1022, Val Loss: 0.0783, Val Dice: 0.1039
2025-05-05 11:45:12,888 - INFO - Early stopping counter: 1/7
2025-05-05 11:45:14,294 - INFO - Epoch 15/100 - Train Loss: 0.0735, Train Dice: 0.1073, Val Loss: 0.0734, Val Dice: 0.1069
2025-05-05 11:45:15,246 - INFO - New best model saved with validation loss: 0.0734
2025-05-05 11:45:16,700 - INFO - Epoch 16/100 - Train Loss: 0.0693, Train Dice: 0.1161, Val Loss: 0.0678, Val Dice: 0.1240
2025-05-05 11:45:16,708 - INFO - New best model saved with validation loss: 0.0678
2025-05-05 11:45:18,140 - INFO - Epoch 17/100 - Train Loss: 0.0667, Train Dice: 0.1241, Val Loss: 0.0643, Val Dice: 0.1285
2025-05-05 11:45:18,147 - INFO - New best model saved with validation loss: 0.0643
2025-05-05 11:45:19,625 - INFO - Epoch 18/100 - Train Loss: 0.0637, Train Dice: 0.1305, Val Loss: 0.0632, Val Dice: 0.1264
2025-05-05 11:45:19,633 - INFO - New best model saved with validation loss: 0.0632
2025-05-05 11:45:21,075 - INFO - Epoch 19/100 - Train Loss: 0.0614, Train Dice: 0.1376, Val Loss: 0.0601, Val Dice: 0.1355
2025-05-05 11:45:21,084 - INFO - New best model saved with validation loss: 0.0601
2025-05-05 11:45:22,520 - INFO - Epoch 20/100 - Train Loss: 0.0595, Train Dice: 0.1439, Val Loss: 0.0589, Val Dice: 0.1400
2025-05-05 11:45:23,368 - INFO - New best model saved with validation loss: 0.0589
2025-05-05 11:45:24,821 - INFO - Epoch 21/100 - Train Loss: 0.0578, Train Dice: 0.1522, Val Loss: 0.0577, Val Dice: 0.1567
2025-05-05 11:45:24,829 - INFO - New best model saved with validation loss: 0.0577
2025-05-05 11:45:26,273 - INFO - Epoch 22/100 - Train Loss: 0.0561, Train Dice: 0.1569, Val Loss: 0.0566, Val Dice: 0.1545
2025-05-05 11:45:26,281 - INFO - New best model saved with validation loss: 0.0566
2025-05-05 11:45:27,737 - INFO - Epoch 23/100 - Train Loss: 0.0548, Train Dice: 0.1634, Val Loss: 0.0556, Val Dice: 0.1657
2025-05-05 11:45:27,745 - INFO - New best model saved with validation loss: 0.0556
2025-05-05 11:45:29,178 - INFO - Epoch 24/100 - Train Loss: 0.0537, Train Dice: 0.1690, Val Loss: 0.0546, Val Dice: 0.1647
2025-05-05 11:45:29,186 - INFO - New best model saved with validation loss: 0.0546
2025-05-05 11:45:30,617 - INFO - Epoch 25/100 - Train Loss: 0.0523, Train Dice: 0.1778, Val Loss: 0.0529, Val Dice: 0.1665
2025-05-05 11:45:31,537 - INFO - New best model saved with validation loss: 0.0529
2025-05-05 11:45:32,976 - INFO - Epoch 26/100 - Train Loss: 0.0516, Train Dice: 0.1802, Val Loss: 0.0524, Val Dice: 0.1719
2025-05-05 11:45:32,984 - INFO - New best model saved with validation loss: 0.0524
2025-05-05 11:45:34,416 - INFO - Epoch 27/100 - Train Loss: 0.0511, Train Dice: 0.1835, Val Loss: 0.0526, Val Dice: 0.1811
2025-05-05 11:45:34,417 - INFO - Early stopping counter: 1/7
2025-05-05 11:45:35,845 - INFO - Epoch 28/100 - Train Loss: 0.0510, Train Dice: 0.1862, Val Loss: 0.0511, Val Dice: 0.1749
2025-05-05 11:45:35,853 - INFO - New best model saved with validation loss: 0.0511
2025-05-05 11:45:37,285 - INFO - Epoch 29/100 - Train Loss: 0.0499, Train Dice: 0.1893, Val Loss: 0.0517, Val Dice: 0.1814
2025-05-05 11:45:37,286 - INFO - Early stopping counter: 1/7
2025-05-05 11:45:38,713 - INFO - Epoch 30/100 - Train Loss: 0.0491, Train Dice: 0.1944, Val Loss: 0.0534, Val Dice: 0.1755
2025-05-05 11:45:39,535 - INFO - Early stopping counter: 2/7
2025-05-05 11:45:40,974 - INFO - Epoch 31/100 - Train Loss: 0.0491, Train Dice: 0.1949, Val Loss: 0.0509, Val Dice: 0.1841
2025-05-05 11:45:40,983 - INFO - New best model saved with validation loss: 0.0509
2025-05-05 11:45:42,448 - INFO - Epoch 32/100 - Train Loss: 0.0485, Train Dice: 0.1949, Val Loss: 0.0507, Val Dice: 0.1799
2025-05-05 11:45:42,455 - INFO - New best model saved with validation loss: 0.0507
2025-05-05 11:45:43,907 - INFO - Epoch 33/100 - Train Loss: 0.0478, Train Dice: 0.2008, Val Loss: 0.0500, Val Dice: 0.1836
2025-05-05 11:45:43,915 - INFO - New best model saved with validation loss: 0.0500
2025-05-05 11:45:45,378 - INFO - Epoch 34/100 - Train Loss: 0.0464, Train Dice: 0.2104, Val Loss: 0.0501, Val Dice: 0.1922
2025-05-05 11:45:45,379 - INFO - Early stopping counter: 1/7
2025-05-05 11:45:46,845 - INFO - Epoch 35/100 - Train Loss: 0.0476, Train Dice: 0.2059, Val Loss: 0.0490, Val Dice: 0.1961
2025-05-05 11:45:47,791 - INFO - New best model saved with validation loss: 0.0490
2025-05-05 11:45:49,233 - INFO - Epoch 36/100 - Train Loss: 0.0460, Train Dice: 0.2102, Val Loss: 0.0487, Val Dice: 0.2041
2025-05-05 11:45:49,240 - INFO - New best model saved with validation loss: 0.0487
2025-05-05 11:45:50,682 - INFO - Epoch 37/100 - Train Loss: 0.0465, Train Dice: 0.2129, Val Loss: 0.0502, Val Dice: 0.1968
2025-05-05 11:45:50,682 - INFO - Early stopping counter: 1/7
2025-05-05 11:45:52,120 - INFO - Epoch 38/100 - Train Loss: 0.0459, Train Dice: 0.2161, Val Loss: 0.0481, Val Dice: 0.2016
2025-05-05 11:45:52,128 - INFO - New best model saved with validation loss: 0.0481
2025-05-05 11:45:53,567 - INFO - Epoch 39/100 - Train Loss: 0.0447, Train Dice: 0.2234, Val Loss: 0.0488, Val Dice: 0.1991
2025-05-05 11:45:53,567 - INFO - Early stopping counter: 1/7
2025-05-05 11:45:54,997 - INFO - Epoch 40/100 - Train Loss: 0.0444, Train Dice: 0.2267, Val Loss: 0.0482, Val Dice: 0.1989
2025-05-05 11:45:55,802 - INFO - Early stopping counter: 2/7
2025-05-05 11:45:57,240 - INFO - Epoch 41/100 - Train Loss: 0.0446, Train Dice: 0.2222, Val Loss: 0.0491, Val Dice: 0.1980
2025-05-05 11:45:57,241 - INFO - Early stopping counter: 3/7
2025-05-05 11:45:58,675 - INFO - Epoch 42/100 - Train Loss: 0.0451, Train Dice: 0.2209, Val Loss: 0.0477, Val Dice: 0.2115
2025-05-05 11:45:58,686 - INFO - New best model saved with validation loss: 0.0477
2025-05-05 11:46:00,128 - INFO - Epoch 43/100 - Train Loss: 0.0433, Train Dice: 0.2276, Val Loss: 0.0484, Val Dice: 0.2090
2025-05-05 11:46:00,128 - INFO - Early stopping counter: 1/7
2025-05-05 11:46:01,568 - INFO - Epoch 44/100 - Train Loss: 0.0446, Train Dice: 0.2269, Val Loss: 0.0490, Val Dice: 0.2030
2025-05-05 11:46:01,569 - INFO - Early stopping counter: 2/7
2025-05-05 11:46:02,999 - INFO - Epoch 45/100 - Train Loss: 0.0426, Train Dice: 0.2381, Val Loss: 0.0478, Val Dice: 0.2133
2025-05-05 11:46:03,794 - INFO - Early stopping counter: 3/7
2025-05-05 11:46:05,231 - INFO - Epoch 46/100 - Train Loss: 0.0422, Train Dice: 0.2381, Val Loss: 0.0482, Val Dice: 0.2132
2025-05-05 11:46:05,231 - INFO - Early stopping counter: 4/7
2025-05-05 11:46:06,671 - INFO - Epoch 47/100 - Train Loss: 0.0414, Train Dice: 0.2428, Val Loss: 0.0474, Val Dice: 0.2140
2025-05-05 11:46:06,680 - INFO - New best model saved with validation loss: 0.0474
2025-05-05 11:46:08,128 - INFO - Epoch 48/100 - Train Loss: 0.0409, Train Dice: 0.2512, Val Loss: 0.0476, Val Dice: 0.2151
2025-05-05 11:46:08,129 - INFO - Early stopping counter: 1/7
2025-05-05 11:46:09,558 - INFO - Epoch 49/100 - Train Loss: 0.0400, Train Dice: 0.2517, Val Loss: 0.0476, Val Dice: 0.2148
2025-05-05 11:46:09,559 - INFO - Early stopping counter: 2/7
2025-05-05 11:46:10,991 - INFO - Epoch 50/100 - Train Loss: 0.0397, Train Dice: 0.2585, Val Loss: 0.0478, Val Dice: 0.2145
2025-05-05 11:46:11,917 - INFO - Early stopping counter: 3/7
2025-05-05 11:46:13,364 - INFO - Epoch 51/100 - Train Loss: 0.0396, Train Dice: 0.2586, Val Loss: 0.0478, Val Dice: 0.2170
2025-05-05 11:46:13,364 - INFO - Early stopping counter: 4/7
2025-05-05 11:46:14,803 - INFO - Epoch 52/100 - Train Loss: 0.0408, Train Dice: 0.2579, Val Loss: 0.0474, Val Dice: 0.2215
2025-05-05 11:46:14,803 - INFO - Early stopping counter: 5/7
2025-05-05 11:46:16,236 - INFO - Epoch 53/100 - Train Loss: 0.0395, Train Dice: 0.2563, Val Loss: 0.0471, Val Dice: 0.2211
2025-05-05 11:46:16,243 - INFO - New best model saved with validation loss: 0.0471
2025-05-05 11:46:17,685 - INFO - Epoch 54/100 - Train Loss: 0.0391, Train Dice: 0.2647, Val Loss: 0.0473, Val Dice: 0.2219
2025-05-05 11:46:17,685 - INFO - Early stopping counter: 1/7
2025-05-05 11:46:19,116 - INFO - Epoch 55/100 - Train Loss: 0.0398, Train Dice: 0.2603, Val Loss: 0.0475, Val Dice: 0.2229
2025-05-05 11:46:19,911 - INFO - Early stopping counter: 2/7
2025-05-05 11:46:21,356 - INFO - Epoch 56/100 - Train Loss: 0.0383, Train Dice: 0.2695, Val Loss: 0.0474, Val Dice: 0.2235
2025-05-05 11:46:21,356 - INFO - Early stopping counter: 3/7
2025-05-05 11:46:22,790 - INFO - Epoch 57/100 - Train Loss: 0.0382, Train Dice: 0.2702, Val Loss: 0.0478, Val Dice: 0.2202
2025-05-05 11:46:22,790 - INFO - Early stopping counter: 4/7
2025-05-05 11:46:24,238 - INFO - Epoch 58/100 - Train Loss: 0.0383, Train Dice: 0.2701, Val Loss: 0.0476, Val Dice: 0.2222
2025-05-05 11:46:24,238 - INFO - Early stopping counter: 5/7
2025-05-05 11:46:25,717 - INFO - Epoch 59/100 - Train Loss: 0.0375, Train Dice: 0.2748, Val Loss: 0.0476, Val Dice: 0.2194
2025-05-05 11:46:25,717 - INFO - Early stopping counter: 6/7
2025-05-05 11:46:27,201 - INFO - Epoch 60/100 - Train Loss: 0.0375, Train Dice: 0.2741, Val Loss: 0.0477, Val Dice: 0.2198
2025-05-05 11:46:28,126 - INFO - Early stopping counter: 7/7
2025-05-05 11:46:28,126 - INFO - Early stopping triggered
2025-05-05 11:46:28,126 - INFO - Early stopping triggered
2025-05-05 11:46:28,126 - INFO - Training completed in 0:01:37.695262
2025-05-05 11:46:28,135 - INFO - Final model saved to road_model/final_model.pth
2025-05-05 11:46:28,420 - INFO - Training complete with best Dice score: 0.2235
