2025-05-04 11:53:44,144 - INFO - Using device: cuda
2025-05-04 11:53:44,149 - INFO - Found 348 images and 348 masks
2025-05-04 11:53:44,641 - INFO - Starting training at 2025-05-04 11:53:44.640989
2025-05-04 11:54:33,217 - INFO - Epoch 1/20 - Train Loss: 0.2571, Train Dice: 0.0285, Val Loss: 0.1432, Val Dice: 0.0276, Val IoU: 0.0003
2025-05-04 11:54:33,443 - INFO - New best model saved with validation loss: 0.1432
2025-05-04 11:55:21,273 - INFO - Epoch 2/20 - Train Loss: 0.1071, Train Dice: 0.0259, Val Loss: 0.0912, Val Dice: 0.0264, Val IoU: 0.0003
2025-05-04 11:55:21,774 - INFO - New best model saved with validation loss: 0.0912
2025-05-04 11:56:09,749 - INFO - Epoch 3/20 - Train Loss: 0.0835, Train Dice: 0.0279, Val Loss: 0.0756, Val Dice: 0.0360, Val IoU: 0.0003
2025-05-04 11:56:10,263 - INFO - New best model saved with validation loss: 0.0756
2025-05-04 11:56:58,143 - INFO - Epoch 4/20 - Train Loss: 0.0741, Train Dice: 0.0465, Val Loss: 0.0669, Val Dice: 0.0791, Val IoU: 0.0003
2025-05-04 11:56:58,612 - INFO - New best model saved with validation loss: 0.0669
2025-05-04 11:57:46,646 - INFO - Epoch 5/20 - Train Loss: 0.0696, Train Dice: 0.0580, Val Loss: 0.0638, Val Dice: 0.0770, Val IoU: 0.0003
2025-05-04 11:57:48,665 - INFO - New best model saved with validation loss: 0.0638
2025-05-04 11:58:36,653 - INFO - Epoch 6/20 - Train Loss: 0.0671, Train Dice: 0.0684, Val Loss: 0.0638, Val Dice: 0.0692, Val IoU: 0.0003
2025-05-04 11:58:36,654 - INFO - Early stopping counter: 1/5
2025-05-04 11:59:24,522 - INFO - Epoch 7/20 - Train Loss: 0.0654, Train Dice: 0.0762, Val Loss: 0.0639, Val Dice: 0.0789, Val IoU: 0.0003
2025-05-04 11:59:24,522 - INFO - Early stopping counter: 2/5
2025-05-04 12:00:12,404 - INFO - Epoch 8/20 - Train Loss: 0.0644, Train Dice: 0.0786, Val Loss: 0.0630, Val Dice: 0.0797, Val IoU: 0.0003
2025-05-04 12:00:12,907 - INFO - New best model saved with validation loss: 0.0630
2025-05-04 12:01:00,809 - INFO - Epoch 9/20 - Train Loss: 0.0627, Train Dice: 0.0865, Val Loss: 0.0594, Val Dice: 0.0904, Val IoU: 0.0003
2025-05-04 12:01:01,310 - INFO - New best model saved with validation loss: 0.0594
2025-05-04 12:01:49,211 - INFO - Epoch 10/20 - Train Loss: 0.0629, Train Dice: 0.0888, Val Loss: 0.0588, Val Dice: 0.1068, Val IoU: 0.0003
2025-05-04 12:01:51,136 - INFO - New best model saved with validation loss: 0.0588
2025-05-04 12:02:39,166 - INFO - Epoch 11/20 - Train Loss: 0.0608, Train Dice: 0.0963, Val Loss: 0.0578, Val Dice: 0.1085, Val IoU: 0.0003
2025-05-04 12:02:39,607 - INFO - New best model saved with validation loss: 0.0578
2025-05-04 12:03:27,728 - INFO - Epoch 12/20 - Train Loss: 0.0608, Train Dice: 0.1009, Val Loss: 0.0592, Val Dice: 0.1176, Val IoU: 0.0003
2025-05-04 12:03:27,728 - INFO - Early stopping counter: 1/5
2025-05-04 12:04:15,702 - INFO - Epoch 13/20 - Train Loss: 0.0597, Train Dice: 0.1026, Val Loss: 0.0573, Val Dice: 0.1149, Val IoU: 0.0003
2025-05-04 12:04:16,113 - INFO - New best model saved with validation loss: 0.0573
2025-05-04 12:05:03,945 - INFO - Epoch 14/20 - Train Loss: 0.0594, Train Dice: 0.1054, Val Loss: 0.0560, Val Dice: 0.1054, Val IoU: 0.0003
2025-05-04 12:05:04,431 - INFO - New best model saved with validation loss: 0.0560
2025-05-04 12:05:52,373 - INFO - Epoch 15/20 - Train Loss: 0.0589, Train Dice: 0.1062, Val Loss: 0.0554, Val Dice: 0.1316, Val IoU: 0.0003
2025-05-04 12:05:54,345 - INFO - New best model saved with validation loss: 0.0554
2025-05-04 12:06:42,378 - INFO - Epoch 16/20 - Train Loss: 0.0578, Train Dice: 0.1145, Val Loss: 0.0564, Val Dice: 0.1103, Val IoU: 0.0003
2025-05-04 12:06:42,378 - INFO - Early stopping counter: 1/5
2025-05-04 12:07:30,542 - INFO - Epoch 17/20 - Train Loss: 0.0581, Train Dice: 0.1102, Val Loss: 0.0557, Val Dice: 0.1278, Val IoU: 0.0003
2025-05-04 12:07:30,542 - INFO - Early stopping counter: 2/5
2025-05-04 12:08:20,643 - INFO - Epoch 18/20 - Train Loss: 0.0570, Train Dice: 0.1167, Val Loss: 0.0553, Val Dice: 0.1294, Val IoU: 0.0003
2025-05-04 12:08:21,162 - INFO - New best model saved with validation loss: 0.0553
2025-05-04 12:09:10,043 - INFO - Epoch 19/20 - Train Loss: 0.0564, Train Dice: 0.1244, Val Loss: 0.0539, Val Dice: 0.1355, Val IoU: 0.0003
2025-05-04 12:09:10,514 - INFO - New best model saved with validation loss: 0.0539
2025-05-04 12:09:59,446 - INFO - Epoch 20/20 - Train Loss: 0.0560, Train Dice: 0.1275, Val Loss: 0.0540, Val Dice: 0.1230, Val IoU: 0.0003
2025-05-04 12:10:00,937 - INFO - Early stopping counter: 1/5
2025-05-04 12:10:00,937 - INFO - Training completed in 0:16:16.296686
2025-05-04 12:10:01,134 - INFO - Final model saved to output/final_model.pth
2025-05-04 12:11:27,543 - INFO - Using device: cuda
2025-05-04 12:11:27,548 - INFO - Found 375 images and 348 masks
2025-05-04 12:15:58,216 - INFO - Using device: cuda
2025-05-04 12:15:58,220 - INFO - Found 375 images and 375 masks
2025-05-04 12:15:58,715 - INFO - Starting training at 2025-05-04 12:15:58.715218
2025-05-04 12:16:51,154 - INFO - Epoch 1/20 - Train Loss: 0.2540, Train Dice: 0.0285, Val Loss: 0.1439, Val Dice: 0.0283, Val IoU: 0.0003
2025-05-04 12:16:51,374 - INFO - New best model saved with validation loss: 0.1439
2025-05-04 12:17:43,889 - INFO - Epoch 2/20 - Train Loss: 0.1036, Train Dice: 0.0263, Val Loss: 0.0878, Val Dice: 0.0266, Val IoU: 0.0012
2025-05-04 12:17:44,417 - INFO - New best model saved with validation loss: 0.0878
2025-05-04 12:18:37,928 - INFO - Epoch 3/20 - Train Loss: 0.0812, Train Dice: 0.0317, Val Loss: 0.0783, Val Dice: 0.0500, Val IoU: 0.0003
2025-05-04 12:18:38,426 - INFO - New best model saved with validation loss: 0.0783
2025-05-04 12:19:31,735 - INFO - Epoch 4/20 - Train Loss: 0.0744, Train Dice: 0.0410, Val Loss: 0.0691, Val Dice: 0.0494, Val IoU: 0.0003
2025-05-04 12:19:32,261 - INFO - New best model saved with validation loss: 0.0691
2025-05-04 12:20:25,610 - INFO - Epoch 5/20 - Train Loss: 0.0705, Train Dice: 0.0519, Val Loss: 0.0673, Val Dice: 0.0802, Val IoU: 0.0003
2025-05-04 12:20:28,033 - INFO - New best model saved with validation loss: 0.0673
2025-05-04 12:21:21,173 - INFO - Epoch 6/20 - Train Loss: 0.0685, Train Dice: 0.0597, Val Loss: 0.0645, Val Dice: 0.0739, Val IoU: 0.0003
2025-05-04 12:21:21,649 - INFO - New best model saved with validation loss: 0.0645
2025-05-04 12:22:14,407 - INFO - Epoch 7/20 - Train Loss: 0.0683, Train Dice: 0.0612, Val Loss: 0.0617, Val Dice: 0.0777, Val IoU: 0.0003
2025-05-04 12:22:14,932 - INFO - New best model saved with validation loss: 0.0617
2025-05-04 12:23:09,087 - INFO - Epoch 8/20 - Train Loss: 0.0662, Train Dice: 0.0701, Val Loss: 0.0624, Val Dice: 0.0757, Val IoU: 0.0003
2025-05-04 12:23:09,088 - INFO - Early stopping counter: 1/5
2025-05-04 12:24:02,752 - INFO - Epoch 9/20 - Train Loss: 0.0651, Train Dice: 0.0780, Val Loss: 0.0627, Val Dice: 0.0941, Val IoU: 0.0003
2025-05-04 12:24:02,753 - INFO - Early stopping counter: 2/5
2025-05-04 12:24:56,246 - INFO - Epoch 10/20 - Train Loss: 0.0644, Train Dice: 0.0797, Val Loss: 0.0649, Val Dice: 0.0636, Val IoU: 0.0003
2025-05-04 12:24:58,084 - INFO - Early stopping counter: 3/5
2025-05-04 12:25:50,935 - INFO - Epoch 11/20 - Train Loss: 0.0635, Train Dice: 0.0840, Val Loss: 0.0607, Val Dice: 0.0818, Val IoU: 0.0003
2025-05-04 12:25:51,453 - INFO - New best model saved with validation loss: 0.0607
2025-05-04 12:26:45,766 - INFO - Epoch 12/20 - Train Loss: 0.0629, Train Dice: 0.0887, Val Loss: 0.0611, Val Dice: 0.0833, Val IoU: 0.0003
2025-05-04 12:26:45,766 - INFO - Early stopping counter: 1/5
2025-05-04 12:27:39,840 - INFO - Epoch 13/20 - Train Loss: 0.0625, Train Dice: 0.0930, Val Loss: 0.0583, Val Dice: 0.1037, Val IoU: 0.0003
2025-05-04 12:27:40,337 - INFO - New best model saved with validation loss: 0.0583
2025-05-04 12:28:33,446 - INFO - Epoch 14/20 - Train Loss: 0.0614, Train Dice: 0.0981, Val Loss: 0.0605, Val Dice: 0.1013, Val IoU: 0.0003
2025-05-04 12:28:33,447 - INFO - Early stopping counter: 1/5
2025-05-04 12:29:27,131 - INFO - Epoch 15/20 - Train Loss: 0.0602, Train Dice: 0.0985, Val Loss: 0.0589, Val Dice: 0.1298, Val IoU: 0.0003
2025-05-04 12:29:28,994 - INFO - Early stopping counter: 2/5
2025-05-04 12:30:22,721 - INFO - Epoch 16/20 - Train Loss: 0.0597, Train Dice: 0.1082, Val Loss: 0.0593, Val Dice: 0.0867, Val IoU: 0.0003
2025-05-04 12:30:22,721 - INFO - Early stopping counter: 3/5
2025-05-04 12:31:17,135 - INFO - Epoch 17/20 - Train Loss: 0.0596, Train Dice: 0.1010, Val Loss: 0.0557, Val Dice: 0.1158, Val IoU: 0.0003
2025-05-04 12:31:17,682 - INFO - New best model saved with validation loss: 0.0557
2025-05-04 12:32:11,477 - INFO - Epoch 18/20 - Train Loss: 0.0589, Train Dice: 0.1084, Val Loss: 0.0593, Val Dice: 0.1100, Val IoU: 0.0003
2025-05-04 12:32:11,478 - INFO - Early stopping counter: 1/5
2025-05-04 12:33:05,107 - INFO - Epoch 19/20 - Train Loss: 0.0584, Train Dice: 0.1111, Val Loss: 0.0552, Val Dice: 0.1186, Val IoU: 0.0003
2025-05-04 12:33:05,667 - INFO - New best model saved with validation loss: 0.0552
2025-05-04 12:33:58,646 - INFO - Epoch 20/20 - Train Loss: 0.0577, Train Dice: 0.1162, Val Loss: 0.0547, Val Dice: 0.1344, Val IoU: 0.0003
2025-05-04 12:34:00,725 - INFO - New best model saved with validation loss: 0.0547
2025-05-04 12:34:00,726 - INFO - Training completed in 0:18:02.011520
2025-05-04 12:34:01,034 - INFO - Final model saved to output/final_model.pth
2025-05-04 12:34:34,412 - INFO - Using device: cuda
2025-05-04 12:34:34,416 - INFO - Found 375 images and 375 masks
2025-05-04 12:34:35,016 - INFO - Starting training at 2025-05-04 12:34:35.016258
2025-05-04 12:36:38,037 - INFO - Using device: cuda
2025-05-04 12:36:38,041 - INFO - Found 375 images and 375 masks
2025-05-04 12:36:38,542 - INFO - Starting training at 2025-05-04 12:36:38.542276
2025-05-04 12:37:32,032 - INFO - Epoch 1/50 - Train Loss: 0.4842, Train Dice: 0.0310, Val Loss: 0.3890, Val Dice: 0.0291, Val IoU: 0.0002
2025-05-04 12:37:32,228 - INFO - New best model saved with validation loss: 0.3890
2025-05-04 12:38:26,696 - INFO - Epoch 2/50 - Train Loss: 0.3468, Train Dice: 0.0304, Val Loss: 0.3400, Val Dice: 0.0282, Val IoU: 0.0005
2025-05-04 12:38:27,191 - INFO - New best model saved with validation loss: 0.3400
2025-05-04 12:39:21,817 - INFO - Epoch 3/50 - Train Loss: 0.3067, Train Dice: 0.0306, Val Loss: 0.2927, Val Dice: 0.0288, Val IoU: 0.0003
2025-05-04 12:39:22,313 - INFO - New best model saved with validation loss: 0.2927
2025-05-04 12:40:15,975 - INFO - Epoch 4/50 - Train Loss: 0.2715, Train Dice: 0.0305, Val Loss: 0.2598, Val Dice: 0.0293, Val IoU: 0.0003
2025-05-04 12:40:16,505 - INFO - New best model saved with validation loss: 0.2598
2025-05-04 12:41:09,645 - INFO - Epoch 5/50 - Train Loss: 0.2457, Train Dice: 0.0311, Val Loss: 0.2326, Val Dice: 0.0296, Val IoU: 0.0003
2025-05-04 12:41:11,599 - INFO - New best model saved with validation loss: 0.2326
2025-05-04 12:42:05,365 - INFO - Epoch 6/50 - Train Loss: 0.2240, Train Dice: 0.0316, Val Loss: 0.2199, Val Dice: 0.0307, Val IoU: 0.0003
2025-05-04 12:42:05,911 - INFO - New best model saved with validation loss: 0.2199
2025-05-04 12:42:59,865 - INFO - Epoch 7/50 - Train Loss: 0.2043, Train Dice: 0.0329, Val Loss: 0.1942, Val Dice: 0.0329, Val IoU: 0.0003
2025-05-04 12:43:00,374 - INFO - New best model saved with validation loss: 0.1942
2025-05-04 12:43:53,707 - INFO - Epoch 8/50 - Train Loss: 0.1868, Train Dice: 0.0349, Val Loss: 0.1808, Val Dice: 0.0351, Val IoU: 0.0003
2025-05-04 12:43:54,180 - INFO - New best model saved with validation loss: 0.1808
2025-05-04 12:44:47,676 - INFO - Epoch 9/50 - Train Loss: 0.1711, Train Dice: 0.0387, Val Loss: 0.1581, Val Dice: 0.0387, Val IoU: 0.0003
2025-05-04 12:44:48,175 - INFO - New best model saved with validation loss: 0.1581
2025-05-04 12:45:42,639 - INFO - Epoch 10/50 - Train Loss: 0.1594, Train Dice: 0.0387, Val Loss: 0.1540, Val Dice: 0.0363, Val IoU: 0.0003
2025-05-04 12:45:44,531 - INFO - New best model saved with validation loss: 0.1540
2025-05-04 12:46:38,128 - INFO - Epoch 11/50 - Train Loss: 0.1480, Train Dice: 0.0381, Val Loss: 0.1385, Val Dice: 0.0399, Val IoU: 0.0003
2025-05-04 12:46:38,626 - INFO - New best model saved with validation loss: 0.1385
2025-05-04 12:47:32,456 - INFO - Epoch 12/50 - Train Loss: 0.1379, Train Dice: 0.0419, Val Loss: 0.1291, Val Dice: 0.0417, Val IoU: 0.0003
2025-05-04 12:47:32,986 - INFO - New best model saved with validation loss: 0.1291
2025-05-04 12:48:27,510 - INFO - Epoch 13/50 - Train Loss: 0.1286, Train Dice: 0.0457, Val Loss: 0.1215, Val Dice: 0.0438, Val IoU: 0.0003
2025-05-04 12:48:28,016 - INFO - New best model saved with validation loss: 0.1215
2025-05-04 12:49:19,741 - INFO - Epoch 14/50 - Train Loss: 0.1210, Train Dice: 0.0475, Val Loss: 0.1144, Val Dice: 0.0470, Val IoU: 0.0003
2025-05-04 12:49:20,235 - INFO - New best model saved with validation loss: 0.1144
2025-05-04 12:50:12,624 - INFO - Epoch 15/50 - Train Loss: 0.1139, Train Dice: 0.0523, Val Loss: 0.1078, Val Dice: 0.0564, Val IoU: 0.0003
2025-05-04 12:50:14,627 - INFO - New best model saved with validation loss: 0.1078
2025-05-04 12:51:08,127 - INFO - Epoch 16/50 - Train Loss: 0.1077, Train Dice: 0.0554, Val Loss: 0.1010, Val Dice: 0.0573, Val IoU: 0.0003
2025-05-04 12:51:08,627 - INFO - New best model saved with validation loss: 0.1010
2025-05-04 12:52:02,249 - INFO - Epoch 17/50 - Train Loss: 0.1025, Train Dice: 0.0591, Val Loss: 0.0979, Val Dice: 0.0620, Val IoU: 0.0003
2025-05-04 12:52:02,735 - INFO - New best model saved with validation loss: 0.0979
2025-05-04 12:52:56,642 - INFO - Epoch 18/50 - Train Loss: 0.0975, Train Dice: 0.0615, Val Loss: 0.0927, Val Dice: 0.0624, Val IoU: 0.0003
2025-05-04 12:52:57,450 - INFO - New best model saved with validation loss: 0.0927
2025-05-04 12:53:51,152 - INFO - Epoch 19/50 - Train Loss: 0.0934, Train Dice: 0.0648, Val Loss: 0.0896, Val Dice: 0.0677, Val IoU: 0.0003
2025-05-04 12:53:51,653 - INFO - New best model saved with validation loss: 0.0896
2025-05-04 12:54:45,533 - INFO - Epoch 20/50 - Train Loss: 0.0895, Train Dice: 0.0698, Val Loss: 0.0839, Val Dice: 0.0717, Val IoU: 0.0003
2025-05-04 12:54:47,735 - INFO - New best model saved with validation loss: 0.0839
2025-05-04 12:55:40,358 - INFO - Epoch 21/50 - Train Loss: 0.0863, Train Dice: 0.0736, Val Loss: 0.0816, Val Dice: 0.0740, Val IoU: 0.0003
2025-05-04 12:55:40,839 - INFO - New best model saved with validation loss: 0.0816
2025-05-04 12:56:34,600 - INFO - Epoch 22/50 - Train Loss: 0.0831, Train Dice: 0.0762, Val Loss: 0.0782, Val Dice: 0.0806, Val IoU: 0.0003
2025-05-04 12:56:35,156 - INFO - New best model saved with validation loss: 0.0782
2025-05-04 12:57:33,288 - INFO - Epoch 23/50 - Train Loss: 0.0804, Train Dice: 0.0810, Val Loss: 0.0762, Val Dice: 0.0762, Val IoU: 0.0003
2025-05-04 12:57:33,821 - INFO - New best model saved with validation loss: 0.0762
2025-05-04 12:58:30,799 - INFO - Epoch 24/50 - Train Loss: 0.0778, Train Dice: 0.0854, Val Loss: 0.0733, Val Dice: 0.0869, Val IoU: 0.0003
2025-05-04 12:58:31,307 - INFO - New best model saved with validation loss: 0.0733
2025-05-04 12:59:25,657 - INFO - Epoch 25/50 - Train Loss: 0.0754, Train Dice: 0.0890, Val Loss: 0.0708, Val Dice: 0.0878, Val IoU: 0.0003
2025-05-04 12:59:27,785 - INFO - New best model saved with validation loss: 0.0708
2025-05-04 13:00:26,369 - INFO - Epoch 26/50 - Train Loss: 0.0730, Train Dice: 0.0964, Val Loss: 0.0689, Val Dice: 0.0868, Val IoU: 0.0003
2025-05-04 13:00:26,888 - INFO - New best model saved with validation loss: 0.0689
2025-05-04 13:01:28,822 - INFO - Epoch 27/50 - Train Loss: 0.0712, Train Dice: 0.0991, Val Loss: 0.0669, Val Dice: 0.1011, Val IoU: 0.0003
2025-05-04 13:01:29,409 - INFO - New best model saved with validation loss: 0.0669
2025-05-04 13:02:30,029 - INFO - Epoch 28/50 - Train Loss: 0.0696, Train Dice: 0.1025, Val Loss: 0.0662, Val Dice: 0.1034, Val IoU: 0.0003
2025-05-04 13:02:30,622 - INFO - New best model saved with validation loss: 0.0662
2025-05-04 13:03:25,464 - INFO - Epoch 29/50 - Train Loss: 0.0674, Train Dice: 0.1072, Val Loss: 0.0633, Val Dice: 0.1183, Val IoU: 0.0003
2025-05-04 13:03:25,952 - INFO - New best model saved with validation loss: 0.0633
2025-05-04 13:04:18,273 - INFO - Epoch 30/50 - Train Loss: 0.0658, Train Dice: 0.1132, Val Loss: 0.0647, Val Dice: 0.1125, Val IoU: 0.0003
2025-05-04 13:04:19,752 - INFO - Early stopping counter: 1/7
2025-05-04 13:05:12,113 - INFO - Epoch 31/50 - Train Loss: 0.0647, Train Dice: 0.1148, Val Loss: 0.0609, Val Dice: 0.1132, Val IoU: 0.0003
2025-05-04 13:05:12,585 - INFO - New best model saved with validation loss: 0.0609
2025-05-04 13:06:04,673 - INFO - Epoch 32/50 - Train Loss: 0.0630, Train Dice: 0.1218, Val Loss: 0.0592, Val Dice: 0.1131, Val IoU: 0.0003
2025-05-04 13:06:05,148 - INFO - New best model saved with validation loss: 0.0592
2025-05-04 13:06:57,588 - INFO - Epoch 33/50 - Train Loss: 0.0617, Train Dice: 0.1248, Val Loss: 0.0581, Val Dice: 0.1195, Val IoU: 0.0003
2025-05-04 13:06:58,128 - INFO - New best model saved with validation loss: 0.0581
2025-05-04 13:07:51,413 - INFO - Epoch 34/50 - Train Loss: 0.0600, Train Dice: 0.1325, Val Loss: 0.0576, Val Dice: 0.1291, Val IoU: 0.0003
2025-05-04 13:07:51,791 - INFO - New best model saved with validation loss: 0.0576
2025-05-04 13:08:42,552 - INFO - Epoch 35/50 - Train Loss: 0.0592, Train Dice: 0.1346, Val Loss: 0.0571, Val Dice: 0.1375, Val IoU: 0.0003
2025-05-04 13:08:44,449 - INFO - New best model saved with validation loss: 0.0571
2025-05-04 13:09:35,209 - INFO - Epoch 36/50 - Train Loss: 0.0579, Train Dice: 0.1413, Val Loss: 0.0559, Val Dice: 0.1443, Val IoU: 0.0003
2025-05-04 13:09:35,670 - INFO - New best model saved with validation loss: 0.0559
2025-05-04 13:10:26,523 - INFO - Epoch 37/50 - Train Loss: 0.0566, Train Dice: 0.1466, Val Loss: 0.0537, Val Dice: 0.1412, Val IoU: 0.0003
2025-05-04 13:10:26,981 - INFO - New best model saved with validation loss: 0.0537
2025-05-04 13:11:17,788 - INFO - Epoch 38/50 - Train Loss: 0.0557, Train Dice: 0.1511, Val Loss: 0.0548, Val Dice: 0.1468, Val IoU: 0.0012
2025-05-04 13:11:17,788 - INFO - Early stopping counter: 1/7
2025-05-04 13:12:08,561 - INFO - Epoch 39/50 - Train Loss: 0.0549, Train Dice: 0.1531, Val Loss: 0.0522, Val Dice: 0.1435, Val IoU: 0.0013
2025-05-04 13:12:09,018 - INFO - New best model saved with validation loss: 0.0522
2025-05-04 13:12:59,766 - INFO - Epoch 40/50 - Train Loss: 0.0536, Train Dice: 0.1601, Val Loss: 0.0517, Val Dice: 0.1540, Val IoU: 0.0079
2025-05-04 13:13:01,372 - INFO - New best model saved with validation loss: 0.0517
2025-05-04 13:13:52,190 - INFO - Epoch 41/50 - Train Loss: 0.0529, Train Dice: 0.1637, Val Loss: 0.0513, Val Dice: 0.1608, Val IoU: 0.0147
2025-05-04 13:13:52,649 - INFO - New best model saved with validation loss: 0.0513
2025-05-04 13:14:43,472 - INFO - Epoch 42/50 - Train Loss: 0.0520, Train Dice: 0.1684, Val Loss: 0.0494, Val Dice: 0.1695, Val IoU: 0.0461
2025-05-04 13:14:43,943 - INFO - New best model saved with validation loss: 0.0494
2025-05-04 13:15:34,786 - INFO - Epoch 43/50 - Train Loss: 0.0512, Train Dice: 0.1728, Val Loss: 0.0493, Val Dice: 0.1663, Val IoU: 0.0388
2025-05-04 13:15:35,244 - INFO - New best model saved with validation loss: 0.0493
2025-05-04 13:16:26,052 - INFO - Epoch 44/50 - Train Loss: 0.0510, Train Dice: 0.1731, Val Loss: 0.0487, Val Dice: 0.1682, Val IoU: 0.0644
2025-05-04 13:16:26,511 - INFO - New best model saved with validation loss: 0.0487
2025-05-04 13:17:17,328 - INFO - Epoch 45/50 - Train Loss: 0.0494, Train Dice: 0.1877, Val Loss: 0.0480, Val Dice: 0.1861, Val IoU: 0.1218
2025-05-04 13:17:18,925 - INFO - New best model saved with validation loss: 0.0480
2025-05-04 13:18:09,706 - INFO - Epoch 46/50 - Train Loss: 0.0485, Train Dice: 0.1924, Val Loss: 0.0468, Val Dice: 0.1939, Val IoU: 0.1108
2025-05-04 13:18:10,128 - INFO - New best model saved with validation loss: 0.0468
2025-05-04 13:19:00,980 - INFO - Epoch 47/50 - Train Loss: 0.0484, Train Dice: 0.1957, Val Loss: 0.0474, Val Dice: 0.1877, Val IoU: 0.1075
2025-05-04 13:19:00,981 - INFO - Early stopping counter: 1/7
2025-05-04 13:19:51,798 - INFO - Epoch 48/50 - Train Loss: 0.0478, Train Dice: 0.1972, Val Loss: 0.0466, Val Dice: 0.1847, Val IoU: 0.0838
2025-05-04 13:19:52,173 - INFO - New best model saved with validation loss: 0.0466
2025-05-04 13:20:43,002 - INFO - Epoch 49/50 - Train Loss: 0.0473, Train Dice: 0.2016, Val Loss: 0.0459, Val Dice: 0.1799, Val IoU: 0.0682
2025-05-04 13:20:43,464 - INFO - New best model saved with validation loss: 0.0459
2025-05-04 13:21:34,259 - INFO - Epoch 50/50 - Train Loss: 0.0463, Train Dice: 0.2081, Val Loss: 0.0461, Val Dice: 0.2015, Val IoU: 0.1248
2025-05-04 13:21:35,434 - INFO - Early stopping counter: 1/7
2025-05-04 13:21:35,435 - INFO - Training completed in 0:44:56.892852
2025-05-04 13:21:35,585 - INFO - Final model saved to output/final_model.pth
2025-05-04 15:51:49,269 - INFO - Using device: cuda
2025-05-04 15:51:49,272 - INFO - Found 222 images and 222 masks
2025-05-04 15:51:49,792 - INFO - Starting training at 2025-05-04 15:51:49.792784
2025-05-04 15:52:21,010 - INFO - Epoch 1/50 - Train Loss: 0.5401, Train Dice: 0.0360, Val Loss: 0.4421, Val Dice: 0.0342, Val IoU: 0.0012
2025-05-04 15:52:21,205 - INFO - New best model saved with validation loss: 0.4421
2025-05-04 15:52:51,887 - INFO - Epoch 2/50 - Train Loss: 0.3796, Train Dice: 0.0357, Val Loss: 0.3572, Val Dice: 0.0349, Val IoU: 0.0006
2025-05-04 15:52:52,356 - INFO - New best model saved with validation loss: 0.3572
2025-05-04 15:53:23,832 - INFO - Epoch 3/50 - Train Loss: 0.3378, Train Dice: 0.0360, Val Loss: 0.3466, Val Dice: 0.0362, Val IoU: 0.0014
2025-05-04 15:53:24,319 - INFO - New best model saved with validation loss: 0.3466
2025-05-04 15:53:56,142 - INFO - Epoch 4/50 - Train Loss: 0.3152, Train Dice: 0.0365, Val Loss: 0.4874, Val Dice: 0.0352, Val IoU: 0.0144
2025-05-04 15:53:56,143 - INFO - Early stopping counter: 1/7
2025-05-04 15:54:27,109 - INFO - Epoch 5/50 - Train Loss: 0.3001, Train Dice: 0.0375, Val Loss: 0.3040, Val Dice: 0.0392, Val IoU: 0.0007
2025-05-04 15:54:29,025 - INFO - New best model saved with validation loss: 0.3040
2025-05-04 15:55:00,692 - INFO - Epoch 6/50 - Train Loss: 0.2796, Train Dice: 0.0384, Val Loss: 0.2726, Val Dice: 0.0391, Val IoU: 0.0003
2025-05-04 15:55:01,300 - INFO - New best model saved with validation loss: 0.2726
2025-05-04 15:55:32,475 - INFO - Epoch 7/50 - Train Loss: 0.2588, Train Dice: 0.0407, Val Loss: 0.2576, Val Dice: 0.0426, Val IoU: 0.0003
2025-05-04 15:55:32,929 - INFO - New best model saved with validation loss: 0.2576
2025-05-04 15:56:03,817 - INFO - Epoch 8/50 - Train Loss: 0.2438, Train Dice: 0.0429, Val Loss: 0.2330, Val Dice: 0.0429, Val IoU: 0.0003
2025-05-04 15:56:04,313 - INFO - New best model saved with validation loss: 0.2330
2025-05-04 15:56:34,920 - INFO - Epoch 9/50 - Train Loss: 0.2287, Train Dice: 0.0452, Val Loss: 0.2179, Val Dice: 0.0429, Val IoU: 0.0003
2025-05-04 15:56:35,453 - INFO - New best model saved with validation loss: 0.2179
2025-05-04 15:57:06,456 - INFO - Epoch 10/50 - Train Loss: 0.2170, Train Dice: 0.0447, Val Loss: 0.2099, Val Dice: 0.0467, Val IoU: 0.0003
2025-05-04 15:57:08,335 - INFO - New best model saved with validation loss: 0.2099
2025-05-04 15:57:39,327 - INFO - Epoch 11/50 - Train Loss: 0.2042, Train Dice: 0.0468, Val Loss: 0.2039, Val Dice: 0.0477, Val IoU: 0.0003
2025-05-04 15:57:39,809 - INFO - New best model saved with validation loss: 0.2039
2025-05-04 15:58:10,926 - INFO - Epoch 12/50 - Train Loss: 0.1929, Train Dice: 0.0491, Val Loss: 0.1858, Val Dice: 0.0530, Val IoU: 0.0003
2025-05-04 15:58:11,466 - INFO - New best model saved with validation loss: 0.1858
2025-05-04 15:58:42,772 - INFO - Epoch 13/50 - Train Loss: 0.1824, Train Dice: 0.0519, Val Loss: 0.1772, Val Dice: 0.0518, Val IoU: 0.0003
2025-05-04 15:58:43,292 - INFO - New best model saved with validation loss: 0.1772
2025-05-04 15:59:14,380 - INFO - Epoch 14/50 - Train Loss: 0.1739, Train Dice: 0.0540, Val Loss: 0.1661, Val Dice: 0.0566, Val IoU: 0.0003
2025-05-04 15:59:14,871 - INFO - New best model saved with validation loss: 0.1661
2025-05-04 15:59:45,846 - INFO - Epoch 15/50 - Train Loss: 0.1652, Train Dice: 0.0562, Val Loss: 0.1575, Val Dice: 0.0568, Val IoU: 0.0003
2025-05-04 15:59:47,657 - INFO - New best model saved with validation loss: 0.1575
2025-05-04 16:00:18,224 - INFO - Epoch 16/50 - Train Loss: 0.1573, Train Dice: 0.0582, Val Loss: 0.1575, Val Dice: 0.0654, Val IoU: 0.0003
2025-05-04 16:00:18,887 - INFO - New best model saved with validation loss: 0.1575
2025-05-04 16:00:49,770 - INFO - Epoch 17/50 - Train Loss: 0.1503, Train Dice: 0.0605, Val Loss: 0.1428, Val Dice: 0.0566, Val IoU: 0.0003
2025-05-04 16:00:50,381 - INFO - New best model saved with validation loss: 0.1428
2025-05-04 16:01:21,709 - INFO - Epoch 18/50 - Train Loss: 0.1434, Train Dice: 0.0627, Val Loss: 0.1399, Val Dice: 0.0669, Val IoU: 0.0003
2025-05-04 16:01:22,328 - INFO - New best model saved with validation loss: 0.1399
2025-05-04 16:01:53,055 - INFO - Epoch 19/50 - Train Loss: 0.1375, Train Dice: 0.0644, Val Loss: 0.1343, Val Dice: 0.0756, Val IoU: 0.0003
2025-05-04 16:01:53,521 - INFO - New best model saved with validation loss: 0.1343
2025-05-04 16:02:24,206 - INFO - Epoch 20/50 - Train Loss: 0.1318, Train Dice: 0.0675, Val Loss: 0.1251, Val Dice: 0.0607, Val IoU: 0.0003
2025-05-04 16:02:26,259 - INFO - New best model saved with validation loss: 0.1251
2025-05-04 16:21:20,345 - INFO - Using device: cuda
2025-05-04 16:21:20,356 - INFO - Found 222 images and 222 masks
2025-05-04 16:21:20,877 - INFO - Starting training at 2025-05-04 16:21:20.877384
2025-05-04 16:21:53,231 - INFO - Epoch 1/50 - Train Loss: 0.5401, Train Dice: 0.0360, Val Loss: 0.4421, Val Dice: 0.0342, Val IoU: 0.0012
2025-05-04 16:21:53,420 - INFO - New best model saved with validation loss: 0.4421
2025-05-04 16:22:24,459 - INFO - Epoch 2/50 - Train Loss: 0.3796, Train Dice: 0.0357, Val Loss: 0.3572, Val Dice: 0.0349, Val IoU: 0.0006
2025-05-04 16:22:24,952 - INFO - New best model saved with validation loss: 0.3572
2025-05-04 16:22:56,079 - INFO - Epoch 3/50 - Train Loss: 0.3378, Train Dice: 0.0360, Val Loss: 0.3466, Val Dice: 0.0362, Val IoU: 0.0014
2025-05-04 16:22:56,581 - INFO - New best model saved with validation loss: 0.3466
2025-05-04 16:23:26,948 - INFO - Epoch 4/50 - Train Loss: 0.3152, Train Dice: 0.0365, Val Loss: 0.4874, Val Dice: 0.0352, Val IoU: 0.0144
2025-05-04 16:23:26,948 - INFO - Early stopping counter: 1/7
2025-05-04 16:23:57,420 - INFO - Epoch 5/50 - Train Loss: 0.3001, Train Dice: 0.0375, Val Loss: 0.3040, Val Dice: 0.0392, Val IoU: 0.0007
2025-05-04 16:23:59,401 - INFO - New best model saved with validation loss: 0.3040
2025-05-04 16:24:30,656 - INFO - Epoch 6/50 - Train Loss: 0.2796, Train Dice: 0.0384, Val Loss: 0.2726, Val Dice: 0.0391, Val IoU: 0.0003
2025-05-04 16:24:31,166 - INFO - New best model saved with validation loss: 0.2726
2025-05-04 16:25:02,298 - INFO - Epoch 7/50 - Train Loss: 0.2588, Train Dice: 0.0407, Val Loss: 0.2576, Val Dice: 0.0426, Val IoU: 0.0003
2025-05-04 16:25:02,796 - INFO - New best model saved with validation loss: 0.2576
2025-05-04 16:25:34,094 - INFO - Epoch 8/50 - Train Loss: 0.2438, Train Dice: 0.0429, Val Loss: 0.2330, Val Dice: 0.0429, Val IoU: 0.0003
2025-05-04 16:25:34,626 - INFO - New best model saved with validation loss: 0.2330
2025-05-04 16:26:06,110 - INFO - Epoch 9/50 - Train Loss: 0.2287, Train Dice: 0.0452, Val Loss: 0.2179, Val Dice: 0.0429, Val IoU: 0.0003
2025-05-04 16:26:06,606 - INFO - New best model saved with validation loss: 0.2179
2025-05-04 16:26:37,418 - INFO - Epoch 10/50 - Train Loss: 0.2170, Train Dice: 0.0447, Val Loss: 0.2099, Val Dice: 0.0467, Val IoU: 0.0003
2025-05-04 16:26:39,383 - INFO - New best model saved with validation loss: 0.2099
2025-05-04 16:27:10,986 - INFO - Epoch 11/50 - Train Loss: 0.2042, Train Dice: 0.0468, Val Loss: 0.2039, Val Dice: 0.0477, Val IoU: 0.0003
2025-05-04 16:27:11,511 - INFO - New best model saved with validation loss: 0.2039
2025-05-04 16:27:42,438 - INFO - Epoch 12/50 - Train Loss: 0.1929, Train Dice: 0.0491, Val Loss: 0.1858, Val Dice: 0.0530, Val IoU: 0.0003
2025-05-04 16:27:42,926 - INFO - New best model saved with validation loss: 0.1858
2025-05-04 16:28:13,781 - INFO - Epoch 13/50 - Train Loss: 0.1824, Train Dice: 0.0519, Val Loss: 0.1772, Val Dice: 0.0518, Val IoU: 0.0003
2025-05-04 16:28:14,276 - INFO - New best model saved with validation loss: 0.1772
2025-05-04 16:28:45,027 - INFO - Epoch 14/50 - Train Loss: 0.1739, Train Dice: 0.0540, Val Loss: 0.1661, Val Dice: 0.0566, Val IoU: 0.0003
2025-05-04 16:28:45,523 - INFO - New best model saved with validation loss: 0.1661
2025-05-04 16:29:16,363 - INFO - Epoch 15/50 - Train Loss: 0.1652, Train Dice: 0.0562, Val Loss: 0.1575, Val Dice: 0.0568, Val IoU: 0.0003
2025-05-04 16:29:18,288 - INFO - New best model saved with validation loss: 0.1575
2025-05-04 16:29:49,125 - INFO - Epoch 16/50 - Train Loss: 0.1573, Train Dice: 0.0582, Val Loss: 0.1575, Val Dice: 0.0654, Val IoU: 0.0003
2025-05-04 16:29:49,642 - INFO - New best model saved with validation loss: 0.1575
2025-05-04 16:30:20,085 - INFO - Epoch 17/50 - Train Loss: 0.1503, Train Dice: 0.0605, Val Loss: 0.1428, Val Dice: 0.0566, Val IoU: 0.0003
2025-05-04 16:30:20,591 - INFO - New best model saved with validation loss: 0.1428
2025-05-04 16:30:51,050 - INFO - Epoch 18/50 - Train Loss: 0.1434, Train Dice: 0.0627, Val Loss: 0.1399, Val Dice: 0.0669, Val IoU: 0.0003
2025-05-04 16:30:51,538 - INFO - New best model saved with validation loss: 0.1399
2025-05-04 16:31:22,272 - INFO - Epoch 19/50 - Train Loss: 0.1375, Train Dice: 0.0644, Val Loss: 0.1343, Val Dice: 0.0756, Val IoU: 0.0003
2025-05-04 16:31:22,775 - INFO - New best model saved with validation loss: 0.1343
2025-05-04 16:31:53,344 - INFO - Epoch 20/50 - Train Loss: 0.1318, Train Dice: 0.0675, Val Loss: 0.1251, Val Dice: 0.0607, Val IoU: 0.0003
2025-05-04 16:31:55,482 - INFO - New best model saved with validation loss: 0.1251
2025-05-04 16:32:26,409 - INFO - Epoch 21/50 - Train Loss: 0.1270, Train Dice: 0.0682, Val Loss: 0.1205, Val Dice: 0.0678, Val IoU: 0.0003
2025-05-04 16:32:26,897 - INFO - New best model saved with validation loss: 0.1205
2025-05-04 16:32:58,170 - INFO - Epoch 22/50 - Train Loss: 0.1220, Train Dice: 0.0703, Val Loss: 0.1158, Val Dice: 0.0686, Val IoU: 0.0003
2025-05-04 16:32:58,655 - INFO - New best model saved with validation loss: 0.1158
2025-05-04 16:33:29,293 - INFO - Epoch 23/50 - Train Loss: 0.1172, Train Dice: 0.0733, Val Loss: 0.1152, Val Dice: 0.0797, Val IoU: 0.0003
2025-05-04 16:33:29,769 - INFO - New best model saved with validation loss: 0.1152
2025-05-04 16:34:00,204 - INFO - Epoch 24/50 - Train Loss: 0.1134, Train Dice: 0.0776, Val Loss: 0.1107, Val Dice: 0.0750, Val IoU: 0.0003
2025-05-04 16:34:00,687 - INFO - New best model saved with validation loss: 0.1107
2025-05-04 16:34:31,123 - INFO - Epoch 25/50 - Train Loss: 0.1096, Train Dice: 0.0781, Val Loss: 0.1053, Val Dice: 0.0786, Val IoU: 0.0003
2025-05-04 16:34:32,945 - INFO - New best model saved with validation loss: 0.1053
2025-05-04 16:35:03,305 - INFO - Epoch 26/50 - Train Loss: 0.1061, Train Dice: 0.0813, Val Loss: 0.1040, Val Dice: 0.0852, Val IoU: 0.0003
2025-05-04 16:35:03,822 - INFO - New best model saved with validation loss: 0.1040
2025-05-04 16:35:34,201 - INFO - Epoch 27/50 - Train Loss: 0.1033, Train Dice: 0.0837, Val Loss: 0.0996, Val Dice: 0.0767, Val IoU: 0.0003
2025-05-04 16:35:34,684 - INFO - New best model saved with validation loss: 0.0996
2025-05-04 16:36:05,068 - INFO - Epoch 28/50 - Train Loss: 0.0997, Train Dice: 0.0857, Val Loss: 0.0966, Val Dice: 0.0844, Val IoU: 0.0003
2025-05-04 16:36:05,543 - INFO - New best model saved with validation loss: 0.0966
2025-05-04 16:36:35,896 - INFO - Epoch 29/50 - Train Loss: 0.0965, Train Dice: 0.0888, Val Loss: 0.0937, Val Dice: 0.0910, Val IoU: 0.0003
2025-05-04 16:36:36,371 - INFO - New best model saved with validation loss: 0.0937
2025-05-04 16:37:06,757 - INFO - Epoch 30/50 - Train Loss: 0.0937, Train Dice: 0.0922, Val Loss: 0.0907, Val Dice: 0.0890, Val IoU: 0.0003
2025-05-04 16:37:08,665 - INFO - New best model saved with validation loss: 0.0907
2025-05-04 16:37:39,150 - INFO - Epoch 31/50 - Train Loss: 0.0914, Train Dice: 0.0959, Val Loss: 0.0899, Val Dice: 0.1028, Val IoU: 0.0003
2025-05-04 16:37:39,659 - INFO - New best model saved with validation loss: 0.0899
2025-05-04 16:38:10,984 - INFO - Epoch 32/50 - Train Loss: 0.0892, Train Dice: 0.0975, Val Loss: 0.0878, Val Dice: 0.1075, Val IoU: 0.0003
2025-05-04 16:38:11,507 - INFO - New best model saved with validation loss: 0.0878
2025-05-04 16:38:42,844 - INFO - Epoch 33/50 - Train Loss: 0.0870, Train Dice: 0.0976, Val Loss: 0.0845, Val Dice: 0.1070, Val IoU: 0.0003
2025-05-04 16:38:43,328 - INFO - New best model saved with validation loss: 0.0845
2025-05-04 16:39:13,969 - INFO - Epoch 34/50 - Train Loss: 0.0843, Train Dice: 0.1027, Val Loss: 0.0810, Val Dice: 0.1053, Val IoU: 0.0003
2025-05-04 16:39:14,473 - INFO - New best model saved with validation loss: 0.0810
2025-05-04 16:39:45,181 - INFO - Epoch 35/50 - Train Loss: 0.0822, Train Dice: 0.1082, Val Loss: 0.0795, Val Dice: 0.1161, Val IoU: 0.0003
2025-05-04 16:39:47,251 - INFO - New best model saved with validation loss: 0.0795
2025-05-04 16:40:18,572 - INFO - Epoch 36/50 - Train Loss: 0.0808, Train Dice: 0.1105, Val Loss: 0.0789, Val Dice: 0.1020, Val IoU: 0.0003
2025-05-04 16:40:19,079 - INFO - New best model saved with validation loss: 0.0789
2025-05-04 16:40:50,314 - INFO - Epoch 37/50 - Train Loss: 0.0794, Train Dice: 0.1103, Val Loss: 0.0754, Val Dice: 0.1082, Val IoU: 0.0003
2025-05-04 16:40:50,819 - INFO - New best model saved with validation loss: 0.0754
2025-05-04 16:41:21,573 - INFO - Epoch 38/50 - Train Loss: 0.0778, Train Dice: 0.1133, Val Loss: 0.0739, Val Dice: 0.1150, Val IoU: 0.0003
2025-05-04 16:41:22,779 - INFO - New best model saved with validation loss: 0.0739
2025-05-04 16:41:53,515 - INFO - Epoch 39/50 - Train Loss: 0.0762, Train Dice: 0.1172, Val Loss: 0.0739, Val Dice: 0.1260, Val IoU: 0.0003
2025-05-04 16:41:54,008 - INFO - New best model saved with validation loss: 0.0739
2025-05-04 16:42:24,560 - INFO - Epoch 40/50 - Train Loss: 0.0746, Train Dice: 0.1178, Val Loss: 0.0717, Val Dice: 0.1270, Val IoU: 0.0003
2025-05-04 16:42:26,441 - INFO - New best model saved with validation loss: 0.0717
2025-05-04 16:42:57,447 - INFO - Epoch 41/50 - Train Loss: 0.0737, Train Dice: 0.1193, Val Loss: 0.0720, Val Dice: 0.1169, Val IoU: 0.0003
2025-05-04 16:42:57,448 - INFO - Early stopping counter: 1/7
2025-05-04 16:43:28,291 - INFO - Epoch 42/50 - Train Loss: 0.0719, Train Dice: 0.1257, Val Loss: 0.0703, Val Dice: 0.1301, Val IoU: 0.0003
2025-05-04 16:43:28,784 - INFO - New best model saved with validation loss: 0.0703
2025-05-04 16:43:59,498 - INFO - Epoch 43/50 - Train Loss: 0.0706, Train Dice: 0.1284, Val Loss: 0.0676, Val Dice: 0.1249, Val IoU: 0.0003
2025-05-04 16:43:59,995 - INFO - New best model saved with validation loss: 0.0676
2025-05-04 16:44:31,000 - INFO - Epoch 44/50 - Train Loss: 0.0697, Train Dice: 0.1295, Val Loss: 0.0675, Val Dice: 0.1408, Val IoU: 0.0003
2025-05-04 16:44:31,512 - INFO - New best model saved with validation loss: 0.0675
2025-05-04 16:45:02,437 - INFO - Epoch 45/50 - Train Loss: 0.0684, Train Dice: 0.1310, Val Loss: 0.0683, Val Dice: 0.1378, Val IoU: 0.0003
2025-05-04 16:45:03,959 - INFO - Early stopping counter: 1/7
2025-05-04 16:45:34,436 - INFO - Epoch 46/50 - Train Loss: 0.0678, Train Dice: 0.1346, Val Loss: 0.0667, Val Dice: 0.1441, Val IoU: 0.0003
2025-05-04 16:45:34,914 - INFO - New best model saved with validation loss: 0.0667
2025-05-04 16:46:05,805 - INFO - Epoch 47/50 - Train Loss: 0.0666, Train Dice: 0.1392, Val Loss: 0.0662, Val Dice: 0.1306, Val IoU: 0.0003
2025-05-04 16:46:06,297 - INFO - New best model saved with validation loss: 0.0662
2025-05-04 16:46:37,287 - INFO - Epoch 48/50 - Train Loss: 0.0656, Train Dice: 0.1426, Val Loss: 0.0634, Val Dice: 0.1479, Val IoU: 0.0003
2025-05-04 16:46:37,777 - INFO - New best model saved with validation loss: 0.0634
2025-05-04 16:47:08,571 - INFO - Epoch 49/50 - Train Loss: 0.0645, Train Dice: 0.1436, Val Loss: 0.0630, Val Dice: 0.1426, Val IoU: 0.0003
2025-05-04 16:47:08,924 - INFO - New best model saved with validation loss: 0.0630
2025-05-04 16:47:40,297 - INFO - Epoch 50/50 - Train Loss: 0.0634, Train Dice: 0.1508, Val Loss: 0.0606, Val Dice: 0.1460, Val IoU: 0.0003
2025-05-04 16:47:42,215 - INFO - New best model saved with validation loss: 0.0606
2025-05-04 16:47:42,216 - INFO - Training completed in 0:26:21.338547
2025-05-04 16:47:42,408 - INFO - Final model saved to output/final_model.pth
2025-05-05 10:09:52,477 - INFO - Using device: cuda
2025-05-05 10:09:52,481 - INFO - Found 222 images and 222 masks
2025-05-05 10:09:52,927 - INFO - Starting training at 2025-05-05 10:09:52.927296
2025-05-05 10:10:03,134 - INFO - Epoch 1/50 - Train Loss: 0.5662, Train Dice: 0.0384, Val Loss: 0.4715, Val Dice: 0.0347, Val IoU: 0.0097
2025-05-05 10:10:03,292 - INFO - New best model saved with validation loss: 0.4715
2025-05-05 10:10:12,496 - INFO - Epoch 2/50 - Train Loss: 0.3959, Train Dice: 0.0374, Val Loss: 0.3820, Val Dice: 0.0371, Val IoU: 0.0272
2025-05-05 10:10:12,959 - INFO - New best model saved with validation loss: 0.3820
2025-05-05 10:10:22,128 - INFO - Epoch 3/50 - Train Loss: 0.3463, Train Dice: 0.0373, Val Loss: 0.3417, Val Dice: 0.0394, Val IoU: 0.0513
2025-05-05 10:10:22,575 - INFO - New best model saved with validation loss: 0.3417
2025-05-05 10:10:31,741 - INFO - Epoch 4/50 - Train Loss: 0.3212, Train Dice: 0.0379, Val Loss: 0.3064, Val Dice: 0.0367, Val IoU: 0.0089
2025-05-05 10:10:32,185 - INFO - New best model saved with validation loss: 0.3064
2025-05-05 10:10:41,350 - INFO - Epoch 5/50 - Train Loss: 0.2966, Train Dice: 0.0384, Val Loss: 0.2895, Val Dice: 0.0395, Val IoU: 0.0154
2025-05-05 10:10:42,975 - INFO - New best model saved with validation loss: 0.2895
2025-05-05 10:10:52,134 - INFO - Epoch 6/50 - Train Loss: 0.2775, Train Dice: 0.0399, Val Loss: 0.2697, Val Dice: 0.0421, Val IoU: 0.0157
2025-05-05 10:10:52,571 - INFO - New best model saved with validation loss: 0.2697
2025-05-05 10:11:01,750 - INFO - Epoch 7/50 - Train Loss: 0.2598, Train Dice: 0.0421, Val Loss: 0.2536, Val Dice: 0.0435, Val IoU: 0.0116
2025-05-05 10:11:02,179 - INFO - New best model saved with validation loss: 0.2536
2025-05-05 10:11:11,329 - INFO - Epoch 8/50 - Train Loss: 0.2450, Train Dice: 0.0435, Val Loss: 0.2329, Val Dice: 0.0436, Val IoU: 0.0012
2025-05-05 10:11:11,777 - INFO - New best model saved with validation loss: 0.2329
2025-05-05 10:11:20,966 - INFO - Epoch 9/50 - Train Loss: 0.2301, Train Dice: 0.0455, Val Loss: 0.2182, Val Dice: 0.0444, Val IoU: 0.0012
2025-05-05 10:11:21,409 - INFO - New best model saved with validation loss: 0.2182
2025-05-05 10:11:30,615 - INFO - Epoch 10/50 - Train Loss: 0.2174, Train Dice: 0.0464, Val Loss: 0.2109, Val Dice: 0.0499, Val IoU: 0.0036
2025-05-05 10:11:32,163 - INFO - New best model saved with validation loss: 0.2109
2025-05-05 10:11:41,379 - INFO - Epoch 11/50 - Train Loss: 0.2052, Train Dice: 0.0477, Val Loss: 0.2006, Val Dice: 0.0488, Val IoU: 0.0042
2025-05-05 10:11:41,824 - INFO - New best model saved with validation loss: 0.2006
2025-05-05 10:11:51,022 - INFO - Epoch 12/50 - Train Loss: 0.1946, Train Dice: 0.0503, Val Loss: 0.1905, Val Dice: 0.0536, Val IoU: 0.0061
2025-05-05 10:11:51,476 - INFO - New best model saved with validation loss: 0.1905
2025-05-05 10:12:00,667 - INFO - Epoch 13/50 - Train Loss: 0.1847, Train Dice: 0.0517, Val Loss: 0.1760, Val Dice: 0.0513, Val IoU: 0.0012
2025-05-05 10:12:01,101 - INFO - New best model saved with validation loss: 0.1760
2025-05-05 10:12:10,294 - INFO - Epoch 14/50 - Train Loss: 0.1755, Train Dice: 0.0541, Val Loss: 0.1654, Val Dice: 0.0563, Val IoU: 0.0035
2025-05-05 10:12:10,728 - INFO - New best model saved with validation loss: 0.1654
2025-05-05 10:12:19,950 - INFO - Epoch 15/50 - Train Loss: 0.1670, Train Dice: 0.0567, Val Loss: 0.1603, Val Dice: 0.0589, Val IoU: 0.0021
2025-05-05 10:12:21,358 - INFO - New best model saved with validation loss: 0.1603
2025-05-05 10:12:30,577 - INFO - Epoch 16/50 - Train Loss: 0.1591, Train Dice: 0.0585, Val Loss: 0.1564, Val Dice: 0.0657, Val IoU: 0.0039
2025-05-05 10:12:31,024 - INFO - New best model saved with validation loss: 0.1564
2025-05-05 10:12:40,352 - INFO - Epoch 17/50 - Train Loss: 0.1518, Train Dice: 0.0607, Val Loss: 0.1477, Val Dice: 0.0598, Val IoU: 0.0033
2025-05-05 10:12:40,807 - INFO - New best model saved with validation loss: 0.1477
2025-05-05 10:12:50,018 - INFO - Epoch 18/50 - Train Loss: 0.1453, Train Dice: 0.0628, Val Loss: 0.1418, Val Dice: 0.0700, Val IoU: 0.0033
2025-05-05 10:12:50,457 - INFO - New best model saved with validation loss: 0.1418
2025-05-05 10:12:59,766 - INFO - Epoch 19/50 - Train Loss: 0.1386, Train Dice: 0.0649, Val Loss: 0.1341, Val Dice: 0.0730, Val IoU: 0.0049
2025-05-05 10:13:00,208 - INFO - New best model saved with validation loss: 0.1341
2025-05-05 10:13:09,540 - INFO - Epoch 20/50 - Train Loss: 0.1332, Train Dice: 0.0679, Val Loss: 0.1258, Val Dice: 0.0667, Val IoU: 0.0012
2025-05-05 10:13:11,149 - INFO - New best model saved with validation loss: 0.1258
2025-05-05 10:13:20,596 - INFO - Epoch 21/50 - Train Loss: 0.1280, Train Dice: 0.0687, Val Loss: 0.1215, Val Dice: 0.0729, Val IoU: 0.0029
2025-05-05 10:13:21,040 - INFO - New best model saved with validation loss: 0.1215
2025-05-05 10:13:30,355 - INFO - Epoch 22/50 - Train Loss: 0.1232, Train Dice: 0.0711, Val Loss: 0.1152, Val Dice: 0.0713, Val IoU: 0.0012
2025-05-05 10:13:30,800 - INFO - New best model saved with validation loss: 0.1152
2025-05-05 10:13:40,176 - INFO - Epoch 23/50 - Train Loss: 0.1185, Train Dice: 0.0742, Val Loss: 0.1151, Val Dice: 0.0786, Val IoU: 0.0012
2025-05-05 10:13:40,637 - INFO - New best model saved with validation loss: 0.1151
2025-05-05 10:13:50,020 - INFO - Epoch 24/50 - Train Loss: 0.1145, Train Dice: 0.0756, Val Loss: 0.1078, Val Dice: 0.0813, Val IoU: 0.0012
2025-05-05 10:13:50,475 - INFO - New best model saved with validation loss: 0.1078
2025-05-05 10:13:59,845 - INFO - Epoch 25/50 - Train Loss: 0.1107, Train Dice: 0.0779, Val Loss: 0.1095, Val Dice: 0.0806, Val IoU: 0.0012
2025-05-05 10:14:00,887 - INFO - Early stopping counter: 1/7
2025-05-05 10:14:10,603 - INFO - Epoch 26/50 - Train Loss: 0.1069, Train Dice: 0.0818, Val Loss: 0.1026, Val Dice: 0.0856, Val IoU: 0.0012
2025-05-05 10:14:11,191 - INFO - New best model saved with validation loss: 0.1026
2025-05-05 10:14:21,032 - INFO - Epoch 27/50 - Train Loss: 0.1036, Train Dice: 0.0850, Val Loss: 0.1019, Val Dice: 0.0890, Val IoU: 0.0012
2025-05-05 10:14:21,533 - INFO - New best model saved with validation loss: 0.1019
2025-05-05 10:14:31,018 - INFO - Epoch 28/50 - Train Loss: 0.1003, Train Dice: 0.0860, Val Loss: 0.0957, Val Dice: 0.0864, Val IoU: 0.0012
2025-05-05 10:14:31,468 - INFO - New best model saved with validation loss: 0.0957
2025-05-05 10:14:40,808 - INFO - Epoch 29/50 - Train Loss: 0.0975, Train Dice: 0.0895, Val Loss: 0.0946, Val Dice: 0.0907, Val IoU: 0.0012
2025-05-05 10:14:41,258 - INFO - New best model saved with validation loss: 0.0946
2025-05-05 10:14:50,541 - INFO - Epoch 30/50 - Train Loss: 0.0943, Train Dice: 0.0922, Val Loss: 0.0915, Val Dice: 0.0913, Val IoU: 0.0012
2025-05-05 10:14:52,021 - INFO - New best model saved with validation loss: 0.0915
2025-05-05 10:15:01,341 - INFO - Epoch 31/50 - Train Loss: 0.0916, Train Dice: 0.0953, Val Loss: 0.0883, Val Dice: 0.1010, Val IoU: 0.0013
2025-05-05 10:15:01,823 - INFO - New best model saved with validation loss: 0.0883
2025-05-05 10:15:11,154 - INFO - Epoch 32/50 - Train Loss: 0.0899, Train Dice: 0.0961, Val Loss: 0.0887, Val Dice: 0.1063, Val IoU: 0.0012
2025-05-05 10:15:11,154 - INFO - Early stopping counter: 1/7
2025-05-05 10:15:20,452 - INFO - Epoch 33/50 - Train Loss: 0.0877, Train Dice: 0.0974, Val Loss: 0.0842, Val Dice: 0.0987, Val IoU: 0.0013
2025-05-05 10:15:20,921 - INFO - New best model saved with validation loss: 0.0842
2025-05-05 10:15:30,251 - INFO - Epoch 34/50 - Train Loss: 0.0853, Train Dice: 0.1024, Val Loss: 0.0814, Val Dice: 0.1079, Val IoU: 0.0012
2025-05-05 10:15:30,705 - INFO - New best model saved with validation loss: 0.0814
2025-05-05 10:15:40,027 - INFO - Epoch 35/50 - Train Loss: 0.0829, Train Dice: 0.1063, Val Loss: 0.0796, Val Dice: 0.1143, Val IoU: 0.0012
2025-05-05 10:15:41,626 - INFO - New best model saved with validation loss: 0.0796
2025-05-05 10:15:51,131 - INFO - Epoch 36/50 - Train Loss: 0.0813, Train Dice: 0.1089, Val Loss: 0.0779, Val Dice: 0.1050, Val IoU: 0.0012
2025-05-05 10:15:51,604 - INFO - New best model saved with validation loss: 0.0779
2025-05-05 10:16:01,315 - INFO - Epoch 37/50 - Train Loss: 0.0797, Train Dice: 0.1104, Val Loss: 0.0756, Val Dice: 0.1108, Val IoU: 0.0012
2025-05-05 10:16:01,798 - INFO - New best model saved with validation loss: 0.0756
2025-05-05 10:16:11,607 - INFO - Epoch 38/50 - Train Loss: 0.0777, Train Dice: 0.1165, Val Loss: 0.0751, Val Dice: 0.1158, Val IoU: 0.0012
2025-05-05 10:16:12,075 - INFO - New best model saved with validation loss: 0.0751
2025-05-05 10:16:21,781 - INFO - Epoch 39/50 - Train Loss: 0.0764, Train Dice: 0.1163, Val Loss: 0.0753, Val Dice: 0.1227, Val IoU: 0.0012
2025-05-05 10:16:21,781 - INFO - Early stopping counter: 1/7
2025-05-05 10:16:31,500 - INFO - Epoch 40/50 - Train Loss: 0.0747, Train Dice: 0.1172, Val Loss: 0.0722, Val Dice: 0.1247, Val IoU: 0.0012
2025-05-05 10:16:33,139 - INFO - New best model saved with validation loss: 0.0722
2025-05-05 10:16:42,912 - INFO - Epoch 41/50 - Train Loss: 0.0738, Train Dice: 0.1203, Val Loss: 0.0717, Val Dice: 0.1177, Val IoU: 0.0012
2025-05-05 10:16:43,386 - INFO - New best model saved with validation loss: 0.0717
2025-05-05 10:16:53,087 - INFO - Epoch 42/50 - Train Loss: 0.0722, Train Dice: 0.1258, Val Loss: 0.0693, Val Dice: 0.1280, Val IoU: 0.0012
2025-05-05 10:16:53,570 - INFO - New best model saved with validation loss: 0.0693
2025-05-05 10:17:03,291 - INFO - Epoch 43/50 - Train Loss: 0.0707, Train Dice: 0.1270, Val Loss: 0.0675, Val Dice: 0.1243, Val IoU: 0.0012
2025-05-05 10:17:03,767 - INFO - New best model saved with validation loss: 0.0675
2025-05-05 10:17:13,524 - INFO - Epoch 44/50 - Train Loss: 0.0695, Train Dice: 0.1294, Val Loss: 0.0673, Val Dice: 0.1341, Val IoU: 0.0012
2025-05-05 10:17:13,992 - INFO - New best model saved with validation loss: 0.0673
2025-05-05 10:17:23,641 - INFO - Epoch 45/50 - Train Loss: 0.0688, Train Dice: 0.1319, Val Loss: 0.0658, Val Dice: 0.1386, Val IoU: 0.0012
2025-05-05 10:17:25,347 - INFO - New best model saved with validation loss: 0.0658
2025-05-05 10:17:35,011 - INFO - Epoch 46/50 - Train Loss: 0.0672, Train Dice: 0.1360, Val Loss: 0.0654, Val Dice: 0.1463, Val IoU: 0.0012
2025-05-05 10:17:35,493 - INFO - New best model saved with validation loss: 0.0654
2025-05-05 10:17:45,116 - INFO - Epoch 47/50 - Train Loss: 0.0665, Train Dice: 0.1379, Val Loss: 0.0642, Val Dice: 0.1396, Val IoU: 0.0012
2025-05-05 10:17:45,580 - INFO - New best model saved with validation loss: 0.0642
2025-05-05 10:17:55,197 - INFO - Epoch 48/50 - Train Loss: 0.0664, Train Dice: 0.1372, Val Loss: 0.0649, Val Dice: 0.1425, Val IoU: 0.0012
2025-05-05 10:17:55,197 - INFO - Early stopping counter: 1/7
2025-05-05 10:18:04,843 - INFO - Epoch 49/50 - Train Loss: 0.0643, Train Dice: 0.1428, Val Loss: 0.0630, Val Dice: 0.1455, Val IoU: 0.0012
2025-05-05 10:18:05,306 - INFO - New best model saved with validation loss: 0.0630
2025-05-05 10:18:14,927 - INFO - Epoch 50/50 - Train Loss: 0.0634, Train Dice: 0.1473, Val Loss: 0.0608, Val Dice: 0.1525, Val IoU: 0.0012
2025-05-05 10:18:16,450 - INFO - New best model saved with validation loss: 0.0608
2025-05-05 10:18:16,450 - INFO - Training completed in 0:08:23.523449
2025-05-05 10:18:16,613 - INFO - Final model saved to output/final_model.pth
