2025-05-05 10:25:36,425 - INFO - Using device: cuda
2025-05-05 10:25:36,427 - INFO - Found 222 images and 222 masks
2025-05-05 10:25:36,562 - INFO - Model parameters: 4,286,497
2025-05-05 10:25:37,022 - INFO - Starting lightweight model training at 2025-05-05 10:25:37.022698
2025-05-05 10:25:38,910 - INFO - Epoch 1/30 - Train Loss: 0.5227, Train Dice: 0.0351, Val Loss: 0.6037, Val Dice: 0.0311
2025-05-05 10:25:38,941 - INFO - New best model saved with validation loss: 0.6037
2025-05-05 10:25:40,292 - INFO - Epoch 2/30 - Train Loss: 0.4100, Train Dice: 0.0367, Val Loss: 0.4699, Val Dice: 0.0310
2025-05-05 10:25:40,537 - INFO - New best model saved with validation loss: 0.4699
2025-05-05 10:25:41,951 - INFO - Epoch 3/30 - Train Loss: 0.3377, Train Dice: 0.0383, Val Loss: 0.3542, Val Dice: 0.0335
2025-05-05 10:25:42,012 - INFO - New best model saved with validation loss: 0.3542
2025-05-05 10:25:43,421 - INFO - Epoch 4/30 - Train Loss: 0.2840, Train Dice: 0.0367, Val Loss: 0.2743, Val Dice: 0.0368
2025-05-05 10:25:43,486 - INFO - New best model saved with validation loss: 0.2743
2025-05-05 10:25:44,864 - INFO - Epoch 5/30 - Train Loss: 0.2445, Train Dice: 0.0381, Val Loss: 0.2303, Val Dice: 0.0385
2025-05-05 10:25:45,715 - INFO - New best model saved with validation loss: 0.2303
2025-05-05 10:25:47,081 - INFO - Epoch 6/30 - Train Loss: 0.2136, Train Dice: 0.0412, Val Loss: 0.2013, Val Dice: 0.0422
2025-05-05 10:25:47,140 - INFO - New best model saved with validation loss: 0.2013
2025-05-05 10:25:48,486 - INFO - Epoch 7/30 - Train Loss: 0.1890, Train Dice: 0.0427, Val Loss: 0.1794, Val Dice: 0.0452
2025-05-05 10:25:48,556 - INFO - New best model saved with validation loss: 0.1794
2025-05-05 10:25:49,931 - INFO - Epoch 8/30 - Train Loss: 0.1694, Train Dice: 0.0457, Val Loss: 0.1622, Val Dice: 0.0490
2025-05-05 10:25:49,995 - INFO - New best model saved with validation loss: 0.1622
2025-05-05 10:25:51,358 - INFO - Epoch 9/30 - Train Loss: 0.1525, Train Dice: 0.0482, Val Loss: 0.1450, Val Dice: 0.0493
2025-05-05 10:25:51,428 - INFO - New best model saved with validation loss: 0.1450
2025-05-05 10:25:52,781 - INFO - Epoch 10/30 - Train Loss: 0.1369, Train Dice: 0.0541, Val Loss: 0.1268, Val Dice: 0.0557
2025-05-05 10:25:53,629 - INFO - New best model saved with validation loss: 0.1268
2025-05-05 10:25:54,980 - INFO - Epoch 11/30 - Train Loss: 0.1254, Train Dice: 0.0569, Val Loss: 0.1185, Val Dice: 0.0601
2025-05-05 10:25:55,047 - INFO - New best model saved with validation loss: 0.1185
2025-05-05 10:25:56,393 - INFO - Epoch 12/30 - Train Loss: 0.1158, Train Dice: 0.0638, Val Loss: 0.1107, Val Dice: 0.0647
2025-05-05 10:25:56,459 - INFO - New best model saved with validation loss: 0.1107
2025-05-05 10:25:57,804 - INFO - Epoch 13/30 - Train Loss: 0.1082, Train Dice: 0.0678, Val Loss: 0.1015, Val Dice: 0.0667
2025-05-05 10:25:57,970 - INFO - New best model saved with validation loss: 0.1015
2025-05-05 10:25:59,312 - INFO - Epoch 14/30 - Train Loss: 0.1002, Train Dice: 0.0743, Val Loss: 0.0957, Val Dice: 0.0726
2025-05-05 10:25:59,374 - INFO - New best model saved with validation loss: 0.0957
2025-05-05 10:26:00,741 - INFO - Epoch 15/30 - Train Loss: 0.0944, Train Dice: 0.0798, Val Loss: 0.0874, Val Dice: 0.0824
2025-05-05 10:26:01,470 - INFO - New best model saved with validation loss: 0.0874
2025-05-05 10:26:02,818 - INFO - Epoch 16/30 - Train Loss: 0.0895, Train Dice: 0.0851, Val Loss: 0.0847, Val Dice: 0.0884
2025-05-05 10:26:02,876 - INFO - New best model saved with validation loss: 0.0847
2025-05-05 10:26:04,224 - INFO - Epoch 17/30 - Train Loss: 0.0860, Train Dice: 0.0883, Val Loss: 0.0844, Val Dice: 0.0880
2025-05-05 10:26:04,286 - INFO - New best model saved with validation loss: 0.0844
2025-05-05 10:26:05,659 - INFO - Epoch 18/30 - Train Loss: 0.0815, Train Dice: 0.0951, Val Loss: 0.0800, Val Dice: 0.0884
2025-05-05 10:26:05,719 - INFO - New best model saved with validation loss: 0.0800
2025-05-05 10:26:07,072 - INFO - Epoch 19/30 - Train Loss: 0.0781, Train Dice: 0.0923, Val Loss: 0.0753, Val Dice: 0.1011
2025-05-05 10:26:07,148 - INFO - New best model saved with validation loss: 0.0753
2025-05-05 10:26:08,533 - INFO - Epoch 20/30 - Train Loss: 0.0752, Train Dice: 0.0968, Val Loss: 0.0751, Val Dice: 0.0977
2025-05-05 10:26:09,271 - INFO - New best model saved with validation loss: 0.0751
2025-05-05 10:26:10,624 - INFO - Epoch 21/30 - Train Loss: 0.0717, Train Dice: 0.1121, Val Loss: 0.0721, Val Dice: 0.0994
2025-05-05 10:26:10,692 - INFO - New best model saved with validation loss: 0.0721
2025-05-05 10:26:12,045 - INFO - Epoch 22/30 - Train Loss: 0.0690, Train Dice: 0.1208, Val Loss: 0.0696, Val Dice: 0.1120
2025-05-05 10:26:12,103 - INFO - New best model saved with validation loss: 0.0696
2025-05-05 10:26:13,458 - INFO - Epoch 23/30 - Train Loss: 0.0672, Train Dice: 0.1228, Val Loss: 0.0675, Val Dice: 0.1177
2025-05-05 10:26:13,520 - INFO - New best model saved with validation loss: 0.0675
2025-05-05 10:26:14,876 - INFO - Epoch 24/30 - Train Loss: 0.0648, Train Dice: 0.1353, Val Loss: 0.0659, Val Dice: 0.1297
2025-05-05 10:26:14,939 - INFO - New best model saved with validation loss: 0.0659
2025-05-05 10:26:16,313 - INFO - Epoch 25/30 - Train Loss: 0.0630, Train Dice: 0.1408, Val Loss: 0.0629, Val Dice: 0.1274
2025-05-05 10:26:17,170 - INFO - New best model saved with validation loss: 0.0629
2025-05-05 10:26:18,609 - INFO - Epoch 26/30 - Train Loss: 0.0635, Train Dice: 0.1316, Val Loss: 0.0638, Val Dice: 0.1347
2025-05-05 10:26:18,610 - INFO - Early stopping counter: 1/5
2025-05-05 10:26:20,028 - INFO - Epoch 27/30 - Train Loss: 0.0600, Train Dice: 0.1475, Val Loss: 0.0632, Val Dice: 0.1276
2025-05-05 10:26:20,028 - INFO - Early stopping counter: 2/5
2025-05-05 10:26:21,442 - INFO - Epoch 28/30 - Train Loss: 0.0588, Train Dice: 0.1526, Val Loss: 0.0618, Val Dice: 0.1268
2025-05-05 10:26:21,506 - INFO - New best model saved with validation loss: 0.0618
2025-05-05 10:26:22,917 - INFO - Epoch 29/30 - Train Loss: 0.0577, Train Dice: 0.1542, Val Loss: 0.0585, Val Dice: 0.1454
2025-05-05 10:26:22,993 - INFO - New best model saved with validation loss: 0.0585
2025-05-05 10:26:24,427 - INFO - Epoch 30/30 - Train Loss: 0.0554, Train Dice: 0.1573, Val Loss: 0.0575, Val Dice: 0.1592
2025-05-05 10:26:25,196 - INFO - New best model saved with validation loss: 0.0575
2025-05-05 10:26:25,196 - INFO - Training completed in 0:00:48.174032
2025-05-05 10:26:25,223 - INFO - Final model saved to output_lite/final_model.pth
2025-05-05 10:46:26,214 - INFO - Using device: cuda
2025-05-05 10:46:26,215 - INFO - Found 222 images and 222 masks
2025-05-05 10:46:26,357 - INFO - Model parameters: 4,286,497
2025-05-05 10:46:26,817 - INFO - Starting lightweight model training at 2025-05-05 10:46:26.817639
2025-05-05 10:46:29,399 - INFO - Epoch 1/60 - Train Loss: 0.6008, Train Dice: 0.0326, Val Loss: 0.6502, Val Dice: 0.0309
2025-05-05 10:46:29,430 - INFO - New best model saved with validation loss: 0.6502
2025-05-05 10:46:31,585 - INFO - Epoch 2/60 - Train Loss: 0.5958, Train Dice: 0.0326, Val Loss: 0.5982, Val Dice: 0.0309
2025-05-05 10:46:31,653 - INFO - New best model saved with validation loss: 0.5982
2025-05-05 10:46:33,824 - INFO - Epoch 3/60 - Train Loss: 0.5894, Train Dice: 0.0335, Val Loss: 0.5720, Val Dice: 0.0314
2025-05-05 10:46:33,891 - INFO - New best model saved with validation loss: 0.5720
2025-05-05 10:46:36,039 - INFO - Epoch 4/60 - Train Loss: 0.5864, Train Dice: 0.0321, Val Loss: 0.5763, Val Dice: 0.0317
2025-05-05 10:46:36,039 - INFO - Early stopping counter: 1/7
2025-05-05 10:46:38,197 - INFO - Epoch 5/60 - Train Loss: 0.5812, Train Dice: 0.0324, Val Loss: 0.5754, Val Dice: 0.0323
2025-05-05 10:46:39,083 - INFO - Early stopping counter: 2/7
2025-05-05 10:46:41,233 - INFO - Epoch 6/60 - Train Loss: 0.5785, Train Dice: 0.0332, Val Loss: 0.5756, Val Dice: 0.0328
2025-05-05 10:46:41,234 - INFO - Early stopping counter: 3/7
2025-05-05 10:46:43,397 - INFO - Epoch 7/60 - Train Loss: 0.5739, Train Dice: 0.0331, Val Loss: 0.5777, Val Dice: 0.0331
2025-05-05 10:46:43,397 - INFO - Early stopping counter: 4/7
2025-05-05 10:46:45,554 - INFO - Epoch 8/60 - Train Loss: 0.5733, Train Dice: 0.0335, Val Loss: 0.5760, Val Dice: 0.0333
2025-05-05 10:46:45,554 - INFO - Early stopping counter: 5/7
2025-05-05 10:46:47,713 - INFO - Epoch 9/60 - Train Loss: 0.5713, Train Dice: 0.0337, Val Loss: 0.5733, Val Dice: 0.0335
2025-05-05 10:46:47,713 - INFO - Early stopping counter: 6/7
2025-05-05 10:46:49,868 - INFO - Epoch 10/60 - Train Loss: 0.5670, Train Dice: 0.0340, Val Loss: 0.5687, Val Dice: 0.0334
2025-05-05 10:46:50,753 - INFO - New best model saved with validation loss: 0.5687
2025-05-05 10:46:52,915 - INFO - Epoch 11/60 - Train Loss: 0.5651, Train Dice: 0.0335, Val Loss: 0.5666, Val Dice: 0.0335
2025-05-05 10:46:52,984 - INFO - New best model saved with validation loss: 0.5666
2025-05-05 10:46:55,149 - INFO - Epoch 12/60 - Train Loss: 0.5622, Train Dice: 0.0347, Val Loss: 0.5667, Val Dice: 0.0337
2025-05-05 10:46:55,149 - INFO - Early stopping counter: 1/7
2025-05-05 10:46:57,303 - INFO - Epoch 13/60 - Train Loss: 0.5618, Train Dice: 0.0346, Val Loss: 0.5637, Val Dice: 0.0337
2025-05-05 10:46:57,370 - INFO - New best model saved with validation loss: 0.5637
2025-05-05 10:46:59,534 - INFO - Epoch 14/60 - Train Loss: 0.5599, Train Dice: 0.0340, Val Loss: 0.5604, Val Dice: 0.0338
2025-05-05 10:46:59,598 - INFO - New best model saved with validation loss: 0.5604
2025-05-05 10:47:01,777 - INFO - Epoch 15/60 - Train Loss: 0.5578, Train Dice: 0.0347, Val Loss: 0.5601, Val Dice: 0.0339
2025-05-05 10:47:02,747 - INFO - New best model saved with validation loss: 0.5601
2025-05-05 10:47:04,909 - INFO - Epoch 16/60 - Train Loss: 0.5567, Train Dice: 0.0346, Val Loss: 0.5582, Val Dice: 0.0339
2025-05-05 10:47:04,979 - INFO - New best model saved with validation loss: 0.5582
2025-05-05 10:47:07,193 - INFO - Epoch 17/60 - Train Loss: 0.5547, Train Dice: 0.0344, Val Loss: 0.5571, Val Dice: 0.0339
2025-05-05 10:47:07,262 - INFO - New best model saved with validation loss: 0.5571
2025-05-05 10:47:09,491 - INFO - Epoch 18/60 - Train Loss: 0.5517, Train Dice: 0.0347, Val Loss: 0.5556, Val Dice: 0.0341
2025-05-05 10:47:09,562 - INFO - New best model saved with validation loss: 0.5556
2025-05-05 10:47:11,713 - INFO - Epoch 19/60 - Train Loss: 0.5507, Train Dice: 0.0344, Val Loss: 0.5543, Val Dice: 0.0343
2025-05-05 10:47:11,773 - INFO - New best model saved with validation loss: 0.5543
2025-05-05 10:47:14,018 - INFO - Epoch 20/60 - Train Loss: 0.5493, Train Dice: 0.0342, Val Loss: 0.5508, Val Dice: 0.0342
2025-05-05 10:47:14,921 - INFO - New best model saved with validation loss: 0.5508
2025-05-05 10:47:17,073 - INFO - Epoch 21/60 - Train Loss: 0.5471, Train Dice: 0.0352, Val Loss: 0.5465, Val Dice: 0.0343
2025-05-05 10:47:17,146 - INFO - New best model saved with validation loss: 0.5465
2025-05-05 10:47:19,310 - INFO - Epoch 22/60 - Train Loss: 0.5442, Train Dice: 0.0351, Val Loss: 0.5459, Val Dice: 0.0343
2025-05-05 10:47:19,377 - INFO - New best model saved with validation loss: 0.5459
2025-05-05 10:47:21,535 - INFO - Epoch 23/60 - Train Loss: 0.5425, Train Dice: 0.0349, Val Loss: 0.5459, Val Dice: 0.0344
2025-05-05 10:47:21,605 - INFO - New best model saved with validation loss: 0.5459
2025-05-05 10:47:23,784 - INFO - Epoch 24/60 - Train Loss: 0.5400, Train Dice: 0.0360, Val Loss: 0.5433, Val Dice: 0.0345
2025-05-05 10:47:23,851 - INFO - New best model saved with validation loss: 0.5433
2025-05-05 10:47:26,036 - INFO - Epoch 25/60 - Train Loss: 0.5394, Train Dice: 0.0356, Val Loss: 0.5424, Val Dice: 0.0345
2025-05-05 10:47:26,997 - INFO - New best model saved with validation loss: 0.5424
2025-05-05 10:47:29,159 - INFO - Epoch 26/60 - Train Loss: 0.5367, Train Dice: 0.0347, Val Loss: 0.5367, Val Dice: 0.0345
2025-05-05 10:47:29,227 - INFO - New best model saved with validation loss: 0.5367
2025-05-05 10:47:31,398 - INFO - Epoch 27/60 - Train Loss: 0.5343, Train Dice: 0.0356, Val Loss: 0.5366, Val Dice: 0.0346
2025-05-05 10:47:31,464 - INFO - New best model saved with validation loss: 0.5366
2025-05-05 10:47:33,624 - INFO - Epoch 28/60 - Train Loss: 0.5324, Train Dice: 0.0353, Val Loss: 0.5343, Val Dice: 0.0346
2025-05-05 10:47:33,682 - INFO - New best model saved with validation loss: 0.5343
2025-05-05 10:47:35,850 - INFO - Epoch 29/60 - Train Loss: 0.5305, Train Dice: 0.0357, Val Loss: 0.5301, Val Dice: 0.0347
2025-05-05 10:47:35,915 - INFO - New best model saved with validation loss: 0.5301
2025-05-05 10:47:38,085 - INFO - Epoch 30/60 - Train Loss: 0.5283, Train Dice: 0.0346, Val Loss: 0.5299, Val Dice: 0.0348
2025-05-05 10:47:38,960 - INFO - New best model saved with validation loss: 0.5299
2025-05-05 10:47:41,134 - INFO - Epoch 31/60 - Train Loss: 0.5270, Train Dice: 0.0356, Val Loss: 0.5288, Val Dice: 0.0348
2025-05-05 10:47:41,199 - INFO - New best model saved with validation loss: 0.5288
2025-05-05 10:47:43,366 - INFO - Epoch 32/60 - Train Loss: 0.5246, Train Dice: 0.0362, Val Loss: 0.5264, Val Dice: 0.0348
2025-05-05 10:47:43,435 - INFO - New best model saved with validation loss: 0.5264
2025-05-05 10:47:45,602 - INFO - Epoch 33/60 - Train Loss: 0.5229, Train Dice: 0.0356, Val Loss: 0.5230, Val Dice: 0.0348
2025-05-05 10:47:45,663 - INFO - New best model saved with validation loss: 0.5230
2025-05-05 10:47:47,826 - INFO - Epoch 34/60 - Train Loss: 0.5227, Train Dice: 0.0350, Val Loss: 0.5179, Val Dice: 0.0350
2025-05-05 10:47:47,884 - INFO - New best model saved with validation loss: 0.5179
2025-05-05 10:47:50,048 - INFO - Epoch 35/60 - Train Loss: 0.5210, Train Dice: 0.0349, Val Loss: 0.5152, Val Dice: 0.0350
2025-05-05 10:47:50,917 - INFO - New best model saved with validation loss: 0.5152
2025-05-05 10:47:53,087 - INFO - Epoch 36/60 - Train Loss: 0.5173, Train Dice: 0.0362, Val Loss: 0.5145, Val Dice: 0.0350
2025-05-05 10:47:53,157 - INFO - New best model saved with validation loss: 0.5145
2025-05-05 10:47:55,327 - INFO - Epoch 37/60 - Train Loss: 0.5168, Train Dice: 0.0346, Val Loss: 0.5121, Val Dice: 0.0349
2025-05-05 10:47:55,396 - INFO - New best model saved with validation loss: 0.5121
2025-05-05 10:47:57,565 - INFO - Epoch 38/60 - Train Loss: 0.5146, Train Dice: 0.0356, Val Loss: 0.5149, Val Dice: 0.0348
2025-05-05 10:47:57,565 - INFO - Early stopping counter: 1/7
2025-05-05 10:47:59,731 - INFO - Epoch 39/60 - Train Loss: 0.5134, Train Dice: 0.0345, Val Loss: 0.5124, Val Dice: 0.0348
2025-05-05 10:47:59,731 - INFO - Early stopping counter: 2/7
2025-05-05 10:48:01,897 - INFO - Epoch 40/60 - Train Loss: 0.5113, Train Dice: 0.0348, Val Loss: 0.5098, Val Dice: 0.0347
2025-05-05 10:48:02,873 - INFO - New best model saved with validation loss: 0.5098
2025-05-05 10:48:05,082 - INFO - Epoch 41/60 - Train Loss: 0.5106, Train Dice: 0.0346, Val Loss: 0.5085, Val Dice: 0.0348
2025-05-05 10:48:05,143 - INFO - New best model saved with validation loss: 0.5085
2025-05-05 10:48:07,305 - INFO - Epoch 42/60 - Train Loss: 0.5081, Train Dice: 0.0363, Val Loss: 0.5098, Val Dice: 0.0348
2025-05-05 10:48:07,305 - INFO - Early stopping counter: 1/7
2025-05-05 10:48:09,466 - INFO - Epoch 43/60 - Train Loss: 0.5064, Train Dice: 0.0360, Val Loss: 0.5079, Val Dice: 0.0348
2025-05-05 10:48:09,533 - INFO - New best model saved with validation loss: 0.5079
2025-05-05 10:48:11,696 - INFO - Epoch 44/60 - Train Loss: 0.5045, Train Dice: 0.0362, Val Loss: 0.5066, Val Dice: 0.0348
2025-05-05 10:48:11,763 - INFO - New best model saved with validation loss: 0.5066
2025-05-05 10:48:13,922 - INFO - Epoch 45/60 - Train Loss: 0.5039, Train Dice: 0.0362, Val Loss: 0.5082, Val Dice: 0.0349
2025-05-05 10:48:14,732 - INFO - Early stopping counter: 1/7
2025-05-05 10:48:16,903 - INFO - Epoch 46/60 - Train Loss: 0.5029, Train Dice: 0.0360, Val Loss: 0.5072, Val Dice: 0.0348
2025-05-05 10:48:16,903 - INFO - Early stopping counter: 2/7
2025-05-05 10:48:19,067 - INFO - Epoch 47/60 - Train Loss: 0.5006, Train Dice: 0.0360, Val Loss: 0.5024, Val Dice: 0.0348
2025-05-05 10:48:19,126 - INFO - New best model saved with validation loss: 0.5024
2025-05-05 10:48:21,315 - INFO - Epoch 48/60 - Train Loss: 0.5003, Train Dice: 0.0364, Val Loss: 0.5065, Val Dice: 0.0348
2025-05-05 10:48:21,315 - INFO - Early stopping counter: 1/7
2025-05-05 10:48:23,488 - INFO - Epoch 49/60 - Train Loss: 0.4984, Train Dice: 0.0353, Val Loss: 0.4997, Val Dice: 0.0348
2025-05-05 10:48:23,549 - INFO - New best model saved with validation loss: 0.4997
2025-05-05 10:48:25,742 - INFO - Epoch 50/60 - Train Loss: 0.4974, Train Dice: 0.0362, Val Loss: 0.5012, Val Dice: 0.0348
2025-05-05 10:48:26,652 - INFO - Early stopping counter: 1/7
2025-05-05 10:48:28,853 - INFO - Epoch 51/60 - Train Loss: 0.4947, Train Dice: 0.0366, Val Loss: 0.4994, Val Dice: 0.0349
2025-05-05 10:48:28,913 - INFO - New best model saved with validation loss: 0.4994
2025-05-05 10:48:31,120 - INFO - Epoch 52/60 - Train Loss: 0.4941, Train Dice: 0.0359, Val Loss: 0.4968, Val Dice: 0.0349
2025-05-05 10:48:31,188 - INFO - New best model saved with validation loss: 0.4968
2025-05-05 10:48:33,366 - INFO - Epoch 53/60 - Train Loss: 0.4937, Train Dice: 0.0350, Val Loss: 0.4914, Val Dice: 0.0348
2025-05-05 10:48:33,441 - INFO - New best model saved with validation loss: 0.4914
2025-05-05 10:48:35,613 - INFO - Epoch 54/60 - Train Loss: 0.4914, Train Dice: 0.0350, Val Loss: 0.4896, Val Dice: 0.0348
2025-05-05 10:48:35,680 - INFO - New best model saved with validation loss: 0.4896
2025-05-05 10:48:37,843 - INFO - Epoch 55/60 - Train Loss: 0.4897, Train Dice: 0.0361, Val Loss: 0.4897, Val Dice: 0.0348
2025-05-05 10:48:38,648 - INFO - Early stopping counter: 1/7
2025-05-05 10:48:40,821 - INFO - Epoch 56/60 - Train Loss: 0.4903, Train Dice: 0.0351, Val Loss: 0.4962, Val Dice: 0.0347
2025-05-05 10:48:40,821 - INFO - Early stopping counter: 2/7
2025-05-05 10:48:42,986 - INFO - Epoch 57/60 - Train Loss: 0.4869, Train Dice: 0.0355, Val Loss: 0.4923, Val Dice: 0.0347
2025-05-05 10:48:42,986 - INFO - Early stopping counter: 3/7
2025-05-05 10:48:45,148 - INFO - Epoch 58/60 - Train Loss: 0.4876, Train Dice: 0.0348, Val Loss: 0.4864, Val Dice: 0.0348
2025-05-05 10:48:45,216 - INFO - New best model saved with validation loss: 0.4864
2025-05-05 10:48:47,388 - INFO - Epoch 59/60 - Train Loss: 0.4836, Train Dice: 0.0362, Val Loss: 0.4841, Val Dice: 0.0349
2025-05-05 10:48:47,458 - INFO - New best model saved with validation loss: 0.4841
2025-05-05 10:48:49,621 - INFO - Epoch 60/60 - Train Loss: 0.4828, Train Dice: 0.0367, Val Loss: 0.4861, Val Dice: 0.0347
2025-05-05 10:48:50,432 - INFO - Early stopping counter: 1/7
2025-05-05 10:48:50,432 - INFO - Training completed in 0:02:23.615103
2025-05-05 10:48:50,459 - INFO - Final model saved to output_lite/final_model.pth
2025-05-05 10:49:38,744 - INFO - Using device: cuda
2025-05-05 10:49:38,745 - INFO - Found 222 images and 222 masks
2025-05-05 10:49:38,903 - INFO - Model parameters: 4,286,497
2025-05-05 10:49:39,398 - INFO - Starting lightweight model training at 2025-05-05 10:49:39.398287
2025-05-05 10:49:43,261 - INFO - Epoch 1/60 - Train Loss: 0.6018, Train Dice: 0.0325, Val Loss: 0.6507, Val Dice: 0.0311
2025-05-05 10:49:43,292 - INFO - New best model saved with validation loss: 0.6507
2025-05-05 10:49:46,777 - INFO - Epoch 2/60 - Train Loss: 0.5965, Train Dice: 0.0328, Val Loss: 0.5999, Val Dice: 0.0311
2025-05-05 10:49:46,841 - INFO - New best model saved with validation loss: 0.5999
2025-05-05 10:49:50,326 - INFO - Epoch 3/60 - Train Loss: 0.5895, Train Dice: 0.0334, Val Loss: 0.5742, Val Dice: 0.0318
2025-05-05 10:49:50,389 - INFO - New best model saved with validation loss: 0.5742
2025-05-05 10:49:53,881 - INFO - Epoch 4/60 - Train Loss: 0.5858, Train Dice: 0.0323, Val Loss: 0.5769, Val Dice: 0.0321
2025-05-05 10:49:53,882 - INFO - Early stopping counter: 1/7
2025-05-05 10:49:57,357 - INFO - Epoch 5/60 - Train Loss: 0.5801, Train Dice: 0.0326, Val Loss: 0.5747, Val Dice: 0.0327
2025-05-05 10:49:58,309 - INFO - Early stopping counter: 2/7
2025-05-05 10:50:01,813 - INFO - Epoch 6/60 - Train Loss: 0.5770, Train Dice: 0.0333, Val Loss: 0.5744, Val Dice: 0.0333
2025-05-05 10:50:01,813 - INFO - Early stopping counter: 3/7
2025-05-05 10:50:05,362 - INFO - Epoch 7/60 - Train Loss: 0.5721, Train Dice: 0.0332, Val Loss: 0.5759, Val Dice: 0.0337
2025-05-05 10:50:05,362 - INFO - Early stopping counter: 4/7
2025-05-05 10:50:08,849 - INFO - Epoch 8/60 - Train Loss: 0.5712, Train Dice: 0.0336, Val Loss: 0.5743, Val Dice: 0.0340
2025-05-05 10:50:08,850 - INFO - Early stopping counter: 5/7
2025-05-05 10:50:12,466 - INFO - Epoch 9/60 - Train Loss: 0.5689, Train Dice: 0.0339, Val Loss: 0.5721, Val Dice: 0.0341
2025-05-05 10:50:12,525 - INFO - New best model saved with validation loss: 0.5721
2025-05-05 10:50:16,068 - INFO - Epoch 10/60 - Train Loss: 0.5641, Train Dice: 0.0341, Val Loss: 0.5660, Val Dice: 0.0341
2025-05-05 10:50:16,995 - INFO - New best model saved with validation loss: 0.5660
2025-05-05 10:50:20,507 - INFO - Epoch 11/60 - Train Loss: 0.5625, Train Dice: 0.0337, Val Loss: 0.5637, Val Dice: 0.0342
2025-05-05 10:50:20,574 - INFO - New best model saved with validation loss: 0.5637
2025-05-05 10:50:24,158 - INFO - Epoch 12/60 - Train Loss: 0.5594, Train Dice: 0.0350, Val Loss: 0.5642, Val Dice: 0.0344
2025-05-05 10:50:24,159 - INFO - Early stopping counter: 1/7
2025-05-05 10:50:42,802 - INFO - Using device: cuda
2025-05-05 10:50:42,804 - INFO - Found 222 images and 222 masks
2025-05-05 10:50:42,954 - INFO - Model parameters: 4,286,497
2025-05-05 10:50:43,432 - INFO - Starting lightweight model training at 2025-05-05 10:50:43.432332
2025-05-05 10:50:46,022 - INFO - Epoch 1/60 - Train Loss: 0.5213, Train Dice: 0.0354, Val Loss: 0.6009, Val Dice: 0.0309
2025-05-05 10:50:46,054 - INFO - New best model saved with validation loss: 0.6009
2025-05-05 10:50:48,225 - INFO - Epoch 2/60 - Train Loss: 0.4097, Train Dice: 0.0364, Val Loss: 0.4575, Val Dice: 0.0311
2025-05-05 10:50:48,286 - INFO - New best model saved with validation loss: 0.4575
2025-05-05 10:50:50,453 - INFO - Epoch 3/60 - Train Loss: 0.3339, Train Dice: 0.0388, Val Loss: 0.3560, Val Dice: 0.0324
2025-05-05 10:50:50,514 - INFO - New best model saved with validation loss: 0.3560
2025-05-05 10:50:52,680 - INFO - Epoch 4/60 - Train Loss: 0.2783, Train Dice: 0.0370, Val Loss: 0.2795, Val Dice: 0.0339
2025-05-05 10:50:52,749 - INFO - New best model saved with validation loss: 0.2795
2025-05-05 10:50:54,895 - INFO - Epoch 5/60 - Train Loss: 0.2380, Train Dice: 0.0369, Val Loss: 0.2205, Val Dice: 0.0360
2025-05-05 10:50:55,854 - INFO - New best model saved with validation loss: 0.2205
2025-05-05 10:50:58,008 - INFO - Epoch 6/60 - Train Loss: 0.2080, Train Dice: 0.0387, Val Loss: 0.1941, Val Dice: 0.0402
2025-05-05 10:50:58,076 - INFO - New best model saved with validation loss: 0.1941
2025-05-05 10:51:00,236 - INFO - Epoch 7/60 - Train Loss: 0.1841, Train Dice: 0.0394, Val Loss: 0.1707, Val Dice: 0.0425
2025-05-05 10:51:00,295 - INFO - New best model saved with validation loss: 0.1707
2025-05-05 10:51:02,449 - INFO - Epoch 8/60 - Train Loss: 0.1644, Train Dice: 0.0426, Val Loss: 0.1562, Val Dice: 0.0426
2025-05-05 10:51:02,517 - INFO - New best model saved with validation loss: 0.1562
2025-05-05 10:51:04,680 - INFO - Epoch 9/60 - Train Loss: 0.1485, Train Dice: 0.0472, Val Loss: 0.1420, Val Dice: 0.0508
2025-05-05 10:51:04,749 - INFO - New best model saved with validation loss: 0.1420
2025-05-05 10:51:06,912 - INFO - Epoch 10/60 - Train Loss: 0.1348, Train Dice: 0.0562, Val Loss: 0.1269, Val Dice: 0.0585
2025-05-05 10:51:07,794 - INFO - New best model saved with validation loss: 0.1269
2025-05-05 10:51:09,955 - INFO - Epoch 11/60 - Train Loss: 0.1241, Train Dice: 0.0600, Val Loss: 0.1194, Val Dice: 0.0611
2025-05-05 10:51:10,013 - INFO - New best model saved with validation loss: 0.1194
2025-05-05 10:51:12,173 - INFO - Epoch 12/60 - Train Loss: 0.1146, Train Dice: 0.0681, Val Loss: 0.1100, Val Dice: 0.0712
2025-05-05 10:51:12,240 - INFO - New best model saved with validation loss: 0.1100
2025-05-05 10:51:14,405 - INFO - Epoch 13/60 - Train Loss: 0.1074, Train Dice: 0.0729, Val Loss: 0.1011, Val Dice: 0.0754
2025-05-05 10:51:14,472 - INFO - New best model saved with validation loss: 0.1011
2025-05-05 10:51:16,663 - INFO - Epoch 14/60 - Train Loss: 0.0997, Train Dice: 0.0790, Val Loss: 0.0934, Val Dice: 0.0730
2025-05-05 10:51:16,731 - INFO - New best model saved with validation loss: 0.0934
2025-05-05 10:51:18,891 - INFO - Epoch 15/60 - Train Loss: 0.0938, Train Dice: 0.0876, Val Loss: 0.0875, Val Dice: 0.0828
2025-05-05 10:51:19,847 - INFO - New best model saved with validation loss: 0.0875
2025-05-05 10:51:22,013 - INFO - Epoch 16/60 - Train Loss: 0.0897, Train Dice: 0.0896, Val Loss: 0.0898, Val Dice: 0.0890
2025-05-05 10:51:22,013 - INFO - Early stopping counter: 1/5
2025-05-05 10:51:24,183 - INFO - Epoch 17/60 - Train Loss: 0.0848, Train Dice: 0.0944, Val Loss: 0.0820, Val Dice: 0.0942
2025-05-05 10:51:24,252 - INFO - New best model saved with validation loss: 0.0820
2025-05-05 10:51:26,421 - INFO - Epoch 18/60 - Train Loss: 0.0818, Train Dice: 0.0996, Val Loss: 0.0803, Val Dice: 0.0895
2025-05-05 10:51:26,483 - INFO - New best model saved with validation loss: 0.0803
2025-05-05 10:51:28,713 - INFO - Epoch 19/60 - Train Loss: 0.0779, Train Dice: 0.1016, Val Loss: 0.0768, Val Dice: 0.1034
2025-05-05 10:51:28,786 - INFO - New best model saved with validation loss: 0.0768
2025-05-05 10:51:30,968 - INFO - Epoch 20/60 - Train Loss: 0.0756, Train Dice: 0.1015, Val Loss: 0.0718, Val Dice: 0.0964
2025-05-05 10:51:31,885 - INFO - New best model saved with validation loss: 0.0718
2025-05-05 10:51:34,089 - INFO - Epoch 21/60 - Train Loss: 0.0729, Train Dice: 0.1161, Val Loss: 0.0734, Val Dice: 0.1038
2025-05-05 10:51:34,089 - INFO - Early stopping counter: 1/5
2025-05-05 10:51:36,254 - INFO - Epoch 22/60 - Train Loss: 0.0703, Train Dice: 0.1227, Val Loss: 0.0689, Val Dice: 0.1135
2025-05-05 10:51:36,315 - INFO - New best model saved with validation loss: 0.0689
2025-05-05 10:51:38,509 - INFO - Epoch 23/60 - Train Loss: 0.0690, Train Dice: 0.1235, Val Loss: 0.0675, Val Dice: 0.1128
2025-05-05 10:51:38,590 - INFO - New best model saved with validation loss: 0.0675
2025-05-05 10:51:40,786 - INFO - Epoch 24/60 - Train Loss: 0.0661, Train Dice: 0.1342, Val Loss: 0.0658, Val Dice: 0.1258
2025-05-05 10:51:40,845 - INFO - New best model saved with validation loss: 0.0658
2025-05-05 10:51:43,083 - INFO - Epoch 25/60 - Train Loss: 0.0650, Train Dice: 0.1357, Val Loss: 0.0665, Val Dice: 0.1275
2025-05-05 10:51:44,023 - INFO - Early stopping counter: 1/5
2025-05-05 10:51:46,197 - INFO - Epoch 26/60 - Train Loss: 0.0646, Train Dice: 0.1305, Val Loss: 0.0649, Val Dice: 0.1219
2025-05-05 10:51:46,260 - INFO - New best model saved with validation loss: 0.0649
2025-05-05 10:51:48,503 - INFO - Epoch 27/60 - Train Loss: 0.0616, Train Dice: 0.1438, Val Loss: 0.0619, Val Dice: 0.1341
2025-05-05 10:51:48,562 - INFO - New best model saved with validation loss: 0.0619
2025-05-05 10:51:50,725 - INFO - Epoch 28/60 - Train Loss: 0.0600, Train Dice: 0.1490, Val Loss: 0.0624, Val Dice: 0.1382
2025-05-05 10:51:50,726 - INFO - Early stopping counter: 1/5
2025-05-05 10:51:52,903 - INFO - Epoch 29/60 - Train Loss: 0.0591, Train Dice: 0.1535, Val Loss: 0.0588, Val Dice: 0.1414
2025-05-05 10:51:52,976 - INFO - New best model saved with validation loss: 0.0588
2025-05-05 10:51:55,180 - INFO - Epoch 30/60 - Train Loss: 0.0575, Train Dice: 0.1522, Val Loss: 0.0614, Val Dice: 0.1458
2025-05-05 10:51:56,002 - INFO - Early stopping counter: 1/5
2025-05-05 10:51:58,245 - INFO - Epoch 31/60 - Train Loss: 0.0573, Train Dice: 0.1622, Val Loss: 0.0587, Val Dice: 0.1527
2025-05-05 10:51:58,314 - INFO - New best model saved with validation loss: 0.0587
2025-05-05 10:52:00,485 - INFO - Epoch 32/60 - Train Loss: 0.0567, Train Dice: 0.1670, Val Loss: 0.0567, Val Dice: 0.1546
2025-05-05 10:52:00,545 - INFO - New best model saved with validation loss: 0.0567
2025-05-05 10:52:02,760 - INFO - Epoch 33/60 - Train Loss: 0.0555, Train Dice: 0.1669, Val Loss: 0.0568, Val Dice: 0.1531
2025-05-05 10:52:02,760 - INFO - Early stopping counter: 1/5
2025-05-05 10:52:04,963 - INFO - Epoch 34/60 - Train Loss: 0.0564, Train Dice: 0.1596, Val Loss: 0.0574, Val Dice: 0.1418
2025-05-05 10:52:04,963 - INFO - Early stopping counter: 2/5
2025-05-05 10:52:07,153 - INFO - Epoch 35/60 - Train Loss: 0.0550, Train Dice: 0.1626, Val Loss: 0.0582, Val Dice: 0.1438
2025-05-05 10:52:07,967 - INFO - Early stopping counter: 3/5
2025-05-05 10:52:10,183 - INFO - Epoch 36/60 - Train Loss: 0.0536, Train Dice: 0.1791, Val Loss: 0.0538, Val Dice: 0.1670
2025-05-05 10:52:10,252 - INFO - New best model saved with validation loss: 0.0538
2025-05-05 10:52:12,475 - INFO - Epoch 37/60 - Train Loss: 0.0541, Train Dice: 0.1690, Val Loss: 0.0536, Val Dice: 0.1652
2025-05-05 10:52:12,543 - INFO - New best model saved with validation loss: 0.0536
2025-05-05 10:52:14,760 - INFO - Epoch 38/60 - Train Loss: 0.0516, Train Dice: 0.1867, Val Loss: 0.0541, Val Dice: 0.1618
2025-05-05 10:52:14,761 - INFO - Early stopping counter: 1/5
2025-05-05 10:52:16,997 - INFO - Epoch 39/60 - Train Loss: 0.0525, Train Dice: 0.1750, Val Loss: 0.0534, Val Dice: 0.1756
2025-05-05 10:52:17,057 - INFO - New best model saved with validation loss: 0.0534
2025-05-05 10:52:19,283 - INFO - Epoch 40/60 - Train Loss: 0.0520, Train Dice: 0.1815, Val Loss: 0.0528, Val Dice: 0.1701
2025-05-05 10:52:20,263 - INFO - New best model saved with validation loss: 0.0528
2025-05-05 10:52:22,454 - INFO - Epoch 41/60 - Train Loss: 0.0510, Train Dice: 0.1827, Val Loss: 0.0507, Val Dice: 0.1820
2025-05-05 10:52:22,527 - INFO - New best model saved with validation loss: 0.0507
2025-05-05 10:52:24,715 - INFO - Epoch 42/60 - Train Loss: 0.0497, Train Dice: 0.1996, Val Loss: 0.0525, Val Dice: 0.1828
2025-05-05 10:52:24,715 - INFO - Early stopping counter: 1/5
2025-05-05 10:52:26,898 - INFO - Epoch 43/60 - Train Loss: 0.0498, Train Dice: 0.1994, Val Loss: 0.0513, Val Dice: 0.1913
2025-05-05 10:52:26,898 - INFO - Early stopping counter: 2/5
2025-05-05 10:52:29,077 - INFO - Epoch 44/60 - Train Loss: 0.0501, Train Dice: 0.1999, Val Loss: 0.0505, Val Dice: 0.1896
2025-05-05 10:52:29,146 - INFO - New best model saved with validation loss: 0.0505
2025-05-05 10:52:31,431 - INFO - Epoch 45/60 - Train Loss: 0.0484, Train Dice: 0.2100, Val Loss: 0.0499, Val Dice: 0.1847
2025-05-05 10:52:32,340 - INFO - New best model saved with validation loss: 0.0499
2025-05-05 10:52:34,679 - INFO - Epoch 46/60 - Train Loss: 0.0468, Train Dice: 0.2157, Val Loss: 0.0505, Val Dice: 0.1927
2025-05-05 10:52:34,679 - INFO - Early stopping counter: 1/5
2025-05-05 10:52:36,929 - INFO - Epoch 47/60 - Train Loss: 0.0484, Train Dice: 0.2111, Val Loss: 0.0501, Val Dice: 0.1937
2025-05-05 10:52:36,929 - INFO - Early stopping counter: 2/5
2025-05-05 10:52:39,139 - INFO - Epoch 48/60 - Train Loss: 0.0493, Train Dice: 0.1971, Val Loss: 0.0503, Val Dice: 0.1949
2025-05-05 10:52:39,139 - INFO - Early stopping counter: 3/5
2025-05-05 10:52:41,401 - INFO - Epoch 49/60 - Train Loss: 0.0498, Train Dice: 0.1910, Val Loss: 0.0498, Val Dice: 0.1834
2025-05-05 10:52:41,466 - INFO - New best model saved with validation loss: 0.0498
2025-05-05 10:52:43,715 - INFO - Epoch 50/60 - Train Loss: 0.0481, Train Dice: 0.2033, Val Loss: 0.0527, Val Dice: 0.1764
2025-05-05 10:52:44,604 - INFO - Early stopping counter: 1/5
2025-05-05 10:52:46,782 - INFO - Epoch 51/60 - Train Loss: 0.0481, Train Dice: 0.2113, Val Loss: 0.0501, Val Dice: 0.2016
2025-05-05 10:52:46,782 - INFO - Early stopping counter: 2/5
2025-05-05 10:52:48,947 - INFO - Epoch 52/60 - Train Loss: 0.0477, Train Dice: 0.2038, Val Loss: 0.0495, Val Dice: 0.1895
2025-05-05 10:52:49,016 - INFO - New best model saved with validation loss: 0.0495
2025-05-05 10:52:51,179 - INFO - Epoch 53/60 - Train Loss: 0.0476, Train Dice: 0.2064, Val Loss: 0.0478, Val Dice: 0.2044
2025-05-05 10:52:51,247 - INFO - New best model saved with validation loss: 0.0478
2025-05-05 10:52:53,443 - INFO - Epoch 54/60 - Train Loss: 0.0472, Train Dice: 0.2065, Val Loss: 0.0473, Val Dice: 0.2096
2025-05-05 10:52:53,513 - INFO - New best model saved with validation loss: 0.0473
2025-05-05 10:52:55,764 - INFO - Epoch 55/60 - Train Loss: 0.0449, Train Dice: 0.2256, Val Loss: 0.0479, Val Dice: 0.2074
2025-05-05 10:52:56,575 - INFO - Early stopping counter: 1/5
2025-05-05 10:52:58,750 - INFO - Epoch 56/60 - Train Loss: 0.0471, Train Dice: 0.2190, Val Loss: 0.0482, Val Dice: 0.2081
2025-05-05 10:52:58,750 - INFO - Early stopping counter: 2/5
2025-05-05 10:53:00,971 - INFO - Epoch 57/60 - Train Loss: 0.0456, Train Dice: 0.2194, Val Loss: 0.0485, Val Dice: 0.1960
2025-05-05 10:53:00,971 - INFO - Early stopping counter: 3/5
2025-05-05 10:53:03,207 - INFO - Epoch 58/60 - Train Loss: 0.0463, Train Dice: 0.2065, Val Loss: 0.0475, Val Dice: 0.2120
2025-05-05 10:53:03,207 - INFO - Early stopping counter: 4/5
2025-05-05 10:53:05,408 - INFO - Epoch 59/60 - Train Loss: 0.0459, Train Dice: 0.2281, Val Loss: 0.0469, Val Dice: 0.2067
2025-05-05 10:53:05,481 - INFO - New best model saved with validation loss: 0.0469
2025-05-05 10:53:07,667 - INFO - Epoch 60/60 - Train Loss: 0.0456, Train Dice: 0.2287, Val Loss: 0.0460, Val Dice: 0.2228
2025-05-05 10:53:08,536 - INFO - New best model saved with validation loss: 0.0460
2025-05-05 10:53:08,536 - INFO - Training completed in 0:02:25.104343
2025-05-05 10:53:08,567 - INFO - Final model saved to output_lite/final_model.pth
2025-05-05 10:54:37,343 - INFO - Using device: cuda
2025-05-05 10:54:37,344 - INFO - Found 222 images and 222 masks
2025-05-05 10:54:37,518 - INFO - Model parameters: 4,286,497
2025-05-05 10:54:38,082 - INFO - Starting lightweight model training at 2025-05-05 10:54:38.082314
2025-05-05 10:54:40,757 - INFO - Epoch 1/100 - Train Loss: 0.6008, Train Dice: 0.0326, Val Loss: 0.6502, Val Dice: 0.0309
2025-05-05 10:54:40,788 - INFO - New best model saved with validation loss: 0.6502
2025-05-05 10:54:42,942 - INFO - Epoch 2/100 - Train Loss: 0.5958, Train Dice: 0.0326, Val Loss: 0.5982, Val Dice: 0.0309
2025-05-05 10:54:43,010 - INFO - New best model saved with validation loss: 0.5982
2025-05-05 10:54:45,165 - INFO - Epoch 3/100 - Train Loss: 0.5894, Train Dice: 0.0335, Val Loss: 0.5720, Val Dice: 0.0314
2025-05-05 10:54:45,236 - INFO - New best model saved with validation loss: 0.5720
2025-05-05 10:54:47,387 - INFO - Epoch 4/100 - Train Loss: 0.5864, Train Dice: 0.0321, Val Loss: 0.5763, Val Dice: 0.0317
2025-05-05 10:54:47,388 - INFO - Early stopping counter: 1/5
2025-05-05 10:54:49,550 - INFO - Epoch 5/100 - Train Loss: 0.5812, Train Dice: 0.0324, Val Loss: 0.5754, Val Dice: 0.0323
2025-05-05 10:54:50,443 - INFO - Early stopping counter: 2/5
2025-05-05 10:54:52,606 - INFO - Epoch 6/100 - Train Loss: 0.5785, Train Dice: 0.0332, Val Loss: 0.5756, Val Dice: 0.0328
2025-05-05 10:54:52,606 - INFO - Early stopping counter: 3/5
2025-05-05 10:54:54,769 - INFO - Epoch 7/100 - Train Loss: 0.5739, Train Dice: 0.0331, Val Loss: 0.5777, Val Dice: 0.0331
2025-05-05 10:54:54,770 - INFO - Early stopping counter: 4/5
2025-05-05 10:54:56,922 - INFO - Epoch 8/100 - Train Loss: 0.5733, Train Dice: 0.0335, Val Loss: 0.5760, Val Dice: 0.0333
2025-05-05 10:54:56,922 - INFO - Early stopping counter: 5/5
2025-05-05 10:54:56,922 - INFO - Early stopping triggered
2025-05-05 10:54:56,922 - INFO - Early stopping triggered
2025-05-05 10:54:56,922 - INFO - Training completed in 0:00:18.840591
2025-05-05 10:54:56,951 - INFO - Final model saved to output_lite/final_model.pth
2025-05-05 10:55:44,902 - INFO - Using device: cuda
2025-05-05 10:55:44,904 - INFO - Found 222 images and 222 masks
2025-05-05 10:55:45,036 - INFO - Model parameters: 4,286,497
2025-05-05 10:55:45,493 - INFO - Starting lightweight model training at 2025-05-05 10:55:45.493030
2025-05-05 10:55:48,090 - INFO - Epoch 1/100 - Train Loss: 0.5213, Train Dice: 0.0354, Val Loss: 0.6009, Val Dice: 0.0309
2025-05-05 10:55:48,122 - INFO - New best model saved with validation loss: 0.6009
2025-05-05 10:55:50,266 - INFO - Epoch 2/100 - Train Loss: 0.4097, Train Dice: 0.0364, Val Loss: 0.4575, Val Dice: 0.0311
2025-05-05 10:55:50,333 - INFO - New best model saved with validation loss: 0.4575
2025-05-05 10:55:52,492 - INFO - Epoch 3/100 - Train Loss: 0.3339, Train Dice: 0.0388, Val Loss: 0.3560, Val Dice: 0.0324
2025-05-05 10:55:52,557 - INFO - New best model saved with validation loss: 0.3560
2025-05-05 10:55:54,722 - INFO - Epoch 4/100 - Train Loss: 0.2783, Train Dice: 0.0370, Val Loss: 0.2795, Val Dice: 0.0339
2025-05-05 10:55:54,791 - INFO - New best model saved with validation loss: 0.2795
2025-05-05 10:55:56,941 - INFO - Epoch 5/100 - Train Loss: 0.2380, Train Dice: 0.0369, Val Loss: 0.2205, Val Dice: 0.0360
2025-05-05 10:55:57,888 - INFO - New best model saved with validation loss: 0.2205
2025-05-05 10:56:00,046 - INFO - Epoch 6/100 - Train Loss: 0.2080, Train Dice: 0.0387, Val Loss: 0.1941, Val Dice: 0.0402
2025-05-05 10:56:00,116 - INFO - New best model saved with validation loss: 0.1941
2025-05-05 10:56:02,280 - INFO - Epoch 7/100 - Train Loss: 0.1841, Train Dice: 0.0394, Val Loss: 0.1707, Val Dice: 0.0425
2025-05-05 10:56:02,338 - INFO - New best model saved with validation loss: 0.1707
2025-05-05 10:56:04,490 - INFO - Epoch 8/100 - Train Loss: 0.1644, Train Dice: 0.0426, Val Loss: 0.1562, Val Dice: 0.0426
2025-05-05 10:56:04,558 - INFO - New best model saved with validation loss: 0.1562
2025-05-05 10:56:06,819 - INFO - Epoch 9/100 - Train Loss: 0.1485, Train Dice: 0.0472, Val Loss: 0.1420, Val Dice: 0.0508
2025-05-05 10:56:06,879 - INFO - New best model saved with validation loss: 0.1420
2025-05-05 10:56:09,089 - INFO - Epoch 10/100 - Train Loss: 0.1348, Train Dice: 0.0562, Val Loss: 0.1269, Val Dice: 0.0585
2025-05-05 10:56:09,958 - INFO - New best model saved with validation loss: 0.1269
2025-05-05 10:56:12,117 - INFO - Epoch 11/100 - Train Loss: 0.1241, Train Dice: 0.0600, Val Loss: 0.1194, Val Dice: 0.0611
2025-05-05 10:56:12,185 - INFO - New best model saved with validation loss: 0.1194
2025-05-05 10:56:14,364 - INFO - Epoch 12/100 - Train Loss: 0.1146, Train Dice: 0.0681, Val Loss: 0.1100, Val Dice: 0.0712
2025-05-05 10:56:14,432 - INFO - New best model saved with validation loss: 0.1100
2025-05-05 10:56:16,639 - INFO - Epoch 13/100 - Train Loss: 0.1074, Train Dice: 0.0729, Val Loss: 0.1011, Val Dice: 0.0754
2025-05-05 10:56:16,700 - INFO - New best model saved with validation loss: 0.1011
2025-05-05 10:56:18,859 - INFO - Epoch 14/100 - Train Loss: 0.0997, Train Dice: 0.0790, Val Loss: 0.0934, Val Dice: 0.0730
2025-05-05 10:56:18,924 - INFO - New best model saved with validation loss: 0.0934
2025-05-05 10:56:21,109 - INFO - Epoch 15/100 - Train Loss: 0.0938, Train Dice: 0.0876, Val Loss: 0.0875, Val Dice: 0.0828
2025-05-05 10:56:22,068 - INFO - New best model saved with validation loss: 0.0875
2025-05-05 10:56:24,231 - INFO - Epoch 16/100 - Train Loss: 0.0897, Train Dice: 0.0896, Val Loss: 0.0898, Val Dice: 0.0890
2025-05-05 10:56:24,231 - INFO - Early stopping counter: 1/5
2025-05-05 10:56:26,406 - INFO - Epoch 17/100 - Train Loss: 0.0848, Train Dice: 0.0944, Val Loss: 0.0820, Val Dice: 0.0942
2025-05-05 10:56:26,464 - INFO - New best model saved with validation loss: 0.0820
2025-05-05 10:56:28,626 - INFO - Epoch 18/100 - Train Loss: 0.0818, Train Dice: 0.0996, Val Loss: 0.0803, Val Dice: 0.0895
2025-05-05 10:56:28,686 - INFO - New best model saved with validation loss: 0.0803
2025-05-05 10:56:30,847 - INFO - Epoch 19/100 - Train Loss: 0.0779, Train Dice: 0.1016, Val Loss: 0.0768, Val Dice: 0.1034
2025-05-05 10:56:30,915 - INFO - New best model saved with validation loss: 0.0768
2025-05-05 10:56:33,096 - INFO - Epoch 20/100 - Train Loss: 0.0756, Train Dice: 0.1015, Val Loss: 0.0718, Val Dice: 0.0964
2025-05-05 10:56:34,051 - INFO - New best model saved with validation loss: 0.0718
2025-05-05 10:56:36,215 - INFO - Epoch 21/100 - Train Loss: 0.0729, Train Dice: 0.1161, Val Loss: 0.0734, Val Dice: 0.1038
2025-05-05 10:56:36,215 - INFO - Early stopping counter: 1/5
2025-05-05 10:56:38,409 - INFO - Epoch 22/100 - Train Loss: 0.0703, Train Dice: 0.1227, Val Loss: 0.0689, Val Dice: 0.1135
2025-05-05 10:56:38,471 - INFO - New best model saved with validation loss: 0.0689
2025-05-05 10:56:40,665 - INFO - Epoch 23/100 - Train Loss: 0.0690, Train Dice: 0.1235, Val Loss: 0.0675, Val Dice: 0.1128
2025-05-05 10:56:40,735 - INFO - New best model saved with validation loss: 0.0675
2025-05-05 10:56:42,930 - INFO - Epoch 24/100 - Train Loss: 0.0661, Train Dice: 0.1342, Val Loss: 0.0658, Val Dice: 0.1258
2025-05-05 10:56:42,996 - INFO - New best model saved with validation loss: 0.0658
2025-05-05 10:56:45,162 - INFO - Epoch 25/100 - Train Loss: 0.0650, Train Dice: 0.1357, Val Loss: 0.0665, Val Dice: 0.1275
2025-05-05 10:56:46,065 - INFO - Early stopping counter: 1/5
2025-05-05 10:56:48,234 - INFO - Epoch 26/100 - Train Loss: 0.0646, Train Dice: 0.1305, Val Loss: 0.0649, Val Dice: 0.1219
2025-05-05 10:56:48,302 - INFO - New best model saved with validation loss: 0.0649
2025-05-05 10:56:50,525 - INFO - Epoch 27/100 - Train Loss: 0.0616, Train Dice: 0.1438, Val Loss: 0.0619, Val Dice: 0.1341
2025-05-05 10:56:50,591 - INFO - New best model saved with validation loss: 0.0619
2025-05-05 10:56:52,765 - INFO - Epoch 28/100 - Train Loss: 0.0600, Train Dice: 0.1490, Val Loss: 0.0624, Val Dice: 0.1382
2025-05-05 10:56:52,765 - INFO - Early stopping counter: 1/5
2025-05-05 10:56:54,922 - INFO - Epoch 29/100 - Train Loss: 0.0591, Train Dice: 0.1535, Val Loss: 0.0588, Val Dice: 0.1414
2025-05-05 10:56:54,981 - INFO - New best model saved with validation loss: 0.0588
2025-05-05 10:56:57,193 - INFO - Epoch 30/100 - Train Loss: 0.0575, Train Dice: 0.1522, Val Loss: 0.0614, Val Dice: 0.1458
2025-05-05 10:56:57,982 - INFO - Early stopping counter: 1/5
2025-05-05 10:57:00,180 - INFO - Epoch 31/100 - Train Loss: 0.0573, Train Dice: 0.1622, Val Loss: 0.0587, Val Dice: 0.1527
2025-05-05 10:57:00,251 - INFO - New best model saved with validation loss: 0.0587
2025-05-05 10:57:02,507 - INFO - Epoch 32/100 - Train Loss: 0.0567, Train Dice: 0.1670, Val Loss: 0.0567, Val Dice: 0.1546
2025-05-05 10:57:02,570 - INFO - New best model saved with validation loss: 0.0567
2025-05-05 10:57:04,772 - INFO - Epoch 33/100 - Train Loss: 0.0555, Train Dice: 0.1669, Val Loss: 0.0568, Val Dice: 0.1531
2025-05-05 10:57:04,773 - INFO - Early stopping counter: 1/5
2025-05-05 10:57:06,980 - INFO - Epoch 34/100 - Train Loss: 0.0564, Train Dice: 0.1596, Val Loss: 0.0574, Val Dice: 0.1418
2025-05-05 10:57:06,980 - INFO - Early stopping counter: 2/5
2025-05-05 10:57:09,163 - INFO - Epoch 35/100 - Train Loss: 0.0550, Train Dice: 0.1626, Val Loss: 0.0582, Val Dice: 0.1438
2025-05-05 10:57:09,958 - INFO - Early stopping counter: 3/5
2025-05-05 10:57:12,149 - INFO - Epoch 36/100 - Train Loss: 0.0536, Train Dice: 0.1791, Val Loss: 0.0538, Val Dice: 0.1670
2025-05-05 10:57:12,219 - INFO - New best model saved with validation loss: 0.0538
2025-05-05 10:57:14,457 - INFO - Epoch 37/100 - Train Loss: 0.0541, Train Dice: 0.1690, Val Loss: 0.0536, Val Dice: 0.1652
2025-05-05 10:57:14,531 - INFO - New best model saved with validation loss: 0.0536
2025-05-05 10:57:16,766 - INFO - Epoch 38/100 - Train Loss: 0.0516, Train Dice: 0.1867, Val Loss: 0.0541, Val Dice: 0.1618
2025-05-05 10:57:16,767 - INFO - Early stopping counter: 1/5
2025-05-05 10:57:18,968 - INFO - Epoch 39/100 - Train Loss: 0.0525, Train Dice: 0.1750, Val Loss: 0.0534, Val Dice: 0.1756
2025-05-05 10:57:19,039 - INFO - New best model saved with validation loss: 0.0534
2025-05-05 10:57:21,284 - INFO - Epoch 40/100 - Train Loss: 0.0520, Train Dice: 0.1815, Val Loss: 0.0528, Val Dice: 0.1701
2025-05-05 10:57:22,322 - INFO - New best model saved with validation loss: 0.0528
2025-05-05 10:57:24,558 - INFO - Epoch 41/100 - Train Loss: 0.0510, Train Dice: 0.1827, Val Loss: 0.0507, Val Dice: 0.1820
2025-05-05 10:57:24,627 - INFO - New best model saved with validation loss: 0.0507
2025-05-05 10:57:26,818 - INFO - Epoch 42/100 - Train Loss: 0.0497, Train Dice: 0.1996, Val Loss: 0.0525, Val Dice: 0.1828
2025-05-05 10:57:26,819 - INFO - Early stopping counter: 1/5
2025-05-05 10:57:29,015 - INFO - Epoch 43/100 - Train Loss: 0.0498, Train Dice: 0.1994, Val Loss: 0.0513, Val Dice: 0.1913
2025-05-05 10:57:29,015 - INFO - Early stopping counter: 2/5
2025-05-05 10:57:31,255 - INFO - Epoch 44/100 - Train Loss: 0.0501, Train Dice: 0.1999, Val Loss: 0.0505, Val Dice: 0.1896
2025-05-05 10:57:31,315 - INFO - New best model saved with validation loss: 0.0505
2025-05-05 10:57:33,482 - INFO - Epoch 45/100 - Train Loss: 0.0484, Train Dice: 0.2100, Val Loss: 0.0499, Val Dice: 0.1847
2025-05-05 10:57:34,398 - INFO - New best model saved with validation loss: 0.0499
2025-05-05 10:57:36,591 - INFO - Epoch 46/100 - Train Loss: 0.0468, Train Dice: 0.2157, Val Loss: 0.0505, Val Dice: 0.1927
2025-05-05 10:57:36,592 - INFO - Early stopping counter: 1/5
2025-05-05 10:57:38,782 - INFO - Epoch 47/100 - Train Loss: 0.0484, Train Dice: 0.2111, Val Loss: 0.0501, Val Dice: 0.1937
2025-05-05 10:57:38,782 - INFO - Early stopping counter: 2/5
2025-05-05 10:57:40,954 - INFO - Epoch 48/100 - Train Loss: 0.0493, Train Dice: 0.1971, Val Loss: 0.0503, Val Dice: 0.1949
2025-05-05 10:57:40,954 - INFO - Early stopping counter: 3/5
2025-05-05 10:57:43,129 - INFO - Epoch 49/100 - Train Loss: 0.0498, Train Dice: 0.1910, Val Loss: 0.0498, Val Dice: 0.1834
2025-05-05 10:57:43,198 - INFO - New best model saved with validation loss: 0.0498
2025-05-05 10:57:45,378 - INFO - Epoch 50/100 - Train Loss: 0.0481, Train Dice: 0.2033, Val Loss: 0.0527, Val Dice: 0.1764
2025-05-05 10:57:46,318 - INFO - Early stopping counter: 1/5
2025-05-05 10:57:48,504 - INFO - Epoch 51/100 - Train Loss: 0.0481, Train Dice: 0.2113, Val Loss: 0.0501, Val Dice: 0.2016
2025-05-05 10:57:48,504 - INFO - Early stopping counter: 2/5
2025-05-05 10:57:50,697 - INFO - Epoch 52/100 - Train Loss: 0.0477, Train Dice: 0.2038, Val Loss: 0.0495, Val Dice: 0.1895
2025-05-05 10:57:50,776 - INFO - New best model saved with validation loss: 0.0495
2025-05-05 10:57:52,957 - INFO - Epoch 53/100 - Train Loss: 0.0476, Train Dice: 0.2064, Val Loss: 0.0478, Val Dice: 0.2044
2025-05-05 10:57:53,027 - INFO - New best model saved with validation loss: 0.0478
2025-05-05 10:57:55,294 - INFO - Epoch 54/100 - Train Loss: 0.0472, Train Dice: 0.2065, Val Loss: 0.0473, Val Dice: 0.2096
2025-05-05 10:57:55,374 - INFO - New best model saved with validation loss: 0.0473
2025-05-05 10:57:57,555 - INFO - Epoch 55/100 - Train Loss: 0.0449, Train Dice: 0.2256, Val Loss: 0.0479, Val Dice: 0.2074
2025-05-05 10:57:58,360 - INFO - Early stopping counter: 1/5
2025-05-05 10:58:00,534 - INFO - Epoch 56/100 - Train Loss: 0.0471, Train Dice: 0.2190, Val Loss: 0.0482, Val Dice: 0.2081
2025-05-05 10:58:00,535 - INFO - Early stopping counter: 2/5
2025-05-05 10:58:02,733 - INFO - Epoch 57/100 - Train Loss: 0.0456, Train Dice: 0.2194, Val Loss: 0.0485, Val Dice: 0.1960
2025-05-05 10:58:02,733 - INFO - Early stopping counter: 3/5
2025-05-05 10:58:04,915 - INFO - Epoch 58/100 - Train Loss: 0.0463, Train Dice: 0.2065, Val Loss: 0.0475, Val Dice: 0.2120
2025-05-05 10:58:04,915 - INFO - Early stopping counter: 4/5
2025-05-05 10:58:07,087 - INFO - Epoch 59/100 - Train Loss: 0.0459, Train Dice: 0.2281, Val Loss: 0.0469, Val Dice: 0.2067
2025-05-05 10:58:07,156 - INFO - New best model saved with validation loss: 0.0469
2025-05-05 10:58:09,372 - INFO - Epoch 60/100 - Train Loss: 0.0456, Train Dice: 0.2287, Val Loss: 0.0460, Val Dice: 0.2228
2025-05-05 10:58:10,357 - INFO - New best model saved with validation loss: 0.0460
2025-05-05 10:58:12,534 - INFO - Epoch 61/100 - Train Loss: 0.0435, Train Dice: 0.2382, Val Loss: 0.0463, Val Dice: 0.2110
2025-05-05 10:58:12,534 - INFO - Early stopping counter: 1/5
2025-05-05 10:58:14,754 - INFO - Epoch 62/100 - Train Loss: 0.0434, Train Dice: 0.2392, Val Loss: 0.0462, Val Dice: 0.2190
2025-05-05 10:58:14,754 - INFO - Early stopping counter: 2/5
2025-05-05 10:58:17,003 - INFO - Epoch 63/100 - Train Loss: 0.0460, Train Dice: 0.2327, Val Loss: 0.0466, Val Dice: 0.2142
2025-05-05 10:58:17,003 - INFO - Early stopping counter: 3/5
2025-05-05 10:58:19,274 - INFO - Epoch 64/100 - Train Loss: 0.0425, Train Dice: 0.2475, Val Loss: 0.0459, Val Dice: 0.2247
2025-05-05 10:58:19,354 - INFO - New best model saved with validation loss: 0.0459
2025-05-05 10:58:21,579 - INFO - Epoch 65/100 - Train Loss: 0.0421, Train Dice: 0.2587, Val Loss: 0.0464, Val Dice: 0.2193
2025-05-05 10:58:22,602 - INFO - Early stopping counter: 1/5
2025-05-05 10:58:24,841 - INFO - Epoch 66/100 - Train Loss: 0.0424, Train Dice: 0.2507, Val Loss: 0.0465, Val Dice: 0.2234
2025-05-05 10:58:24,841 - INFO - Early stopping counter: 2/5
2025-05-05 10:58:27,111 - INFO - Epoch 67/100 - Train Loss: 0.0409, Train Dice: 0.2630, Val Loss: 0.0453, Val Dice: 0.2213
2025-05-05 10:58:27,186 - INFO - New best model saved with validation loss: 0.0453
2025-05-05 10:58:29,395 - INFO - Epoch 68/100 - Train Loss: 0.0405, Train Dice: 0.2639, Val Loss: 0.0457, Val Dice: 0.2268
2025-05-05 10:58:29,395 - INFO - Early stopping counter: 1/5
2025-05-05 10:58:31,590 - INFO - Epoch 69/100 - Train Loss: 0.0407, Train Dice: 0.2652, Val Loss: 0.0456, Val Dice: 0.2299
2025-05-05 10:58:31,590 - INFO - Early stopping counter: 2/5
2025-05-05 10:58:33,772 - INFO - Epoch 70/100 - Train Loss: 0.0399, Train Dice: 0.2708, Val Loss: 0.0450, Val Dice: 0.2325
2025-05-05 10:58:34,787 - INFO - New best model saved with validation loss: 0.0450
2025-05-05 10:58:37,030 - INFO - Epoch 71/100 - Train Loss: 0.0398, Train Dice: 0.2740, Val Loss: 0.0461, Val Dice: 0.2292
2025-05-05 10:58:37,030 - INFO - Early stopping counter: 1/5
2025-05-05 10:58:39,199 - INFO - Epoch 72/100 - Train Loss: 0.0406, Train Dice: 0.2595, Val Loss: 0.0453, Val Dice: 0.2365
2025-05-05 10:58:39,199 - INFO - Early stopping counter: 2/5
2025-05-05 10:58:41,372 - INFO - Epoch 73/100 - Train Loss: 0.0395, Train Dice: 0.2682, Val Loss: 0.0456, Val Dice: 0.2335
2025-05-05 10:58:41,372 - INFO - Early stopping counter: 3/5
2025-05-05 10:58:43,578 - INFO - Epoch 74/100 - Train Loss: 0.0395, Train Dice: 0.2773, Val Loss: 0.0453, Val Dice: 0.2323
2025-05-05 10:58:43,578 - INFO - Early stopping counter: 4/5
2025-05-05 10:58:45,783 - INFO - Epoch 75/100 - Train Loss: 0.0390, Train Dice: 0.2785, Val Loss: 0.0454, Val Dice: 0.2335
2025-05-05 10:58:46,580 - INFO - Early stopping counter: 5/5
2025-05-05 10:58:46,580 - INFO - Early stopping triggered
2025-05-05 10:58:46,581 - INFO - Early stopping triggered
2025-05-05 10:58:46,581 - INFO - Training completed in 0:03:01.088050
2025-05-05 10:58:46,609 - INFO - Final model saved to output_lite/final_model.pth
